# 2026-02-24T07:41:33.883629+00:00  description=off  lines=1
+220 -20313

# 2026-02-24T07:41:41.977704+00:00  description=on  lines=1
+3489 -1732 +419 -1322 +416 -427 +451 -419 +449 -421 +447 -1295 +443 -399 +448 -422 +446 -424 +444 -426 +431 -1311 +418 -425 +443 -1300 +448 -1292 +446 -424 +444 -1298 +450 -1292 +446 -1295 +453 -1289 +449 -1293 +445 -425 +422 -421 +448 -1294 +450 -420 +452 -418 +450 -393 +444 -432 +447 -417 +451 -419 +418 -1324 +424 -1317 +420 -1321 +416 -1326 +422 -420 +448 -422 +446 -424 +444 -400 +447 -421 +447 -423 +445 -425 +422 -420 +448 -422 +446 -424 +423 -419 +449 -421 +452 -418 +444 -398 +449 -421 +447 -423 +445 -425 +422 -420 +448 -422 +446 -424 +444 -399 +448 -422 +447 -423 +444 -425 +422 -421 +453 -1288 +443 -427 +451 -419 +449 -393 +444 -426 +452 -418 +450 -393 +444 -8967

# 2026-02-24T07:41:54.017181+00:00  description=on  lines=1
+232 -16367 +3498 -1736 +436 -1297 +451 -419 +449 -421 +447 -396 +451 -1290 +448 -422 +446 -424 +444 -399 +448 -422 +446 -1295 +453 -418 +449 -1291 +447 -1295 +443 -427 +420 -1321 +416 -1326 +422 -1319 +419 -1323 +425 -1317 +421 -422 +446 -424 +444 -1297 +451 -419 +451 -392 +443 -427 +451 -419 +449 -422 +415 -426 +452 -418 +451 -420 +448 -395 +453 -417 +451 -419 +449 -395 +442 -427 +451 -419 +450 -420 +417 -426 +452 -418 +451 -419 +448 -394 +453 -417 +451 -420 +448 -421 +416 -427 +452 -1290 +448 -1294 +444 -426 +456 -421 +443 -1291 +446 -396 +451 -419 +449 -1292 +445 -1296 +452 -418 +450 -420 +428 -415 +452 -418 +450 -420 +418 -425 +445 -425 +451 -419 +449 -394 +444 -428 +450 -418 +450 -420 +417 -426 +452 -418 +450 -1291 +446 -1301 +446 -417 +451 -1291 +447 -396 +452 -418 +451 -419 +448 -422 +425 -418 +457 -419 +443 -421 +416 -427 +451 -419 +449 -421 +447 -396 +452 -418 +450 -420 +448 -422 +425 -418 +451 -419 +448 -422 +447 -396 +461 -415 +444 -421 +447 -423 +425 -418 +450 -420 +448 -422 +425 -417 +451 -420 +449 -422 +447 -396 +451 -419 +449 -421 +447 -423 +431 -418 +444 -420 +448 -422 +446 -397 +450 -420 +448 -422 +448 -422 +424 -419 +449 -421 +448 -426 +441 -398 +449 -420 +448 -422 +446 -403 +444 -420 +448 -422 +447 -423 +424 -419 +449 -421 +448 -422 +445 -398 +450 -420 +448 -427 +441 -1296 +452 -1289 +453 -419 +423 -417 +451 -419 +449 -421 +447 -399 +451 -416 +449 -421 +448 -395 +452 -418 +450 -420 +448 -422 +416 -427 +451 -419 +453 -418 +446 -396 +452 -418 +450 -420 +448 -422 +425 -1316 +421 -422 +447 -1295 +442 -427 +451 -419 +449 -393 +443 -11849

# 2026-02-24T07:42:11.479924+00:00  description=fan 1  lines=1
+346 -3570 +212 -17948

# 2026-02-24T07:42:23.994596+00:00  description=fan 2  lines=1
+488 -24115

# 2026-02-24T07:42:38.170628+00:00  description=fan 5  lines=1
+3494 -1729 +443 -1307 +440 -393 +444 -426 +452 -418 +450 -1291 +446 -424 +423 -419 +449 -421 +447 -423 +445 -1297 +451 -391 +445 -1296 +452 -1290 +448 -422 +446 -1295 +452 -1289 +449 -1293 +445 -1297 +451 -1290 +447 -423 +445 -397 +450 -1292 +446 -424 +444 -426 +453 -417 +419 -423 +445 -425 +443 -427 +451 -1291 +447 -1302 +436 -1299 +449 -1292 +445 -397 +450 -420 +448 -422 +446 -424 +424 -419 +449 -421 +447 -436 +432 -400 +447 -420 +448 -422 +446 -397 +452 -418 +448 -422 +447 -424 +424 -419 +449 -421 +447 -423 +446 -397 +450 -420 +448 -422 +446 -424 +423 -419 +456 -414 +447 -423 +445 -398 +450 -1292 +446 -424 +444 -426 +452 -391 +446 -424 +444 -426 +452 -417 +419 -12951

# 2026-02-24T07:42:56.052882+00:00  description=powerful  lines=1
+3501 -1726 +445 -1295 +453 -417 +451 -419 +449 -421 +431 -1310 +422 -420 +448 -423 +445 -424 +423 -419 +448 -1293 +444 -433 +445 -1289 +449 -1293 +445 -425 +443 -1299 +449 -1292 +445 -1296 +454 -1288 +448 -1293 +444 -399 +449 -422 +446 -1295 +443 -427 +451 -419 +418 -424 +443 -426 +452 -418 +450 -393 +444 -431 +448 -418 +450 -419 +418 -425 +442 -428 +451 -419 +418 -425 +443 -426 +452 -418 +450 -393 +444 -426 +452 -418 +450 -1291 +446 -423 +426 -416 +449 -421 +447 -423 +445 -1296 +451 -1290 +447 -395 +452 -418 +450 -1291 +446 -424 +444 -426 +421 -1320 +417 -1324 +424 -419 +449 -424 +444 -423 +424 -418 +450 -427 +441 -433 +435 -397 +451 -419 +449 -421 +447 -423 +424 -419 +450 -420 +448 -422 +446 -396 +451 -1291 +452 -1289 +443 -428 +451 -1290 +447 -422 +445 -425 +423 -420 +448 -422 +446 -424 +444 -399 +451 -419 +447 -423 +445 -398 +450 -423 +445 -422 +446 -424 +423 -419 +449 -421 +447 -423 +445 -398 +449 -421 +448 -422 +445 -424 +423 -420 +448 -428 +440 -435 +433 -399 +449 -421 +452 -418 +445 -398 +449 -420 +448 -426 +441 -425 +423 -420 +448 -422 +446 -424 +444 -399 +449 -421 +447 -423 +445 -425 +422 -420 +448 -422 +445 -424 +454 -389 +448 -422 +446 -424 +451 -391 +449 -421 +447 -423 +445 -429 +419 -420 +448 -422 +445 -425 +443 -399 +448 -422 +446 -424 +444 -426 +422 -421 +447 -1295 +443 -1299 +449 -421 +448 -423 +446 -397 +450 -420 +449 -421 +446 -424 +423 -419 +449 -421 +447 -423 +424 -418 +450 -420 +448 -422 +446 -397 +450 -420 +448 -421 +447 -423 +424 -1317 +420 -423 +445 -1296 +452 -418 +450 -1292 +451 -419 +443 -399 +449 -421 +447 -24053

# 2026-02-24T07:43:10.658791+00:00  description=powerful off  lines=1
+199 -25733

# 2026-02-24T07:43:55.679733+00:00  description=cool  lines=1
+337 -22427

# 2026-02-24T07:44:04.797491+00:00  description=heat  lines=1
+216 -23399

# 2026-02-24T07:44:14.550442+00:00  description=fanmode  lines=1
+564 -3283 +369 -2905 +280 -13197

# 2026-02-24T07:44:36.007721+00:00  description=fanmode  lines=1
+236 -15381 +974 -7217

