# ir_capture log — 2026-02-24T14:37:44.861660+00:00
# device: /dev/lirc1
# command: ir-ctl -d /dev/lirc1 --receive --mode2 --measure-carrier
#
# --- features ---
# Receive features /dev/lirc1:
#  - Device can receive raw IR
#  - Can report decoded scancodes and protocol
#  - Receiving timeout 5000 microseconds
#  - Can set receiving timeout min 1 microseconds, max 1250000 microseconds
# Send features /dev/lirc1:
#  - Device cannot send
# --- end features ---

# 2026-02-24T14:38:00.437491+00:00  description=off->on
pulse 3498
space 1725
pulse 443
space 1325
pulse 423
space 400
pulse 437
space 425
pulse 443
space 427
pulse 455
space 1287
pulse 448
space 428
pulse 417
space 420
pulse 450
space 419
pulse 449
space 421
pulse 416
space 1325
pulse 423
space 447
pulse 422
space 1292
pulse 444
space 1324
pulse 424
space 448
pulse 420
space 1293
pulse 452
space 1316
pulse 425
space 1289
pulse 448
space 1294
pulse 444
space 1297
pulse 451
space 419
pulse 449
space 421
pulse 416
space 1298
pulse 450
space 447
pulse 428
space 442
pulse 419
space 451
pulse 397
space 446
pulse 422
space 448
pulse 420
space 450
pulse 418
space 1296
pulse 452
space 1298
pulse 440
space 1293
pulse 446
space 1322
pulse 432
space 417
pulse 418
space 446
pulse 416
space 427
pulse 452
space 418
pulse 419
space 451
pulse 417
space 453
pulse 415
space 456
pulse 391
space 450
pulse 419
space 451
pulse 416
space 427
pulse 452
space 419
pulse 418
space 451
pulse 417
space 453
pulse 416
space 454
pulse 397
space 446
pulse 418
space 452
pulse 416
space 427
pulse 452
space 418
pulse 419
space 424
pulse 447
space 452
pulse 417
space 452
pulse 392
space 450
pulse 418
space 462
pulse 415
space 446
pulse 425
space 418
pulse 419
space 1302
pulse 436
space 455
pulse 424
space 419
pulse 449
space 421
pulse 416
space 453
pulse 425
space 448
pulse 428
space 439
pulse 390
timeout 7332
pulse 3498
space 1727
pulse 446
space 1295
pulse 442
space 455
pulse 423
space 446
pulse 421
space 422
pulse 416
space 1302
pulse 446
space 448
pulse 420
space 422
pulse 448
space 450
pulse 396
space 447
pulse 421
space 1293
pulse 445
space 452
pulse 416
space 1299
pulse 449
space 1293
pulse 445
space 452
pulse 416
space 1298
pulse 450
space 1291
pulse 449
space 1293
pulse 443
space 1328
pulse 420
space 1292
pulse 450
space 393
pulse 449
space 448
pulse 421
space 1300
pulse 437
space 426
pulse 442
space 455
pulse 392
space 423
pulse 446
space 452
pulse 415
space 457
pulse 421
space 418
pulse 418
space 452
pulse 417
space 426
pulse 442
space 433
pulse 418
space 448
pulse 417
space 452
pulse 416
space 454
pulse 393
space 450
pulse 419
space 451
pulse 417
space 426
pulse 443
space 429
pulse 428
space 440
pulse 417
space 456
pulse 418
space 1292
pulse 449
space 450
pulse 387
space 454
pulse 425
space 445
pulse 423
space 447
pulse 421
space 1320
pulse 417
space 1297
pulse 451
space 427
pulse 411
space 424
pulse 443
space 1325
pulse 423
space 421
pulse 447
space 422
pulse 415
space 1326
pulse 422
space 1320
pulse 418
space 425
pulse 443
space 472
pulse 406
space 446
pulse 392
space 451
pulse 417
space 453
pulse 415
space 455
pulse 423
space 424
pulse 414
space 452
pulse 416
space 455
pulse 423
space 446
pulse 391
space 452
pulse 417
space 453
pulse 414
space 456
pulse 423
space 420
pulse 417
space 1297
pulse 451
space 1290
pulse 448
space 1294
pulse 447
space 422
pulse 442
space 428
pulse 450
space 447
pulse 390
space 431
pulse 438
space 454
pulse 424
space 419
pulse 418
space 454
pulse 414
space 427
pulse 452
space 446
pulse 423
space 392
pulse 444
space 463
pulse 406
space 476
pulse 406
space 443
pulse 393
space 449
pulse 421
space 449
pulse 426
space 417
pulse 450
space 420
pulse 417
space 453
pulse 415
space 456
pulse 422
space 446
pulse 391
space 452
pulse 416
space 454
pulse 424
space 446
pulse 393
space 450
pulse 417
space 461
pulse 407
space 455
pulse 424
space 422
pulse 416
space 452
pulse 416
space 455
pulse 424
space 445
pulse 391
space 451
pulse 417
space 453
pulse 416
space 458
pulse 419
space 419
pulse 418
space 453
pulse 418
space 451
pulse 424
space 446
pulse 391
space 451
pulse 430
space 440
pulse 415
space 455
pulse 423
space 419
pulse 418
space 452
pulse 416
space 454
pulse 424
space 418
pulse 419
space 453
pulse 418
space 451
pulse 415
space 463
pulse 385
space 453
pulse 416
space 451
pulse 416
space 454
pulse 425
space 419
pulse 427
space 442
pulse 417
space 453
pulse 415
space 454
pulse 393
space 452
pulse 417
space 1295
pulse 451
space 1290
pulse 448
space 431
pulse 438
space 424
pulse 444
space 426
pulse 421
space 421
pulse 447
space 450
pulse 418
space 425
pulse 423
space 420
pulse 448
space 450
pulse 419
space 451
pulse 396
space 453
pulse 417
space 446
pulse 420
space 450
pulse 418
space 425
pulse 423
space 447
pulse 421
# stderr: /dev/lirc1: device cannot measure carrier

