# ir_capture log — 2026-06-05T01:11:51.038751+00:00
# device: /dev/lirc1
# command: ir-ctl -d /dev/lirc1 --receive --mode2 --timeout 200000
#
# --- features ---
# Receive features /dev/lirc1:
#  - Device can receive raw IR
#  - Can report decoded scancodes and protocol
#  - Receiving timeout 200000 microseconds
#  - Can set receiving timeout min 1 microseconds, max 1250000 microseconds
# Send features /dev/lirc1:
#  - Device cannot send
# --- end features ---

# 2026-06-05T01:11:51.042679+00:00  description=office-pico-fixed-cool-on-off
pulse 4518
space 4488
pulse 623
space 1662
pulse 593
space 538
pulse 589
space 1662
pulse 592
space 1658
pulse 596
space 534
pulse 594
space 536
pulse 598
space 1652
pulse 592
space 553
pulse 625
space 546
pulse 592
space 1654
pulse 589
space 542
pulse 647
space 484
pulse 643
space 1608
pulse 595
space 1655
pulse 589
space 542
pulse 596
space 1668
pulse 627
space 537
pulse 589
space 541
pulse 595
space 1655
pulse 589
space 1662
pulse 592
space 1658
pulse 596
space 1654
pulse 590
space 1661
pulse 593
space 1671
pulse 625
space 1660
pulse 594
space 1657
pulse 598
space 541
pulse 587
space 535
pulse 590
space 547
pulse 591
space 534
pulse 592
space 542
pulse 597
space 544
pulse 674
space 491
pulse 646
space 484
pulse 590
space 1663
pulse 591
space 536
pulse 590
space 542
pulse 594
space 534
pulse 593
space 539
pulse 587
space 556
pulse 624
space 1662
pulse 594
space 1663
pulse 590
space 533
pulse 592
space 1658
pulse 596
space 1654
pulse 596
space 1657
pulse 592
space 1655
pulse 598
space 1667
pulse 618
space 5186
pulse 4518
space 4493
pulse 627
space 1657
pulse 597
space 533
pulse 598
space 1653
pulse 597
space 1653
pulse 591
space 540
pulse 597
space 534
pulse 593
space 1657
pulse 597
space 547
pulse 683
space 484
pulse 590
space 1658
pulse 607
space 539
pulse 605
space 525
pulse 594
space 1656
pulse 598
space 1655
pulse 589
space 539
pulse 597
space 1666
pulse 619
space 545
pulse 592
space 551
pulse 586
space 1654
pulse 589
space 1660
pulse 595
space 1655
pulse 589
space 1662
pulse 593
space 1659
pulse 599
space 1664
pulse 628
space 1662
pulse 592
space 1653
pulse 591
space 539
pulse 649
space 482
pulse 596
space 534
pulse 589
space 541
pulse 596
space 535
pulse 591
space 553
pulse 677
space 487
pulse 598
space 532
pulse 646
space 1605
pulse 598
space 536
pulse 590
space 536
pulse 590
space 542
pulse 595
space 534
pulse 592
space 552
pulse 627
space 1658
pulse 597
space 1654
pulse 590
space 540
pulse 596
space 1654
pulse 590
space 1661
pulse 594
space 1657
pulse 598
space 1653
pulse 591
space 1673
pulse 626
timeout 216705
pulse 4569
space 4438
pulse 620
space 1663
pulse 592
space 539
pulse 598
space 1653
pulse 591
space 1659
pulse 595
space 535
pulse 653
space 478
pulse 597
space 1653
pulse 591
space 553
pulse 677
space 489
pulse 596
space 1657
pulse 588
space 540
pulse 595
space 535
pulse 592
space 1659
pulse 595
space 1655
pulse 589
space 542
pulse 647
space 1618
pulse 626
space 537
pulse 589
space 542
pulse 595
space 1655
pulse 589
space 1662
pulse 592
space 1658
pulse 596
space 534
pulse 592
space 1658
pulse 596
space 1668
pulse 628
space 1656
pulse 598
space 1653
pulse 592
space 539
pulse 597
space 533
pulse 593
space 537
pulse 589
space 1661
pulse 593
space 537
pulse 651
space 493
pulse 674
space 1610
pulse 593
space 1657
pulse 604
space 1647
pulse 591
space 539
pulse 597
space 533
pulse 594
space 537
pulse 589
space 541
pulse 595
space 549
pulse 619
space 544
pulse 592
space 538
pulse 588
space 542
pulse 595
space 1656
pulse 588
space 1662
pulse 592
space 1659
pulse 596
space 1655
pulse 588
space 1675
pulse 620
space 5190
pulse 4515
space 4490
pulse 621
space 1663
pulse 590
space 540
pulse 648
space 1602
pulse 590
space 1660
pulse 594
space 536
pulse 590
space 541
pulse 648
space 1603
pulse 589
space 555
pulse 624
space 540
pulse 596
space 1654
pulse 590
space 541
pulse 596
space 534
pulse 592
space 1659
pulse 595
space 1655
pulse 589
space 541
pulse 596
space 1668
pulse 627
space 539
pulse 587
space 541
pulse 596
space 1655
pulse 589
space 1661
pulse 593
space 1659
pulse 595
space 541
pulse 585
space 1657
pulse 597
space 1668
pulse 627
space 1656
pulse 598
space 1653
pulse 591
space 539
pulse 597
space 533
pulse 594
space 537
pulse 595
space 1655
pulse 593
space 537
pulse 590
space 555
pulse 624
space 1660
pulse 594
space 1656
pulse 598
space 1653
pulse 591
space 539
pulse 598
space 533
pulse 594
space 537
pulse 590
space 541
pulse 596
space 548
pulse 620
space 544
pulse 593
space 538
pulse 589
space 542
pulse 595
space 1656
pulse 588
space 1662
pulse 592
space 1658
pulse 596
space 1654
pulse 590
space 1674
pulse 621
timeout 218270

