# ir_capture log — 2026-06-05T12:59:30.740215+00:00
# device: /dev/lirc1
# command: ir-ctl -d /dev/lirc1 --receive --mode2
#
# --- features ---
# Receive features /dev/lirc1:
#  - Device can receive raw IR
#  - Can report decoded scancodes and protocol
#  - Receiving timeout 200000 microseconds
#  - Can set receiving timeout min 1 microseconds, max 1250000 microseconds
# Send features /dev/lirc1:
#  - Device cannot send
# --- end features ---

# 2026-06-05T12:59:51.365621+00:00  description=off -> on
pulse 4415
space 4415
pulse 570
space 1586
pulse 566
space 512
pulse 563
space 1592
pulse 573
space 1582
pulse 567
space 512
pulse 564
space 540
pulse 546
space 1582
pulse 570
space 534
pulse 541
space 537
pulse 542
space 1591
pulse 568
space 505
pulse 570
space 534
pulse 542
space 1586
pulse 565
space 1590
pulse 573
space 531
pulse 550
space 1579
pulse 568
space 1588
pulse 565
space 540
pulse 546
space 532
pulse 544
space 1585
pulse 573
space 1582
pulse 564
space 1591
pulse 571
space 1584
pulse 568
space 1587
pulse 571
space 506
pulse 573
space 1581
pulse 570
space 1585
pulse 567
space 511
pulse 565
space 539
pulse 546
space 531
pulse 544
space 533
pulse 542
space 535
pulse 540
space 537
pulse 538
space 1589
pulse 573
space 1582
pulse 570
space 508
pulse 568
space 536
pulse 539
space 538
pulse 537
space 540
pulse 546
space 531
pulse 544
space 1584
pulse 568
space 510
pulse 566
space 538
pulse 538
space 1590
pulse 571
space 1583
pulse 569
space 1586
pulse 566
space 1590
pulse 573
space 1584
pulse 567
space 5190
pulse 4417
space 4421
pulse 567
space 1588
pulse 564
space 514
pulse 572
space 1583
pulse 569
space 1586
pulse 566
space 512
pulse 563
space 540
pulse 545
space 1583
pulse 569
space 513
pulse 562
space 537
pulse 538
space 1590
pulse 572
space 506
pulse 569
space 534
pulse 541
space 1587
pulse 565
space 1590
pulse 572
space 506
pulse 569
space 1585
pulse 567
space 1588
pulse 565
space 513
pulse 574
space 529
pulse 544
space 1584
pulse 568
space 1588
pulse 564
space 1591
pulse 571
space 1584
pulse 568
space 1587
pulse 565
space 513
pulse 573
space 1582
pulse 570
space 1585
pulse 570
space 507
pulse 564
space 539
pulse 546
space 531
pulse 544
space 533
pulse 543
space 508
pulse 567
space 536
pulse 539
space 1589
pulse 573
space 1584
pulse 568
space 508
pulse 567
space 537
pulse 539
space 543
pulse 532
space 540
pulse 545
space 532
pulse 543
space 1585
pulse 573
space 504
pulse 565
space 539
pulse 547
space 1581
pulse 571
space 1585
pulse 567
space 1589
pulse 574
space 1587
pulse 565
space 1585
pulse 567
space 5192
pulse 4414
space 4422
pulse 567
space 1589
pulse 573
space 1582
pulse 570
space 508
pulse 568
space 1588
pulse 569
space 509
pulse 578
space 1577
pulse 569
space 509
pulse 566
space 1588
pulse 563
space 514
pulse 572
space 532
pulse 575
space 1555
pulse 566
space 511
pulse 565
space 1591
pulse 571
space 506
pulse 600
space 477
pulse 598
space 505
pulse 570
space 507
pulse 569
space 508
pulse 567
space 1561
pulse 570
space 508
pulse 599
space 479
pulse 597
space 507
pulse 568
space 509
pulse 567
space 484
pulse 591
space 512
pulse 573
space 504
pulse 571
space 506
pulse 573
space 504
pulse 568
space 509
pulse 566
space 511
pulse 575
space 504
pulse 572
space 1556
pulse 596
space 481
pulse 594
space 510
pulse 568
space 509
pulse 578
space 502
pulse 569
space 505
pulse 570
space 507
pulse 568
space 510
pulse 566
space 512
pulse 574
space 503
pulse 572
space 505
pulse 570
space 507
pulse 574
space 1555
pulse 592
space 1563
pulse 599
space 1556
pulse 596
space 1560
pulse 598
space 480
pulse 600
timeout 215015

# 2026-06-05T13:00:28.182113+00:00  description=on 71 -> on 72
pulse 4404
space 4426
pulse 573
space 1583
pulse 569
space 535
pulse 540
space 1588
pulse 574
space 1582
pulse 570
space 534
pulse 545
space 532
pulse 539
space 1589
pulse 573
space 531
pulse 544
space 533
pulse 542
space 1586
pulse 566
space 538
pulse 547
space 530
pulse 546
space 1585
pulse 567
space 1586
pulse 565
space 538
pulse 547
space 1582
pulse 570
space 1585
pulse 568
space 541
pulse 534
space 538
pulse 548
space 1580
pulse 572
space 1583
pulse 569
space 1587
pulse 565
space 1590
pulse 575
space 1580
pulse 569
space 535
pulse 540
space 1589
pulse 574
space 1581
pulse 571
space 533
pulse 542
space 535
pulse 542
space 537
pulse 537
space 537
pulse 548
space 529
pulse 546
space 531
pulse 545
space 1583
pulse 569
space 1586
pulse 566
space 1588
pulse 574
space 530
pulse 546
space 531
pulse 544
space 533
pulse 542
space 534
pulse 541
space 1586
pulse 565
space 538
pulse 547
space 530
pulse 546
space 534
pulse 541
space 1584
pulse 568
space 1587
pulse 565
space 1590
pulse 573
space 1583
pulse 569
space 5191
pulse 4415
space 4418
pulse 570
space 1585
pulse 567
space 537
pulse 539
space 1589
pulse 573
space 1582
pulse 570
space 533
pulse 543
space 534
pulse 540
space 1587
pulse 565
space 539
pulse 546
space 530
pulse 545
space 1583
pulse 570
space 535
pulse 548
space 530
pulse 537
space 1592
pulse 571
space 1580
pulse 571
space 532
pulse 543
space 1585
pulse 567
space 1588
pulse 574
space 530
pulse 546
space 531
pulse 544
space 1584
pulse 568
space 1586
pulse 565
space 1590
pulse 573
space 1582
pulse 569
space 1585
pulse 566
space 537
pulse 538
space 1590
pulse 572
space 1582
pulse 570
space 534
pulse 541
space 535
pulse 540
space 537
pulse 538
space 539
pulse 547
space 530
pulse 545
space 531
pulse 544
space 1584
pulse 568
space 1587
pulse 565
space 1589
pulse 573
space 530
pulse 545
space 532
pulse 543
space 533
pulse 542
space 535
pulse 541
space 1587
pulse 565
space 542
pulse 544
space 530
pulse 546
space 531
pulse 544
space 1584
pulse 568
space 1586
pulse 565
space 1589
pulse 573
space 1582
pulse 572
space 5185
pulse 4409
space 4425
pulse 574
space 1580
pulse 571
space 1583
pulse 569
space 535
pulse 540
space 1588
pulse 574
space 529
pulse 546
space 1582
pulse 570
space 534
pulse 541
space 1586
pulse 566
space 538
pulse 547
space 530
pulse 545
space 1582
pulse 569
space 534
pulse 541
space 1587
pulse 565
space 538
pulse 547
space 529
pulse 546
space 532
pulse 544
space 532
pulse 543
space 534
pulse 542
space 535
pulse 540
space 536
pulse 539
space 538
pulse 548
space 529
pulse 546
space 531
pulse 545
space 532
pulse 543
space 534
pulse 542
space 535
pulse 540
space 537
pulse 538
space 539
pulse 547
space 530
pulse 545
space 532
pulse 543
space 533
pulse 542
space 1586
pulse 566
space 538
pulse 549
space 529
pulse 546
space 530
pulse 544
space 534
pulse 541
space 535
pulse 540
space 536
pulse 539
space 538
pulse 547
space 530
pulse 545
space 1583
pulse 569
space 1586
pulse 566
space 1589
pulse 573
space 1582
pulse 571
space 1585
pulse 567
space 1589
pulse 573
space 1582
pulse 570
space 534
pulse 541
timeout 216042

