# ir_capture log — 2026-02-25T16:01:50.465940+00:00
# device: /dev/lirc1
# command: ir-ctl -d /dev/lirc1 --receive --mode2 --timeout 200000
#
# --- features ---
# Receive features /dev/lirc1:
#  - Device can receive raw IR
#  - Can report decoded scancodes and protocol
#  - Receiving timeout 200000 microseconds
#  - Can set receiving timeout min 1 microseconds, max 1250000 microseconds
# Send features /dev/lirc1:
#  - Device cannot send
# --- end features ---

# 2026-02-25T16:01:59.005346+00:00  description=press mode button 5 times. first press in state A, then dehumid, then cool, then heat, then fan, last press goes to A.
pulse 3497
space 1725
pulse 447
space 1294
pulse 444
space 426
pulse 421
space 449
pulse 419
space 451
pulse 416
space 1297
pulse 451
space 447
pulse 390
space 453
pulse 415
space 455
pulse 423
space 447
pulse 439
space 1275
pulse 445
space 425
pulse 422
space 1296
pulse 441
space 1296
pulse 452
space 445
pulse 422
space 1292
pulse 446
space 1295
pulse 504
space 1238
pulse 499
space 1243
pulse 442
space 1297
pulse 450
space 447
pulse 421
space 449
pulse 388
space 1326
pulse 422
space 448
pulse 419
space 451
pulse 417
space 453
pulse 415
space 427
pulse 420
space 450
pulse 418
space 452
pulse 416
space 1297
pulse 450
space 1294
pulse 444
space 1295
pulse 452
space 1290
pulse 448
space 450
pulse 397
space 446
pulse 422
space 448
pulse 436
space 434
pulse 387
space 455
pulse 423
space 447
pulse 421
space 449
pulse 419
space 424
pulse 424
space 446
pulse 421
space 449
pulse 420
space 450
pulse 397
space 446
pulse 422
space 448
pulse 420
space 450
pulse 418
space 424
pulse 422
space 449
pulse 418
space 450
pulse 419
space 451
pulse 396
space 447
pulse 421
space 449
pulse 419
space 451
pulse 396
space 446
pulse 421
space 448
pulse 419
space 451
pulse 417
space 427
pulse 421
space 1291
pulse 446
space 452
pulse 416
space 454
pulse 425
space 446
pulse 391
space 452
pulse 416
space 454
pulse 414
space 456
pulse 423
space 29944
pulse 3500
space 1724
pulse 444
space 1297
pulse 451
space 447
pulse 421
space 449
pulse 419
space 451
pulse 396
space 1318
pulse 420
space 450
pulse 418
space 452
pulse 416
space 454
pulse 424
space 419
pulse 418
space 1296
pulse 452
space 446
pulse 422
space 1310
pulse 428
space 1296
pulse 452
space 445
pulse 423
space 1292
pulse 446
space 1295
pulse 452
space 1289
pulse 448
space 1293
pulse 453
space 1288
pulse 451
space 447
pulse 390
space 453
pulse 415
space 1299
pulse 449
space 449
pulse 419
space 454
pulse 414
space 425
pulse 423
space 447
pulse 420
space 450
pulse 425
space 418
pulse 422
space 448
pulse 420
space 450
pulse 418
space 452
pulse 407
space 436
pulse 421
space 452
pulse 416
space 451
pulse 417
space 426
pulse 422
space 449
pulse 419
space 450
pulse 418
space 452
pulse 395
space 448
pulse 420
space 451
pulse 417
space 1296
pulse 452
space 445
pulse 423
space 420
pulse 417
space 454
pulse 422
space 448
pulse 423
space 1291
pulse 447
space 424
pulse 424
space 447
pulse 422
space 448
pulse 420
space 451
pulse 397
space 446
pulse 422
space 448
pulse 420
space 450
pulse 418
space 425
pulse 423
space 1291
pulse 446
space 1296
pulse 442
space 455
pulse 423
space 447
pulse 421
space 449
pulse 388
space 455
pulse 423
space 447
pulse 421
space 449
pulse 419
space 423
pulse 424
space 446
pulse 422
space 448
pulse 420
space 423
pulse 424
space 446
pulse 422
space 448
pulse 420
space 450
pulse 398
space 1316
pulse 421
space 449
pulse 419
space 1295
pulse 442
space 455
pulse 423
space 450
pulse 418
space 422
pulse 415
space 455
pulse 423
space 447
pulse 421
space 449
pulse 388
space 455
pulse 432
space 438
pulse 422
space 448
pulse 420
space 423
pulse 424
space 446
pulse 422
space 448
pulse 420
space 450
pulse 387
space 456
pulse 423
space 448
pulse 420
space 450
pulse 387
space 455
pulse 423
space 447
pulse 421
space 449
pulse 419
space 424
pulse 423
space 447
pulse 421
space 449
pulse 419
space 451
pulse 396
space 446
pulse 422
space 448
pulse 422
space 448
pulse 417
space 425
pulse 432
space 438
pulse 420
space 450
pulse 418
space 452
pulse 395
space 448
pulse 420
space 450
pulse 419
space 451
pulse 396
space 447
pulse 421
space 449
pulse 419
space 452
pulse 417
space 426
pulse 421
space 448
pulse 419
space 451
pulse 417
space 454
pulse 393
space 448
pulse 420
space 450
pulse 418
space 452
pulse 421
space 421
pulse 420
space 456
pulse 412
space 470
pulse 399
space 453
pulse 394
space 449
pulse 420
space 450
pulse 422
space 448
pulse 395
space 448
pulse 420
space 450
pulse 418
space 452
pulse 416
space 427
pulse 420
space 1294
pulse 444
space 1298
pulse 450
space 448
pulse 421
space 450
pulse 418
space 452
pulse 397
space 446
pulse 421
space 449
pulse 434
space 436
pulse 417
space 426
pulse 421
space 449
pulse 419
space 451
pulse 417
space 453
pulse 394
space 448
pulse 420
space 450
pulse 418
space 453
pulse 416
space 427
pulse 420
space 452
pulse 416
space 452
pulse 416
space 1300
pulse 447
space 1292
pulse 446
space 424
pulse 423
space 447
pulse 421
space 1299
pulse 438
space 453
pulse 422
space 1292
pulse 449
space 449
pulse 388
timeout 216275
pulse 3494
space 1728
pulse 423
space 1318
pulse 420
space 452
pulse 415
space 457
pulse 418
space 447
pulse 424
space 1290
pulse 448
space 423
pulse 425
space 445
pulse 422
space 447
pulse 420
space 450
pulse 387
space 1331
pulse 417
space 449
pulse 419
space 1295
pulse 443
space 1298
pulse 458
space 440
pulse 420
space 1293
pulse 444
space 1297
pulse 450
space 1292
pulse 446
space 1296
pulse 452
space 1291
pulse 446
space 449
pulse 426
space 420
pulse 420
space 1291
pulse 447
space 451
pulse 417
space 453
pulse 415
space 428
pulse 419
space 450
pulse 420
space 451
pulse 416
space 462
pulse 386
space 1322
pulse 416
space 1324
pulse 423
space 1319
pulse 418
space 1322
pulse 415
space 455
pulse 423
space 447
pulse 421
space 449
pulse 419
space 424
pulse 423
space 447
pulse 421
space 452
pulse 417
space 451
pulse 395
space 446
pulse 422
space 448
pulse 420
space 450
pulse 418
space 425
pulse 422
space 447
pulse 420
space 451
pulse 420
space 449
pulse 396
space 447
pulse 421
space 450
pulse 418
space 451
pulse 396
space 449
pulse 418
space 452
pulse 417
space 449
pulse 418
space 425
pulse 422
space 448
pulse 420
space 450
pulse 418
space 452
pulse 395
space 447
pulse 420
space 1293
pulse 444
space 455
pulse 418
space 450
pulse 423
space 420
pulse 417
space 453
pulse 415
space 455
pulse 424
space 446
pulse 390
space 29978
pulse 3494
space 1729
pulse 443
space 1299
pulse 451
space 420
pulse 446
space 451
pulse 417
space 426
pulse 422
space 1292
pulse 445
space 452
pulse 416
space 454
pulse 424
space 446
pulse 391
space 455
pulse 418
space 1292
pulse 450
space 447
pulse 420
space 1293
pulse 446
space 1295
pulse 450
space 447
pulse 390
space 1324
pulse 424
space 1318
pulse 420
space 1323
pulse 415
space 1329
pulse 421
space 1332
pulse 408
space 459
pulse 404
space 455
pulse 424
space 1291
pulse 447
space 452
pulse 418
space 423
pulse 424
space 445
pulse 420
space 450
pulse 418
space 452
pulse 396
space 447
pulse 421
space 449
pulse 419
space 451
pulse 417
space 426
pulse 421
space 449
pulse 419
space 453
pulse 417
space 451
pulse 395
space 448
pulse 420
space 451
pulse 427
space 442
pulse 416
space 427
pulse 420
space 449
pulse 427
space 443
pulse 417
space 1297
pulse 454
space 418
pulse 419
space 450
pulse 415
space 455
pulse 423
space 1291
pulse 447
space 1294
pulse 443
space 455
pulse 392
space 452
pulse 418
space 450
pulse 416
space 460
pulse 419
space 1290
pulse 448
space 1294
pulse 444
space 427
pulse 421
space 1294
pulse 443
space 454
pulse 428
space 442
pulse 422
space 455
pulse 382
space 453
pulse 415
space 455
pulse 423
space 447
pulse 421
space 422
pulse 415
space 457
pulse 421
space 447
pulse 421
space 422
pulse 415
space 457
pulse 422
space 445
pulse 422
space 448
pulse 389
space 454
pulse 429
space 1285
pulse 448
space 1294
pulse 444
space 1299
pulse 449
space 447
pulse 428
space 443
pulse 431
space 433
pulse 400
space 447
pulse 421
space 449
pulse 419
space 451
pulse 396
space 446
pulse 422
space 453
pulse 418
space 447
pulse 418
space 425
pulse 422
space 448
pulse 420
space 450
pulse 418
space 425
pulse 423
space 447
pulse 421
space 449
pulse 418
space 452
pulse 396
space 447
pulse 421
space 449
pulse 419
space 451
pulse 417
space 426
pulse 421
space 453
pulse 418
space 448
pulse 418
space 452
pulse 395
space 448
pulse 420
space 450
pulse 418
space 456
pulse 412
space 427
pulse 420
space 450
pulse 418
space 452
pulse 416
space 456
pulse 391
space 449
pulse 419
space 451
pulse 417
space 453
pulse 395
space 453
pulse 418
space 448
pulse 418
space 452
pulse 416
space 427
pulse 420
space 450
pulse 418
space 452
pulse 417
space 453
pulse 394
space 449
pulse 420
space 450
pulse 417
space 456
pulse 418
space 422
pulse 420
space 451
pulse 417
space 452
pulse 416
space 454
pulse 395
space 448
pulse 418
space 452
pulse 417
space 454
pulse 394
space 449
pulse 419
space 451
pulse 417
space 453
pulse 415
space 428
pulse 420
space 450
pulse 418
space 1296
pulse 452
space 1290
pulse 448
space 450
pulse 418
space 453
pulse 395
space 447
pulse 421
space 449
pulse 419
space 451
pulse 417
space 427
pulse 420
space 449
pulse 419
space 451
pulse 417
space 453
pulse 408
space 434
pulse 420
space 450
pulse 418
space 452
pulse 395
space 448
pulse 421
space 449
pulse 420
space 452
pulse 418
space 424
pulse 421
space 1292
pulse 445
space 1297
pulse 451
space 1290
pulse 447
space 1296
pulse 442
space 1298
pulse 449
space 448
pulse 420
space 453
pulse 417
space 1294
pulse 452
timeout 215055
pulse 3489
space 1733
pulse 418
space 1323
pulse 415
space 455
pulse 423
space 447
pulse 421
space 449
pulse 419
space 1295
pulse 443
space 429
pulse 418
space 450
pulse 418
space 452
pulse 416
space 454
pulse 393
space 1321
pulse 417
space 438
pulse 430
space 1299
pulse 453
space 1288
pulse 445
space 453
pulse 415
space 1299
pulse 450
space 1292
pulse 445
space 1296
pulse 452
space 1290
pulse 447
space 1294
pulse 443
space 454
pulse 424
space 419
pulse 418
space 1295
pulse 442
space 462
pulse 418
space 446
pulse 421
space 422
pulse 415
space 455
pulse 423
space 447
pulse 422
space 448
pulse 389
space 1325
pulse 423
space 1324
pulse 418
space 1318
pulse 425
space 1316
pulse 431
space 441
pulse 418
space 451
pulse 416
space 454
pulse 414
space 428
pulse 419
space 451
pulse 417
space 453
pulse 415
space 455
pulse 392
space 450
pulse 418
space 452
pulse 416
space 456
pulse 422
space 419
pulse 418
space 452
pulse 416
space 454
pulse 427
space 443
pulse 392
space 450
pulse 417
space 453
pulse 415
space 455
pulse 392
space 451
pulse 417
space 461
pulse 408
space 467
pulse 412
space 419
pulse 418
space 452
pulse 419
space 451
pulse 430
space 440
pulse 391
space 452
pulse 417
space 1300
pulse 448
space 447
pulse 421
space 449
pulse 419
space 424
pulse 424
space 446
pulse 421
space 449
pulse 419
space 450
pulse 397
space 29970
pulse 3493
space 1732
pulse 450
space 1291
pulse 447
space 451
pulse 417
space 453
pulse 415
space 428
pulse 419
space 1294
pulse 443
space 454
pulse 424
space 446
pulse 422
space 448
pulse 389
space 454
pulse 424
space 1290
pulse 448
space 450
pulse 418
space 1296
pulse 453
space 1289
pulse 500
space 371
pulse 414
space 1326
pulse 422
space 1320
pulse 470
space 1273
pulse 434
space 1307
pulse 420
space 1322
pulse 416
space 457
pulse 422
space 445
pulse 422
space 1295
pulse 442
space 452
pulse 416
space 427
pulse 420
space 450
pulse 419
space 457
pulse 411
space 453
pulse 395
space 450
pulse 418
space 451
pulse 417
space 460
pulse 408
space 429
pulse 418
space 450
pulse 421
space 450
pulse 416
space 454
pulse 401
space 442
pulse 419
space 451
pulse 417
space 452
pulse 415
space 431
pulse 417
space 450
pulse 417
space 453
pulse 417
space 1297
pulse 450
space 428
pulse 409
space 453
pulse 425
space 445
pulse 423
space 448
pulse 389
space 455
pulse 413
space 1327
pulse 420
space 449
pulse 419
space 1304
pulse 434
space 455
pulse 424
space 419
pulse 417
space 1297
pulse 451
space 449
pulse 418
space 1292
pulse 446
space 452
pulse 416
space 454
pulse 393
space 449
pulse 419
space 451
pulse 416
space 454
pulse 415
space 428
pulse 419
space 452
pulse 419
space 450
pulse 415
space 428
pulse 420
space 450
pulse 418
space 452
pulse 416
space 454
pulse 393
space 449
pulse 419
space 451
pulse 417
space 1297
pulse 503
space 1248
pulse 438
space 1294
pulse 443
space 454
pulse 425
space 419
pulse 417
space 456
pulse 412
space 460
pulse 418
space 446
pulse 392
space 451
pulse 416
space 454
pulse 434
space 436
pulse 422
space 421
pulse 424
space 445
pulse 415
space 456
pulse 424
space 418
pulse 417
space 452
pulse 416
space 456
pulse 422
space 447
pulse 390
space 452
pulse 416
space 460
pulse 433
space 431
pulse 422
space 420
pulse 416
space 453
pulse 415
space 455
pulse 423
space 447
pulse 390
space 464
pulse 405
space 454
pulse 423
space 446
pulse 421
space 421
pulse 415
space 454
pulse 424
space 446
pulse 422
space 448
pulse 389
space 459
pulse 409
space 455
pulse 423
space 447
pulse 390
space 453
pulse 415
space 455
pulse 423
space 454
pulse 413
space 421
pulse 416
space 455
pulse 424
space 446
pulse 422
space 452
pulse 385
space 454
pulse 424
space 446
pulse 422
space 447
pulse 420
space 431
pulse 413
space 450
pulse 423
space 447
pulse 421
space 449
pulse 388
space 455
pulse 423
space 447
pulse 421
space 450
pulse 387
space 457
pulse 422
space 445
pulse 422
space 453
pulse 418
space 421
pulse 415
space 454
pulse 423
space 447
pulse 421
space 1293
pulse 444
space 1298
pulse 450
space 447
pulse 390
space 456
pulse 420
space 447
pulse 424
space 446
pulse 422
space 421
pulse 416
space 454
pulse 424
space 445
pulse 422
space 449
pulse 388
space 453
pulse 415
space 455
pulse 423
space 449
pulse 388
space 453
pulse 415
space 455
pulse 424
space 446
pulse 428
space 418
pulse 419
space 448
pulse 424
space 446
pulse 422
space 448
pulse 390
space 1324
pulse 423
space 1318
pulse 419
space 459
pulse 409
space 1297
pulse 452
space 445
pulse 422
space 1292
pulse 451
timeout 210773
pulse 3507
space 1716
pulse 445
space 1296
pulse 452
space 448
pulse 389
space 451
pulse 417
space 454
pulse 425
space 1289
pulse 450
space 448
pulse 419
space 424
pulse 423
space 447
pulse 421
space 449
pulse 419
space 1302
pulse 438
space 452
pulse 393
space 1323
pulse 414
space 1325
pulse 474
space 369
pulse 447
space 1294
pulse 444
space 1298
pulse 452
space 1289
pulse 446
space 1296
pulse 442
space 1299
pulse 449
space 422
pulse 447
space 451
pulse 397
space 1317
pulse 427
space 443
pulse 418
space 452
pulse 416
space 455
pulse 424
space 418
pulse 419
space 452
pulse 416
space 454
pulse 415
space 1299
pulse 449
space 1293
pulse 445
space 1297
pulse 451
space 1290
pulse 458
space 440
pulse 397
space 446
pulse 422
space 448
pulse 420
space 450
pulse 418
space 425
pulse 423
space 447
pulse 420
space 450
pulse 418
space 452
pulse 396
space 447
pulse 421
space 449
pulse 419
space 450
pulse 417
space 425
pulse 422
space 448
pulse 420
space 451
pulse 419
space 425
pulse 421
space 448
pulse 420
space 455
pulse 413
space 455
pulse 392
space 447
pulse 421
space 449
pulse 427
space 443
pulse 421
space 422
pulse 422
space 448
pulse 420
space 450
pulse 418
space 452
pulse 395
space 1318
pulse 419
space 451
pulse 417
space 453
pulse 415
space 456
pulse 423
space 420
pulse 417
space 453
pulse 423
space 447
pulse 424
space 29970
pulse 3493
space 1733
pulse 421
space 1320
pulse 425
space 445
pulse 423
space 448
pulse 423
space 446
pulse 419
space 1295
pulse 442
space 428
pulse 419
space 450
pulse 417
space 453
pulse 416
space 427
pulse 420
space 1294
pulse 444
space 427
pulse 451
space 1290
pulse 448
space 1294
pulse 444
space 454
pulse 424
space 1290
pulse 448
space 1298
pulse 448
space 1288
pulse 450
space 1291
pulse 446
space 1295
pulse 446
space 452
pulse 392
space 459
pulse 409
space 1296
pulse 451
space 446
pulse 422
space 448
pulse 420
space 423
pulse 424
space 446
pulse 422
space 448
pulse 420
space 450
pulse 387
space 455
pulse 423
space 447
pulse 421
space 449
pulse 419
space 424
pulse 424
space 446
pulse 422
space 448
pulse 420
space 450
pulse 397
space 446
pulse 422
space 448
pulse 420
space 450
pulse 387
space 455
pulse 423
space 447
pulse 421
space 1320
pulse 418
space 453
pulse 415
space 428
pulse 420
space 450
pulse 418
space 452
pulse 416
space 1298
pulse 450
space 1292
pulse 446
space 452
pulse 396
space 448
pulse 420
space 1293
pulse 444
space 453
pulse 415
space 455
pulse 423
space 1291
pulse 457
space 1284
pulse 443
space 428
pulse 420
space 450
pulse 418
space 452
pulse 416
space 454
pulse 393
space 449
pulse 419
space 451
pulse 417
space 454
pulse 393
space 449
pulse 419
space 451
pulse 417
space 453
pulse 415
space 427
pulse 420
space 450
pulse 418
space 452
pulse 416
space 454
pulse 393
space 1326
pulse 411
space 1324
pulse 424
space 1321
pulse 417
space 423
pulse 445
space 460
pulse 408
space 455
pulse 424
space 419
pulse 418
space 452
pulse 416
space 454
pulse 424
space 447
pulse 390
space 451
pulse 416
space 454
pulse 414
space 456
pulse 392
space 451
pulse 417
space 453
pulse 415
space 455
pulse 423
space 419
pulse 426
space 444
pulse 431
space 439
pulse 424
space 446
pulse 391
space 452
pulse 416
space 454
pulse 414
space 463
pulse 415
space 420
pulse 418
space 452
pulse 415
space 455
pulse 430
space 440
pulse 390
space 453
pulse 415
space 455
pulse 424
space 446
pulse 421
space 421
pulse 416
space 454
pulse 424
space 446
pulse 422
space 421
pulse 416
space 454
pulse 414
space 460
pulse 418
space 462
pulse 375
space 452
pulse 415
space 455
pulse 423
space 447
pulse 421
space 421
pulse 415
space 455
pulse 424
space 447
pulse 421
space 448
pulse 389
space 454
pulse 424
space 445
pulse 423
space 447
pulse 420
space 436
pulse 401
space 455
pulse 423
space 447
pulse 421
space 422
pulse 415
space 455
pulse 424
space 446
pulse 421
space 448
pulse 389
space 454
pulse 424
space 446
pulse 422
space 448
pulse 420
space 423
pulse 414
space 1299
pulse 449
space 1293
pulse 445
space 453
pulse 415
space 455
pulse 424
space 446
pulse 390
space 452
pulse 416
space 454
pulse 424
space 446
pulse 422
space 420
pulse 416
space 453
pulse 414
space 456
pulse 423
space 419
pulse 417
space 452
pulse 415
space 455
pulse 424
space 446
pulse 390
space 452
pulse 416
space 454
pulse 424
space 446
pulse 422
space 1292
pulse 445
space 425
pulse 423
space 1291
pulse 446
space 451
pulse 417
space 1297
pulse 451
space 446
pulse 421
space 1293
pulse 445
space 1296
pulse 451
timeout 212165
pulse 3490
space 1732
pulse 449
space 1292
pulse 446
space 452
pulse 396
space 447
pulse 420
space 450
pulse 418
space 1296
pulse 442
space 455
pulse 393
space 450
pulse 418
space 452
pulse 416
space 457
pulse 420
space 1290
pulse 447
space 423
pulse 424
space 1289
pulse 449
space 1293
pulse 445
space 453
pulse 414
space 1299
pulse 448
space 1293
pulse 497
space 1245
pulse 451
space 1290
pulse 447
space 1294
pulse 443
space 454
pulse 424
space 445
pulse 392
space 1322
pulse 416
space 454
pulse 423
space 447
pulse 420
space 449
pulse 419
space 424
pulse 424
space 446
pulse 430
space 440
pulse 420
space 1293
pulse 447
space 1295
pulse 449
space 1291
pulse 446
space 1295
pulse 443
space 455
pulse 393
space 450
pulse 417
space 453
pulse 415
space 455
pulse 424
space 419
pulse 417
space 453
pulse 415
space 453
pulse 425
space 418
pulse 419
space 451
pulse 417
space 453
pulse 415
space 455
pulse 392
space 451
pulse 417
space 452
pulse 416
space 454
pulse 424
space 419
pulse 418
space 451
pulse 416
space 454
pulse 415
space 456
pulse 391
space 452
pulse 416
space 453
pulse 415
space 455
pulse 424
space 419
pulse 418
space 452
pulse 415
space 455
pulse 424
space 435
pulse 402
space 1296
pulse 452
space 445
pulse 423
space 450
pulse 418
space 449
pulse 394
space 449
pulse 423
space 447
pulse 421
space 449
pulse 419
space 29947
pulse 3495
space 1731
pulse 452
space 1289
pulse 448
space 422
pulse 445
space 452
pulse 416
space 454
pulse 394
space 1320
pulse 418
space 452
pulse 416
space 454
pulse 424
space 446
pulse 421
space 421
pulse 416
space 1302
pulse 446
space 447
pulse 426
space 1288
pulse 444
space 1298
pulse 450
space 447
pulse 420
space 1293
pulse 444
space 1297
pulse 451
space 1291
pulse 446
space 1296
pulse 441
space 1299
pulse 449
space 448
pulse 389
space 454
pulse 426
space 1288
pulse 448
space 450
pulse 418
space 452
pulse 422
space 420
pulse 421
space 449
pulse 419
space 451
pulse 418
space 452
pulse 394
space 449
pulse 419
space 450
pulse 418
space 452
pulse 395
space 447
pulse 421
space 449
pulse 419
space 451
pulse 417
space 426
pulse 421
space 455
pulse 413
space 451
pulse 417
space 453
pulse 394
space 448
pulse 420
space 450
pulse 418
space 1295
pulse 452
space 446
pulse 422
space 420
pulse 416
space 454
pulse 414
space 455
pulse 423
space 446
pulse 390
space 453
pulse 427
space 444
pulse 432
space 437
pulse 391
space 1323
pulse 425
space 422
pulse 446
space 1291
pulse 446
space 450
pulse 418
space 1297
pulse 450
space 447
pulse 425
space 418
pulse 414
space 454
pulse 424
space 446
pulse 422
space 448
pulse 389
space 454
pulse 438
space 432
pulse 422
space 448
pulse 420
space 423
pulse 414
space 461
pulse 417
space 447
pulse 421
space 449
pulse 388
space 455
pulse 426
space 443
pulse 421
space 1293
pulse 445
space 1296
pulse 452
space 1290
pulse 448
space 422
pulse 424
space 453
pulse 416
space 447
pulse 420
space 450
pulse 419
space 424
pulse 423
space 447
pulse 420
space 449
pulse 419
space 451
pulse 396
space 447
pulse 421
space 449
pulse 419
space 451
pulse 417
space 425
pulse 422
space 460
pulse 408
space 449
pulse 419
space 451
pulse 396
space 452
pulse 416
space 449
pulse 418
space 451
pulse 417
space 429
pulse 419
space 448
pulse 420
space 450
pulse 418
space 425
pulse 434
space 436
pulse 420
space 450
pulse 418
space 452
pulse 395
space 447
pulse 421
space 449
pulse 420
space 450
pulse 418
space 425
pulse 424
space 446
pulse 419
space 451
pulse 417
space 453
pulse 395
space 448
pulse 420
space 450
pulse 419
space 451
pulse 417
space 426
pulse 421
space 449
pulse 419
space 451
pulse 416
space 426
pulse 422
space 449
pulse 418
space 463
pulse 406
space 468
pulse 379
space 447
pulse 421
space 449
pulse 426
space 445
pulse 428
space 414
pulse 420
space 449
pulse 418
space 455
pulse 414
space 452
pulse 395
space 447
pulse 421
space 454
pulse 419
space 446
pulse 416
space 427
pulse 420
space 450
pulse 418
space 452
pulse 416
space 1298
pulse 451
space 1291
pulse 446
space 424
pulse 423
space 447
pulse 421
space 449
pulse 420
space 450
pulse 397
space 452
pulse 416
space 447
pulse 421
space 449
pulse 419
space 425
pulse 422
space 448
pulse 420
space 450
pulse 418
space 451
pulse 397
space 446
pulse 422
space 448
pulse 420
space 450
pulse 418
space 429
pulse 426
space 440
pulse 419
space 1294
pulse 444
space 466
pulse 412
space 1290
pulse 448
space 1293
pulse 444
space 454
pulse 393
space 1320
pulse 424
space 1318
pulse 424
space 445
pulse 422
timeout 217083
pulse 362
timeout 213138

