# ir_capture log — 2026-02-25T15:52:04.458709+00:00
# device: /dev/lirc1
# command: ir-ctl -d /dev/lirc1 --receive --mode2 --timeout 200000
#
# --- features ---
# Receive features /dev/lirc1:
#  - Device can receive raw IR
#  - Can report decoded scancodes and protocol
#  - Receiving timeout 200000 microseconds
#  - Can set receiving timeout min 1 microseconds, max 1250000 microseconds
# Send features /dev/lirc1:
#  - Device cannot send
# --- end features ---

# 2026-02-25T15:52:35.347699+00:00  description=vswing on. hswing on. vswing off. hswing off.
pulse 193
timeout 219126
pulse 3495
space 1755
pulse 417
space 1297
pulse 451
space 447
pulse 390
space 462
pulse 406
space 455
pulse 423
space 1317
pulse 421
space 449
pulse 419
space 424
pulse 423
space 455
pulse 413
space 449
pulse 419
space 1322
pulse 416
space 454
pulse 393
space 1321
pulse 417
space 1325
pulse 424
space 446
pulse 422
space 1292
pulse 445
space 1297
pulse 451
space 1290
pulse 447
space 1294
pulse 444
space 1298
pulse 450
space 451
pulse 417
space 449
pulse 419
space 1295
pulse 442
space 428
pulse 420
space 450
pulse 418
space 452
pulse 416
space 427
pulse 420
space 450
pulse 418
space 452
pulse 416
space 1333
pulse 415
space 1291
pulse 447
space 1295
pulse 443
space 1299
pulse 449
space 448
pulse 389
space 454
pulse 424
space 445
pulse 423
space 447
pulse 420
space 422
pulse 415
space 455
pulse 423
space 447
pulse 421
space 449
pulse 388
space 461
pulse 418
space 457
pulse 411
space 448
pulse 420
space 423
pulse 425
space 445
pulse 423
space 447
pulse 420
space 422
pulse 415
space 455
pulse 423
space 451
pulse 417
space 449
pulse 389
space 454
pulse 424
space 446
pulse 428
space 442
pulse 420
space 423
pulse 415
space 455
pulse 423
space 447
pulse 421
space 449
pulse 388
space 1353
pulse 395
space 448
pulse 420
space 450
pulse 418
space 452
pulse 416
space 427
pulse 420
space 451
pulse 421
space 447
pulse 417
space 12651
pulse 204
space 17119
pulse 3499
space 1755
pulse 396
space 1318
pulse 420
space 452
pulse 417
space 451
pulse 423
space 447
pulse 424
space 1317
pulse 421
space 422
pulse 415
space 455
pulse 423
space 447
pulse 421
space 449
pulse 388
space 1326
pulse 427
space 444
pulse 420
space 1294
pulse 443
space 1298
pulse 450
space 451
pulse 417
space 1294
pulse 444
space 1304
pulse 444
space 1291
pulse 446
space 1295
pulse 442
space 1299
pulse 449
space 448
pulse 388
space 455
pulse 424
space 1290
pulse 448
space 450
pulse 418
space 452
pulse 421
space 422
pulse 421
space 452
pulse 418
space 450
pulse 417
space 453
pulse 394
space 448
pulse 420
space 450
pulse 417
space 452
pulse 416
space 427
pulse 420
space 450
pulse 418
space 451
pulse 417
space 454
pulse 394
space 449
pulse 419
space 455
pulse 413
space 453
pulse 395
space 448
pulse 420
space 450
pulse 418
space 1296
pulse 455
space 443
pulse 423
space 420
pulse 417
space 453
pulse 415
space 455
pulse 423
space 447
pulse 390
space 1324
pulse 424
space 446
pulse 422
space 1292
pulse 446
space 456
pulse 412
space 454
pulse 414
space 1299
pulse 449
space 422
pulse 415
space 1299
pulse 449
space 448
pulse 420
space 451
pulse 417
space 452
pulse 396
space 447
pulse 420
space 449
pulse 419
space 451
pulse 398
space 445
pulse 421
space 457
pulse 411
space 464
pulse 404
space 425
pulse 422
space 1292
pulse 453
space 1289
pulse 452
space 1289
pulse 448
space 1294
pulse 443
space 1297
pulse 451
space 1291
pulse 446
space 1295
pulse 443
space 454
pulse 424
space 446
pulse 423
space 447
pulse 389
space 454
pulse 424
space 453
pulse 415
space 448
pulse 420
space 422
pulse 414
space 455
pulse 430
space 440
pulse 421
space 464
pulse 373
space 454
pulse 424
space 447
pulse 422
space 448
pulse 419
space 423
pulse 425
space 450
pulse 416
space 447
pulse 421
space 422
pulse 415
space 460
pulse 419
space 446
pulse 421
space 449
pulse 388
space 454
pulse 424
space 446
pulse 422
space 447
pulse 421
space 429
pulse 408
space 455
pulse 423
space 447
pulse 421
space 449
pulse 388
space 455
pulse 424
space 446
pulse 422
space 448
pulse 420
space 422
pulse 414
space 456
pulse 423
space 447
pulse 421
space 422
pulse 415
space 455
pulse 423
space 449
pulse 419
space 448
pulse 389
space 454
pulse 424
space 446
pulse 425
space 445
pulse 420
space 422
pulse 414
space 456
pulse 423
space 447
pulse 421
space 449
pulse 388
space 455
pulse 424
space 446
pulse 423
space 449
pulse 432
space 409
pulse 424
space 447
pulse 422
space 446
pulse 420
space 422
pulse 415
space 455
pulse 423
space 447
pulse 436
space 442
pulse 383
space 453
pulse 423
space 1290
pulse 448
space 1306
pulse 431
space 453
pulse 415
space 456
pulse 423
space 420
pulse 417
space 453
pulse 415
space 455
pulse 423
space 446
pulse 391
space 457
pulse 419
space 446
pulse 424
space 446
pulse 422
space 420
pulse 417
space 453
pulse 414
space 455
pulse 423
space 447
pulse 390
space 453
pulse 415
space 454
pulse 424
space 446
pulse 391
space 1323
pulse 434
space 1308
pulse 421
space 449
pulse 419
space 1296
pulse 442
space 1300
pulse 449
space 1292
pulse 445
space 452
pulse 416
space 1301
pulse 447
timeout 212687
pulse 3496
space 1726
pulse 415
space 1329
pulse 420
space 448
pulse 420
space 451
pulse 417
space 453
pulse 401
space 1319
pulse 412
space 462
pulse 406
space 454
pulse 424
space 446
pulse 426
space 418
pulse 427
space 1286
pulse 451
space 447
pulse 421
space 1293
pulse 445
space 1296
pulse 451
space 446
pulse 422
space 1292
pulse 445
space 1296
pulse 455
space 1286
pulse 500
space 1243
pulse 454
space 1288
pulse 456
space 440
pulse 391
space 454
pulse 413
space 1299
pulse 500
space 370
pulse 446
space 451
pulse 417
space 426
pulse 422
space 454
pulse 418
space 447
pulse 418
space 452
pulse 395
space 1318
pulse 419
space 1322
pulse 416
space 1326
pulse 421
space 1320
pulse 418
space 452
pulse 416
space 454
pulse 424
space 446
pulse 391
space 453
pulse 418
space 451
pulse 424
space 446
pulse 423
space 420
pulse 417
space 453
pulse 415
space 455
pulse 423
space 447
pulse 390
space 453
pulse 415
space 455
pulse 423
space 455
pulse 413
space 421
pulse 416
space 454
pulse 424
space 445
pulse 428
space 442
pulse 392
space 451
pulse 415
space 456
pulse 423
space 447
pulse 421
space 422
pulse 415
space 455
pulse 424
space 446
pulse 422
space 421
pulse 416
space 454
pulse 424
space 1290
pulse 448
space 450
pulse 418
space 452
pulse 399
space 444
pulse 421
space 449
pulse 419
space 451
pulse 417
space 426
pulse 421
space 29974
pulse 3491
space 1734
pulse 450
space 1291
pulse 444
space 463
pulse 406
space 455
pulse 392
space 451
pulse 417
space 1296
pulse 451
space 446
pulse 428
space 442
pulse 420
space 423
pulse 429
space 441
pulse 440
space 1274
pulse 498
space 373
pulse 445
space 1295
pulse 451
space 1291
pulse 447
space 451
pulse 396
space 1318
pulse 421
space 1329
pulse 407
space 1325
pulse 423
space 1322
pulse 418
space 1321
pulse 425
space 445
pulse 423
space 447
pulse 421
space 1293
pulse 444
space 453
pulse 416
space 427
pulse 425
space 445
pulse 417
space 453
pulse 415
space 428
pulse 420
space 450
pulse 418
space 452
pulse 416
space 454
pulse 393
space 450
pulse 419
space 452
pulse 416
space 461
pulse 407
space 429
pulse 419
space 451
pulse 417
space 453
pulse 415
space 455
pulse 399
space 444
pulse 418
space 452
pulse 416
space 454
pulse 424
space 1289
pulse 451
space 420
pulse 416
space 454
pulse 423
space 447
pulse 421
space 450
pulse 387
space 455
pulse 423
space 1290
pulse 447
space 450
pulse 418
space 1296
pulse 451
space 446
pulse 391
space 452
pulse 416
space 1298
pulse 450
space 454
pulse 414
space 1293
pulse 445
space 453
pulse 415
space 428
pulse 420
space 451
pulse 417
space 453
pulse 416
space 454
pulse 393
space 450
pulse 419
space 451
pulse 417
space 453
pulse 415
space 428
pulse 419
space 452
pulse 418
space 1295
pulse 451
space 1290
pulse 447
space 1294
pulse 443
space 1304
pulse 444
space 1292
pulse 446
space 1304
pulse 450
space 1282
pulse 455
space 443
pulse 419
space 1296
pulse 452
space 1289
pulse 448
space 1293
pulse 445
space 1297
pulse 451
space 447
pulse 390
space 453
pulse 415
space 455
pulse 424
space 446
pulse 391
space 452
pulse 417
space 453
pulse 425
space 445
pulse 423
space 420
pulse 417
space 453
pulse 415
space 455
pulse 423
space 446
pulse 391
space 456
pulse 418
space 448
pulse 424
space 446
pulse 422
space 421
pulse 416
space 454
pulse 414
space 456
pulse 423
space 447
pulse 390
space 453
pulse 415
space 455
pulse 423
space 449
pulse 388
space 453
pulse 415
space 455
pulse 435
space 435
pulse 427
space 434
pulse 403
space 448
pulse 425
space 445
pulse 423
space 447
pulse 404
space 439
pulse 415
space 455
pulse 423
space 447
pulse 421
space 422
pulse 415
space 455
pulse 424
space 449
pulse 420
space 447
pulse 389
space 454
pulse 425
space 446
pulse 429
space 441
pulse 420
space 422
pulse 415
space 455
pulse 423
space 447
pulse 421
space 422
pulse 415
space 455
pulse 424
space 446
pulse 422
space 449
pulse 388
space 454
pulse 424
space 456
pulse 413
space 447
pulse 420
space 423
pulse 414
space 456
pulse 429
space 1285
pulse 446
space 1295
pulse 442
space 455
pulse 427
space 444
pulse 394
space 449
pulse 415
space 455
pulse 424
space 448
pulse 420
space 421
pulse 416
space 463
pulse 415
space 459
pulse 409
space 421
pulse 416
space 454
pulse 421
space 450
pulse 431
space 439
pulse 390
space 466
pulse 402
space 467
pulse 414
space 443
pulse 422
space 421
pulse 416
space 454
pulse 424
space 1289
pulse 448
space 450
pulse 418
space 1295
pulse 442
space 455
pulse 398
space 445
pulse 418
space 1297
pulse 463
space 1279
pulse 450
timeout 217395
pulse 468
timeout 215953
pulse 3509
space 1712
pulse 444
space 1298
pulse 450
space 448
pulse 389
space 454
pulse 415
space 455
pulse 423
space 1293
pulse 444
space 451
pulse 417
space 426
pulse 422
space 421
pulse 447
space 423
pulse 445
space 1303
pulse 445
space 445
pulse 392
space 1322
pulse 415
space 1326
pulse 422
space 449
pulse 419
space 1294
pulse 443
space 1298
pulse 450
space 1292
pulse 446
space 1296
pulse 452
space 1290
pulse 447
space 449
pulse 418
space 451
pulse 403
space 1318
pulse 418
space 446
pulse 417
space 453
pulse 415
space 455
pulse 424
space 419
pulse 418
space 452
pulse 417
space 426
pulse 442
space 1300
pulse 449
space 1293
pulse 445
space 1297
pulse 451
space 1292
pulse 454
space 442
pulse 397
space 446
pulse 422
space 421
pulse 447
space 450
pulse 418
space 424
pulse 423
space 447
pulse 421
space 449
pulse 419
space 457
pulse 390
space 446
pulse 422
space 448
pulse 420
space 450
pulse 418
space 425
pulse 426
space 444
pulse 421
space 449
pulse 419
space 424
pulse 423
space 447
pulse 421
space 449
pulse 419
space 459
pulse 389
space 446
pulse 422
space 448
pulse 420
space 456
pulse 419
space 418
pulse 423
space 447
pulse 421
space 449
pulse 419
space 424
pulse 426
space 1315
pulse 420
space 450
pulse 418
space 425
pulse 443
space 427
pulse 452
space 418
pulse 418
space 451
pulse 417
space 453
pulse 415
space 29981
pulse 3494
space 1730
pulse 422
space 1320
pulse 418
space 452
pulse 416
space 427
pulse 456
space 419
pulse 445
space 1292
pulse 446
space 425
pulse 423
space 420
pulse 448
space 450
pulse 418
space 424
pulse 423
space 1290
pulse 447
space 450
pulse 418
space 1296
pulse 452
space 1290
pulse 451
space 446
pulse 418
space 1296
pulse 453
space 1290
pulse 461
space 1280
pulse 444
space 1297
pulse 451
space 1291
pulse 447
space 451
pulse 397
space 446
pulse 427
space 1287
pulse 445
space 452
pulse 416
space 427
pulse 451
space 419
pulse 418
space 452
pulse 416
space 454
pulse 414
space 456
pulse 392
space 424
pulse 444
space 426
pulse 442
space 455
pulse 423
space 420
pulse 417
space 452
pulse 416
space 427
pulse 451
space 446
pulse 391
space 452
pulse 417
space 426
pulse 442
space 461
pulse 386
space 424
pulse 446
space 424
pulse 443
space 1299
pulse 449
space 448
pulse 420
space 423
pulse 424
space 447
pulse 421
space 448
pulse 421
space 453
pulse 383
space 1326
pulse 421
space 449
pulse 419
space 1295
pulse 443
space 455
pulse 424
space 446
pulse 422
space 1295
pulse 443
space 425
pulse 422
space 1291
pulse 446
space 452
pulse 416
space 454
pulse 425
space 445
pulse 392
space 424
pulse 445
space 425
pulse 443
space 428
pulse 420
space 449
pulse 418
space 425
pulse 443
space 427
pulse 451
space 418
pulse 419
space 451
pulse 417
space 453
pulse 415
space 428
pulse 419
space 423
pulse 444
space 1297
pulse 451
space 1290
pulse 448
space 1294
pulse 444
space 453
pulse 424
space 1295
pulse 443
space 1294
pulse 444
space 1297
pulse 455
space 1287
pulse 448
space 449
pulse 417
space 399
pulse 449
space 421
pulse 447
space 452
pulse 431
space 411
pulse 422
space 420
pulse 448
space 422
pulse 452
space 418
pulse 423
space 420
pulse 448
space 449
pulse 419
space 424
pulse 444
space 426
pulse 422
space 421
pulse 447
space 423
pulse 445
space 425
pulse 422
space 420
pulse 448
space 450
pulse 418
space 424
pulse 444
space 399
pulse 449
space 421
pulse 453
space 418
pulse 444
space 425
pulse 422
space 421
pulse 447
space 423
pulse 445
space 425
pulse 443
space 407
pulse 440
space 422
pulse 446
space 424
pulse 452
space 391
pulse 448
space 421
pulse 447
space 423
pulse 444
space 426
pulse 422
space 421
pulse 453
space 445
pulse 417
space 425
pulse 443
space 399
pulse 448
space 422
pulse 446
space 424
pulse 444
space 426
pulse 421
space 421
pulse 447
space 423
pulse 445
space 425
pulse 443
space 428
pulse 426
space 416
pulse 456
space 414
pulse 444
space 399
pulse 453
space 419
pulse 444
space 424
pulse 444
space 426
pulse 422
space 421
pulse 447
space 1294
pulse 444
space 1298
pulse 450
space 427
pulse 442
space 422
pulse 446
space 397
pulse 450
space 420
pulse 448
space 422
pulse 446
space 424
pulse 424
space 419
pulse 449
space 424
pulse 444
space 433
pulse 436
space 397
pulse 450
space 420
pulse 448
space 422
pulse 446
space 397
pulse 450
space 426
pulse 443
space 421
pulse 447
space 424
pulse 424
space 1317
pulse 420
space 1321
pulse 417
space 427
pulse 452
space 1289
pulse 448
space 1293
pulse 444
space 1297
pulse 451
space 420
pulse 449
space 1293
pulse 445
timeout 219458
pulse 3487
space 1728
pulse 444
space 1297
pulse 451
space 392
pulse 445
space 425
pulse 443
space 427
pulse 451
space 1290
pulse 448
space 396
pulse 452
space 418
pulse 450
space 422
pulse 446
space 422
pulse 415
space 1326
pulse 422
space 448
pulse 420
space 1294
pulse 443
space 1298
pulse 450
space 447
pulse 429
space 1285
pulse 444
space 1298
pulse 450
space 1297
pulse 441
space 1294
pulse 443
space 1298
pulse 449
space 421
pulse 447
space 396
pulse 452
space 1289
pulse 448
space 422
pulse 446
space 424
pulse 444
space 426
pulse 421
space 421
pulse 447
space 423
pulse 445
space 453
pulse 415
space 1299
pulse 449
space 1292
pulse 446
space 1296
pulse 452
space 1290
pulse 448
space 395
pulse 450
space 448
pulse 423
space 420
pulse 449
space 394
pulse 443
space 432
pulse 446
space 419
pulse 449
space 421
pulse 416
space 426
pulse 452
space 418
pulse 450
space 420
pulse 448
space 422
pulse 415
space 428
pulse 451
space 419
pulse 449
space 421
pulse 416
space 427
pulse 452
space 418
pulse 450
space 421
pulse 447
space 395
pulse 442
space 428
pulse 457
space 413
pulse 448
space 421
pulse 416
space 430
pulse 449
space 418
pulse 450
space 420
pulse 417
space 426
pulse 442
space 1299
pulse 449
space 451
pulse 417
space 423
pulse 445
space 425
pulse 422
space 420
pulse 452
space 418
pulse 446
space 452
pulse 395
space 29973
pulse 3492
space 1731
pulse 451
space 1290
pulse 447
space 423
pulse 453
space 417
pulse 443
space 400
pulse 447
space 1299
pulse 439
space 426
pulse 452
space 418
pulse 450
space 420
pulse 417
space 425
pulse 443
space 1299
pulse 449
space 421
pulse 447
space 1294
pulse 444
space 1298
pulse 450
space 420
pulse 449
space 1293
pulse 444
space 1297
pulse 451
space 1291
pulse 447
space 1295
pulse 443
space 1299
pulse 449
space 394
pulse 443
space 427
pulse 452
space 1289
pulse 449
space 422
pulse 450
space 421
pulse 429
space 414
pulse 449
space 421
pulse 447
space 426
pulse 422
space 446
pulse 422
space 420
pulse 448
space 422
pulse 446
space 397
pulse 451
space 419
pulse 449
space 421
pulse 447
space 423
pulse 424
space 419
pulse 450
space 420
pulse 448
space 422
pulse 446
space 424
pulse 423
space 420
pulse 448
space 421
pulse 447
space 1295
pulse 443
space 430
pulse 418
space 423
pulse 445
space 425
pulse 443
space 427
pulse 452
space 391
pulse 446
space 1295
pulse 442
space 428
pulse 451
space 1290
pulse 447
space 423
pulse 445
space 398
pulse 449
space 1292
pulse 446
space 432
pulse 436
space 1298
pulse 451
space 420
pulse 449
space 425
pulse 412
space 427
pulse 451
space 419
pulse 449
space 421
pulse 447
space 396
pulse 452
space 418
pulse 450
space 420
pulse 448
space 422
pulse 415
space 428
pulse 451
space 419
pulse 449
space 421
pulse 447
space 396
pulse 452
space 418
pulse 450
space 1291
pulse 447
space 1295
pulse 442
space 1299
pulse 449
space 449
pulse 421
space 394
pulse 451
space 419
pulse 449
space 421
pulse 447
space 424
pulse 423
space 418
pulse 450
space 420
pulse 448
space 422
pulse 447
space 396
pulse 451
space 419
pulse 449
space 421
pulse 447
space 423
pulse 425
space 418
pulse 450
space 420
pulse 448
space 422
pulse 446
space 408
pulse 440
space 419
pulse 449
space 421
pulse 447
space 395
pulse 452
space 418
pulse 450
space 420
pulse 448
space 422
pulse 415
space 428
pulse 451
space 419
pulse 449
space 421
pulse 447
space 396
pulse 459
space 412
pulse 450
space 420
pulse 448
space 422
pulse 415
space 428
pulse 451
space 419
pulse 449
space 421
pulse 447
space 396
pulse 455
space 415
pulse 460
space 410
pulse 448
space 422
pulse 415
space 428
pulse 450
space 421
pulse 452
space 416
pulse 419
space 424
pulse 451
space 419
pulse 449
space 425
pulse 443
space 422
pulse 415
space 428
pulse 450
space 420
pulse 448
space 422
pulse 415
space 427
pulse 451
space 419
pulse 449
space 421
pulse 447
space 396
pulse 452
space 418
pulse 450
space 420
pulse 448
space 422
pulse 415
space 427
pulse 451
space 419
pulse 449
space 1292
pulse 445
space 1296
pulse 452
space 446
pulse 391
space 424
pulse 444
space 426
pulse 452
space 418
pulse 450
space 393
pulse 444
space 426
pulse 442
space 428
pulse 451
space 419
pulse 418
space 425
pulse 443
space 427
pulse 452
space 418
pulse 455
space 388
pulse 444
space 426
pulse 442
space 428
pulse 450
space 419
pulse 418
space 425
pulse 443
space 427
pulse 451
space 418
pulse 419
space 1323
pulse 425
space 1316
pulse 421
space 449
pulse 419
space 1295
pulse 443
space 428
pulse 451
space 1290
pulse 447
timeout 219256

# 2026-02-25T15:53:23.314667+00:00  description=presensemaybe on then same off
pulse 3493
space 1731
pulse 441
space 1324
pulse 423
space 447
pulse 390
space 471
pulse 396
space 469
pulse 409
space 1290
pulse 447
space 450
pulse 418
space 425
pulse 423
space 447
pulse 420
space 449
pulse 418
space 1322
pulse 415
space 427
pulse 420
space 1321
pulse 416
space 1298
pulse 450
space 447
pulse 421
space 1320
pulse 417
space 1297
pulse 451
space 1290
pulse 447
space 1294
pulse 444
space 1298
pulse 450
space 447
pulse 420
space 450
pulse 387
space 1354
pulse 394
space 448
pulse 420
space 450
pulse 417
space 453
pulse 416
space 427
pulse 420
space 450
pulse 418
space 452
pulse 416
space 1303
pulse 445
space 1291
pulse 447
space 1295
pulse 443
space 1299
pulse 449
space 448
pulse 398
space 445
pulse 425
space 445
pulse 422
space 447
pulse 421
space 422
pulse 414
space 455
pulse 423
space 446
pulse 422
space 449
pulse 391
space 451
pulse 424
space 457
pulse 410
space 465
pulse 373
space 454
pulse 414
space 456
pulse 423
space 447
pulse 425
space 417
pulse 415
space 457
pulse 421
space 446
pulse 422
space 448
pulse 389
space 454
pulse 424
space 446
pulse 422
space 448
pulse 420
space 423
pulse 415
space 455
pulse 423
space 447
pulse 421
space 449
pulse 388
space 1326
pulse 422
space 448
pulse 419
space 451
pulse 418
space 452
pulse 395
space 447
pulse 421
space 450
pulse 418
space 458
pulse 410
space 29978
pulse 3497
space 1755
pulse 397
space 1317
pulse 421
space 452
pulse 416
space 451
pulse 417
space 453
pulse 395
space 1320
pulse 418
space 452
pulse 418
space 452
pulse 424
space 446
pulse 430
space 412
pulse 417
space 1297
pulse 451
space 447
pulse 421
space 1293
pulse 445
space 1332
pulse 416
space 449
pulse 419
space 1320
pulse 418
space 1323
pulse 427
space 1287
pulse 455
space 1286
pulse 444
space 1298
pulse 450
space 447
pulse 390
space 453
pulse 415
space 1298
pulse 450
space 449
pulse 419
space 449
pulse 418
space 425
pulse 428
space 442
pulse 421
space 449
pulse 419
space 451
pulse 396
space 447
pulse 421
space 448
pulse 420
space 450
pulse 418
space 425
pulse 422
space 448
pulse 420
space 450
pulse 418
space 424
pulse 423
space 447
pulse 421
space 449
pulse 420
space 450
pulse 397
space 446
pulse 422
space 454
pulse 414
space 1293
pulse 444
space 453
pulse 415
space 428
pulse 419
space 451
pulse 417
space 452
pulse 416
space 454
pulse 393
space 1323
pulse 414
space 454
pulse 425
space 1290
pulse 448
space 452
pulse 416
space 458
pulse 411
space 1296
pulse 455
space 416
pulse 419
space 1295
pulse 452
space 445
pulse 423
space 447
pulse 421
space 428
pulse 409
space 455
pulse 424
space 446
pulse 421
space 449
pulse 389
space 454
pulse 424
space 446
pulse 422
space 458
pulse 410
space 422
pulse 415
space 455
pulse 423
space 448
pulse 422
space 448
pulse 388
space 455
pulse 424
space 1290
pulse 448
space 1294
pulse 444
space 1297
pulse 450
space 447
pulse 421
space 449
pulse 419
space 424
pulse 424
space 447
pulse 422
space 452
pulse 416
space 423
pulse 426
space 444
pulse 434
space 436
pulse 442
space 429
pulse 387
space 455
pulse 423
space 447
pulse 421
space 450
pulse 417
space 424
pulse 423
space 446
pulse 422
space 448
pulse 420
space 450
pulse 387
space 456
pulse 423
space 447
pulse 421
space 449
pulse 419
space 424
pulse 423
space 446
pulse 422
space 449
pulse 420
space 456
pulse 392
space 446
pulse 422
space 448
pulse 421
space 460
pulse 377
space 455
pulse 423
space 447
pulse 421
space 449
pulse 423
space 426
pulse 418
space 446
pulse 422
space 448
pulse 420
space 450
pulse 387
space 456
pulse 423
space 447
pulse 420
space 449
pulse 419
space 424
pulse 423
space 447
pulse 421
space 448
pulse 420
space 450
pulse 397
space 446
pulse 422
space 448
pulse 420
space 451
pulse 387
space 456
pulse 422
space 447
pulse 421
space 449
pulse 419
space 424
pulse 424
space 475
pulse 393
space 448
pulse 420
space 450
pulse 397
space 445
pulse 428
space 442
pulse 421
space 449
pulse 419
space 424
pulse 423
space 449
pulse 419
space 1292
pulse 445
space 1296
pulse 452
space 446
pulse 422
space 1292
pulse 446
space 461
pulse 386
space 447
pulse 421
space 449
pulse 419
space 451
pulse 396
space 446
pulse 422
space 450
pulse 418
space 450
pulse 418
space 425
pulse 423
space 447
pulse 421
space 449
pulse 419
space 451
pulse 396
space 447
pulse 421
space 449
pulse 419
space 451
pulse 417
space 433
pulse 416
space 1291
pulse 446
space 1295
pulse 442
space 1299
pulse 449
space 449
pulse 426
space 1293
pulse 439
space 453
pulse 424
space 1290
pulse 447
timeout 218947
pulse 3491
space 1759
pulse 424
space 1317
pulse 420
space 423
pulse 425
space 453
pulse 417
space 446
pulse 421
space 1321
pulse 419
space 451
pulse 395
space 448
pulse 420
space 450
pulse 418
space 463
pulse 386
space 1322
pulse 418
space 447
pulse 424
space 1317
pulse 423
space 1291
pulse 447
space 451
pulse 417
space 1324
pulse 424
space 1290
pulse 447
space 1294
pulse 444
space 1299
pulse 450
space 1291
pulse 446
space 451
pulse 417
space 430
pulse 418
space 1291
pulse 445
space 455
pulse 413
space 454
pulse 424
space 447
pulse 390
space 452
pulse 418
space 452
pulse 444
space 427
pulse 428
space 1286
pulse 446
space 1322
pulse 415
space 1299
pulse 448
space 1293
pulse 446
space 424
pulse 422
space 452
pulse 416
space 469
pulse 399
space 453
pulse 395
space 448
pulse 420
space 454
pulse 423
space 443
pulse 416
space 426
pulse 421
space 449
pulse 419
space 451
pulse 417
space 425
pulse 422
space 448
pulse 420
space 450
pulse 418
space 452
pulse 395
space 448
pulse 419
space 449
pulse 419
space 452
pulse 417
space 426
pulse 422
space 453
pulse 419
space 446
pulse 418
space 452
pulse 395
space 448
pulse 420
space 450
pulse 418
space 451
pulse 417
space 426
pulse 421
space 1293
pulse 445
space 457
pulse 418
space 448
pulse 424
space 419
pulse 418
space 452
pulse 416
space 454
pulse 425
space 445
pulse 392
space 29974
pulse 3501
space 1753
pulse 419
space 1295
pulse 443
space 454
pulse 424
space 446
pulse 422
space 421
pulse 416
space 1298
pulse 450
space 447
pulse 421
space 449
pulse 419
space 451
pulse 396
space 454
pulse 417
space 1289
pulse 445
space 452
pulse 416
space 1298
pulse 449
space 1292
pulse 446
space 452
pulse 416
space 1298
pulse 450
space 1319
pulse 419
space 1295
pulse 442
space 1308
pulse 440
space 1300
pulse 438
space 425
pulse 422
space 448
pulse 420
space 1294
pulse 444
space 467
pulse 413
space 444
pulse 391
space 452
pulse 417
space 453
pulse 415
space 455
pulse 423
space 419
pulse 418
space 452
pulse 416
space 456
pulse 423
space 446
pulse 391
space 452
pulse 416
space 455
pulse 413
space 456
pulse 404
space 439
pulse 417
space 457
pulse 418
space 449
pulse 423
space 420
pulse 418
space 452
pulse 416
space 454
pulse 424
space 1317
pulse 420
space 450
pulse 389
space 454
pulse 423
space 447
pulse 421
space 449
pulse 420
space 424
pulse 423
space 1295
pulse 443
space 450
pulse 418
space 1299
pulse 449
space 454
pulse 418
space 444
pulse 392
space 1322
pulse 424
space 446
pulse 421
space 1292
pulse 447
space 455
pulse 410
space 472
pulse 375
space 456
pulse 418
space 446
pulse 417
space 453
pulse 421
space 421
pulse 419
space 451
pulse 417
space 453
pulse 415
space 456
pulse 392
space 451
pulse 418
space 451
pulse 416
space 458
pulse 421
space 417
pulse 418
space 452
pulse 416
space 1304
pulse 444
space 1291
pulse 449
space 1292
pulse 443
space 455
pulse 424
space 446
pulse 390
space 453
pulse 416
space 454
pulse 425
space 446
pulse 391
space 452
pulse 416
space 454
pulse 416
space 454
pulse 423
space 420
pulse 417
space 455
pulse 417
space 450
pulse 424
space 446
pulse 391
space 452
pulse 416
space 454
pulse 424
space 445
pulse 422
space 420
pulse 417
space 455
pulse 413
space 460
pulse 418
space 461
pulse 376
space 453
pulse 415
space 454
pulse 424
space 454
pulse 421
space 415
pulse 418
space 449
pulse 414
space 455
pulse 423
space 420
pulse 417
space 453
pulse 415
space 455
pulse 424
space 447
pulse 390
space 452
pulse 416
space 454
pulse 424
space 446
pulse 421
space 420
pulse 417
space 454
pulse 415
space 455
pulse 425
space 445
pulse 390
space 453
pulse 416
space 455
pulse 423
space 447
pulse 421
space 420
pulse 416
space 453
pulse 415
space 455
pulse 424
space 419
pulse 417
space 453
pulse 415
space 456
pulse 423
space 446
pulse 394
space 449
pulse 416
space 454
pulse 414
space 456
pulse 423
space 420
pulse 417
space 453
pulse 415
space 456
pulse 423
space 447
pulse 390
space 452
pulse 416
space 454
pulse 428
space 1286
pulse 454
space 1287
pulse 444
space 453
pulse 416
space 427
pulse 419
space 451
pulse 417
space 453
pulse 415
space 427
pulse 421
space 449
pulse 418
space 458
pulse 418
space 446
pulse 393
space 450
pulse 419
space 451
pulse 417
space 454
pulse 414
space 427
pulse 420
space 450
pulse 418
space 469
pulse 400
space 454
pulse 394
space 449
pulse 419
space 454
pulse 414
space 454
pulse 415
space 1307
pulse 441
space 1293
pulse 454
space 417
pulse 423
space 1290
pulse 450
space 447
pulse 416
space 1298
pulse 450
timeout 214789
pulse 3486
space 1707
pulse 479
space 1264
pulse 469
space 400
pulse 447
space 423
pulse 445
space 423
pulse 424
space 1318
pulse 440
space 401
pulse 445
space 425
pulse 474
space 397
pulse 440
space 402
pulse 445
space 1296
pulse 449
space 420
pulse 472
space 1270
pulse 446
space 1296
pulse 473
space 397
pulse 451
space 1291
pulse 447
space 1294
pulse 443
space 1301
pulse 450
space 1291
pulse 445
space 1296
pulse 442
space 400
pulse 446
space 424
pulse 444
space 1298
pulse 471
space 403
pulse 465
space 400
pulse 424
space 419
pulse 460
space 411
pulse 450
space 419
pulse 448
space 396
pulse 441
space 1300
pulse 500
space 1242
pulse 475
space 1265
pulse 451
space 1291
pulse 447
space 452
pulse 447
space 393
pulse 444
space 426
pulse 422
space 422
pulse 446
space 424
pulse 445
space 425
pulse 452
space 390
pulse 446
space 424
pulse 444
space 428
pulse 440
space 400
pulse 478
space 391
pulse 446
space 424
pulse 444
space 426
pulse 422
space 421
pulse 446
space 450
pulse 448
space 408
pulse 431
space 398
pulse 478
space 393
pulse 444
space 425
pulse 526
space 343
pulse 420
space 423
pulse 445
space 435
pulse 433
space 443
pulse 456
space 370
pulse 447
space 423
pulse 445
space 1297
pulse 450
space 420
pulse 448
space 394
pulse 442
space 428
pulse 450
space 419
pulse 470
space 400
pulse 447
space 394
pulse 443
space 29981
pulse 3525
space 1699
pulse 441
space 1300
pulse 469
space 400
pulse 448
space 422
pulse 425
space 418
pulse 453
space 1288
pulse 445
space 424
pulse 444
space 427
pulse 421
space 449
pulse 419
space 423
pulse 445
space 1297
pulse 456
space 413
pulse 470
space 1272
pulse 445
space 1296
pulse 473
space 370
pulse 446
space 1215
pulse 532
space 1059
pulse 782
space 1191
pulse 474
space 1266
pulse 451
space 1291
pulse 446
space 451
pulse 417
space 425
pulse 443
space 1299
pulse 449
space 420
pulse 417
space 426
pulse 441
space 429
pulse 465
space 405
pulse 448
space 395
pulse 442
space 443
pulse 436
space 428
pulse 440
space 421
pulse 447
space 395
pulse 456
space 415
pulse 449
space 421
pulse 416
space 427
pulse 441
space 432
pulse 447
space 421
pulse 448
space 394
pulse 443
space 427
pulse 451
space 419
pulse 469
space 401
pulse 415
space 1326
pulse 421
space 421
pulse 447
space 422
pulse 446
space 424
pulse 444
space 399
pulse 452
space 419
pulse 457
space 1284
pulse 441
space 428
pulse 451
space 1291
pulse 446
space 422
pulse 424
space 419
pulse 449
space 1292
pulse 445
space 425
pulse 443
space 1299
pulse 450
space 419
pulse 418
space 425
pulse 442
space 429
pulse 450
space 420
pulse 468
space 374
pulse 442
space 427
pulse 452
space 419
pulse 470
space 399
pulse 418
space 425
pulse 474
space 398
pulse 449
space 421
pulse 468
space 375
pulse 441
space 428
pulse 451
space 418
pulse 450
space 1293
pulse 476
space 1266
pulse 450
space 1209
pulse 529
space 423
pulse 414
space 428
pulse 450
space 419
pulse 449
space 421
pulse 447
space 397
pulse 450
space 420
pulse 448
space 422
pulse 477
space 364
pulse 453
space 417
pulse 451
space 420
pulse 469
space 401
pulse 415
space 428
pulse 450
space 421
pulse 447
space 423
pulse 445
space 396
pulse 503
space 366
pulse 450
space 420
pulse 448
space 422
pulse 414
space 429
pulse 450
space 421
pulse 447
space 421
pulse 446
space 397
pulse 451
space 419
pulse 470
space 401
pulse 478
space 364
pulse 452
space 418
pulse 448
space 421
pulse 447
space 423
pulse 414
space 430
pulse 448
space 447
pulse 421
space 449
pulse 419
space 396
pulse 451
space 419
pulse 450
space 421
pulse 477
space 392
pulse 445
space 397
pulse 449
space 421
pulse 448
space 433
pulse 435
space 406
pulse 461
space 400
pulse 447
space 423
pulse 477
space 366
pulse 502
space 368
pulse 448
space 421
pulse 447
space 423
pulse 425
space 419
pulse 449
space 420
pulse 447
space 422
pulse 446
space 398
pulse 450
space 420
pulse 448
space 422
pulse 447
space 423
pulse 445
space 397
pulse 450
space 420
pulse 459
space 410
pulse 446
space 1297
pulse 464
space 1277
pulse 447
space 397
pulse 440
space 1299
pulse 448
space 422
pulse 466
space 403
pulse 444
space 425
pulse 422
space 421
pulse 469
space 401
pulse 446
space 424
pulse 423
space 419
pulse 448
space 423
pulse 569
space 299
pulse 558
space 286
pulse 447
space 422
pulse 447
space 423
pulse 476
space 406
pulse 410
space 420
pulse 448
space 423
pulse 445
space 1297
pulse 451
space 1290
pulse 469
space 1275
pulse 441
space 426
pulse 472
space 1270
pulse 450
space 391
pulse 442
space 1300
pulse 448
timeout 211266
pulse 3480
space 1737
pulse 414
space 1322
pulse 419
space 423
pulse 442
space 428
pulse 471
space 400
pulse 448
space 1294
pulse 444
space 427
pulse 421
space 422
pulse 478
space 392
pulse 443
space 453
pulse 395
space 1347
pulse 393
space 432
pulse 432
space 1299
pulse 449
space 1292
pulse 446
space 424
pulse 474
space 1294
pulse 443
space 1271
pulse 445
space 1323
pulse 428
space 1287
pulse 447
space 1294
pulse 445
space 423
pulse 444
space 401
pulse 446
space 1296
pulse 442
space 437
pulse 442
space 420
pulse 448
space 394
pulse 443
space 426
pulse 453
space 418
pulse 449
space 420
pulse 417
space 1325
pulse 423
space 1319
pulse 419
space 1324
pulse 416
space 1324
pulse 429
space 418
pulse 442
space 423
pulse 477
space 394
pulse 443
space 400
pulse 446
space 425
pulse 443
space 431
pulse 468
space 395
pulse 422
space 421
pulse 446
space 424
pulse 444
space 430
pulse 417
space 422
pulse 447
space 424
pulse 444
space 425
pulse 443
space 404
pulse 443
space 423
pulse 445
space 425
pulse 443
space 431
pulse 437
space 402
pulse 445
space 425
pulse 446
space 424
pulse 441
space 402
pulse 445
space 424
pulse 444
space 429
pulse 449
space 418
pulse 420
space 423
pulse 445
space 1299
pulse 448
space 418
pulse 449
space 421
pulse 448
space 398
pulse 439
space 428
pulse 454
space 418
pulse 467
space 374
pulse 473
space 29949
pulse 3495
space 1729
pulse 442
space 1299
pulse 452
space 420
pulse 446
space 422
pulse 497
space 345
pulse 471
space 1271
pulse 478
space 392
pulse 444
space 427
pulse 441
space 401
pulse 447
space 454
pulse 418
space 1293
pulse 451
space 418
pulse 449
space 1292
pulse 445
space 1297
pulse 441
space 429
pulse 426
space 1316
pulse 414
space 1327
pulse 421
space 1320
pulse 417
space 1351
pulse 396
space 1331
pulse 438
space 393
pulse 444
space 425
pulse 477
space 1265
pulse 449
space 421
pulse 449
space 394
pulse 442
space 428
pulse 450
space 421
pulse 455
space 417
pulse 418
space 450
pulse 423
space 420
pulse 448
space 421
pulse 478
space 393
pulse 444
space 398
pulse 449
space 421
pulse 468
space 375
pulse 451
space 418
pulse 450
space 420
pulse 448
space 424
pulse 414
space 454
pulse 423
space 419
pulse 469
space 403
pulse 445
space 1295
pulse 445
space 398
pulse 447
space 422
pulse 445
space 426
pulse 443
space 429
pulse 421
space 422
pulse 443
space 1297
pulse 451
space 419
pulse 449
space 1292
pulse 445
space 425
pulse 449
space 393
pulse 469
space 1273
pulse 444
space 431
pulse 437
space 1299
pulse 462
space 408
pulse 447
space 423
pulse 424
space 419
pulse 449
space 425
pulse 443
space 430
pulse 407
space 427
pulse 457
space 418
pulse 444
space 422
pulse 446
space 397
pulse 450
space 420
pulse 448
space 421
pulse 447
space 423
pulse 424
space 419
pulse 470
space 400
pulse 447
space 1297
pulse 441
space 1298
pulse 470
space 1271
pulse 477
space 393
pulse 444
space 399
pulse 450
space 422
pulse 445
space 452
pulse 447
space 395
pulse 421
space 421
pulse 447
space 423
pulse 447
space 423
pulse 422
space 420
pulse 453
space 418
pulse 445
space 424
pulse 444
space 426
pulse 442
space 401
pulse 477
space 393
pulse 444
space 426
pulse 421
space 421
pulse 447
space 432
pulse 467
space 395
pulse 442
space 400
pulse 447
space 452
pulse 417
space 428
pulse 439
space 434
pulse 413
space 422
pulse 447
space 423
pulse 444
space 426
pulse 422
space 421
pulse 452
space 419
pulse 444
space 425
pulse 443
space 400
pulse 447
space 430
pulse 469
space 393
pulse 443
space 426
pulse 421
space 422
pulse 446
space 424
pulse 475
space 396
pulse 449
space 394
pulse 446
space 423
pulse 476
space 394
pulse 443
space 435
pulse 418
space 418
pulse 445
space 425
pulse 443
space 427
pulse 451
space 400
pulse 468
space 393
pulse 448
space 423
pulse 472
space 370
pulse 447
space 424
pulse 443
space 426
pulse 450
space 422
pulse 418
space 422
pulse 498
space 372
pulse 443
space 434
pulse 434
space 402
pulse 444
space 424
pulse 444
space 427
pulse 440
space 1301
pulse 449
space 1294
pulse 474
space 394
pulse 422
space 427
pulse 472
space 393
pulse 476
space 394
pulse 442
space 401
pulse 468
space 403
pulse 444
space 424
pulse 448
space 395
pulse 469
space 402
pulse 446
space 425
pulse 474
space 399
pulse 417
space 421
pulse 447
space 451
pulse 479
space 365
pulse 442
space 405
pulse 462
space 401
pulse 446
space 424
pulse 444
space 431
pulse 418
space 1323
pulse 418
space 1321
pulse 443
space 400
pulse 448
space 1293
pulse 447
space 423
pulse 474
space 1276
pulse 441
timeout 215324
pulse 3493
space 1729
pulse 474
space 1268
pulse 449
space 420
pulse 417
space 426
pulse 442
space 430
pulse 470
space 1272
pulse 445
space 424
pulse 444
space 399
pulse 470
space 427
pulse 420
space 423
pulse 445
space 1297
pulse 472
space 370
pulse 446
space 1295
pulse 442
space 1301
pulse 478
space 392
pulse 444
space 1295
pulse 473
space 1269
pulse 455
space 1287
pulse 475
space 1266
pulse 451
space 1291
pulse 447
space 423
pulse 445
space 425
pulse 443
space 1299
pulse 418
space 424
pulse 444
space 426
pulse 442
space 428
pulse 450
space 393
pulse 444
space 426
pulse 442
space 428
pulse 451
space 1291
pulse 447
space 1295
pulse 443
space 1299
pulse 469
space 1272
pulse 476
space 394
pulse 422
space 420
pulse 448
space 422
pulse 445
space 424
pulse 495
space 347
pulse 448
space 422
pulse 446
space 425
pulse 444
space 398
pulse 470
space 400
pulse 447
space 423
pulse 476
space 405
pulse 411
space 422
pulse 447
space 422
pulse 453
space 417
pulse 459
space 384
pulse 448
space 422
pulse 446
space 426
pulse 442
space 426
pulse 421
space 421
pulse 447
space 423
pulse 445
space 425
pulse 442
space 400
pulse 447
space 423
pulse 445
space 425
pulse 474
space 368
pulse 448
space 1293
pulse 445
space 425
pulse 474
space 397
pulse 471
space 399
pulse 417
space 425
pulse 443
space 428
pulse 472
space 399
pulse 469
space 29952
pulse 3492
space 1731
pulse 419
space 1322
pulse 416
space 426
pulse 442
space 428
pulse 450
space 420
pulse 448
space 1294
pulse 423
space 420
pulse 448
space 422
pulse 446
space 424
pulse 444
space 404
pulse 464
space 1271
pulse 477
space 394
pulse 443
space 1298
pulse 450
space 1292
pulse 448
space 422
pulse 444
space 1303
pulse 445
space 1291
pulse 446
space 1295
pulse 443
space 1296
pulse 452
space 1292
pulse 477
space 420
pulse 396
space 421
pulse 478
space 1262
pulse 444
space 429
pulse 439
space 428
pulse 471
space 372
pulse 444
space 453
pulse 415
space 427
pulse 451
space 419
pulse 424
space 419
pulse 443
space 426
pulse 452
space 419
pulse 418
space 426
pulse 473
space 395
pulse 442
space 455
pulse 455
space 361
pulse 444
space 425
pulse 443
space 427
pulse 451
space 419
pulse 430
space 413
pulse 476
space 393
pulse 441
space 1301
pulse 447
space 427
pulse 442
space 397
pulse 471
space 399
pulse 469
space 400
pulse 447
space 450
pulse 397
space 1317
pulse 441
space 402
pulse 477
space 393
pulse 475
space 1268
pulse 449
space 421
pulse 416
space 425
pulse 443
space 1299
pulse 449
space 1292
pulse 445
space 453
pulse 416
space 428
pulse 452
space 390
pulse 445
space 424
pulse 444
space 426
pulse 442
space 429
pulse 419
space 424
pulse 444
space 426
pulse 442
space 429
pulse 471
space 371
pulse 445
space 425
pulse 442
space 427
pulse 455
space 416
pulse 419
space 425
pulse 443
space 454
pulse 425
space 1300
pulse 439
space 420
pulse 447
space 1298
pulse 439
space 401
pulse 447
space 423
pulse 445
space 425
pulse 443
space 400
pulse 447
space 422
pulse 446
space 451
pulse 448
space 396
pulse 420
space 421
pulse 498
space 372
pulse 444
space 425
pulse 442
space 400
pulse 447
space 460
pulse 408
space 426
pulse 442
space 427
pulse 420
space 450
pulse 422
space 421
pulse 444
space 426
pulse 442
space 400
pulse 478
space 391
pulse 477
space 394
pulse 442
space 400
pulse 447
space 423
pulse 445
space 425
pulse 443
space 427
pulse 421
space 423
pulse 445
space 424
pulse 445
space 426
pulse 452
space 390
pulse 447
space 424
pulse 444
space 425
pulse 443
space 428
pulse 420
space 424
pulse 475
space 400
pulse 468
space 395
pulse 472
space 370
pulse 446
space 424
pulse 450
space 420
pulse 442
space 402
pulse 446
space 423
pulse 445
space 1298
pulse 451
space 419
pulse 449
space 421
pulse 416
space 427
pulse 441
space 428
pulse 450
space 420
pulse 448
space 394
pulse 443
space 428
pulse 451
space 419
pulse 449
space 421
pulse 416
space 426
pulse 452
space 419
pulse 449
space 421
pulse 447
space 395
pulse 453
space 416
pulse 450
space 1291
pulse 446
space 1295
pulse 442
space 428
pulse 450
space 420
pulse 417
space 426
pulse 442
space 428
pulse 451
space 419
pulse 418
space 425
pulse 448
space 421
pulse 485
space 386
pulse 449
space 392
pulse 590
space 283
pulse 439
space 428
pulse 450
space 420
pulse 417
space 426
pulse 442
space 428
pulse 450
space 420
pulse 469
space 373
pulse 474
space 1267
pulse 450
space 421
pulse 447
space 1294
pulse 443
space 427
pulse 442
space 429
pulse 418
space 1323
pulse 415
space 1335
pulse 413
space 422
pulse 481
timeout 211645
pulse 3459
space 1734
pulse 448
space 1294
pulse 443
space 426
pulse 473
space 397
pulse 451
space 418
pulse 418
space 1323
pulse 424
space 419
pulse 470
space 400
pulse 478
space 392
pulse 476
space 367
pulse 450
space 1291
pulse 446
space 423
pulse 480
space 1262
pulse 450
space 1291
pulse 446
space 423
pulse 445
space 1296
pulse 451
space 1291
pulse 446
space 1295
pulse 442
space 1299
pulse 472
space 1270
pulse 445
space 396
pulse 450
space 421
pulse 453
space 1288
pulse 474
space 395
pulse 443
space 427
pulse 420
space 423
pulse 445
space 426
pulse 452
space 418
pulse 450
space 392
pulse 445
space 1297
pulse 472
space 1269
pulse 448
space 1294
pulse 443
space 1299
pulse 449
space 425
pulse 443
space 422
pulse 446
space 423
pulse 424
space 419
pulse 448
space 421
pulse 447
space 424
pulse 444
space 399
pulse 469
space 401
pulse 477
space 392
pulse 446
space 424
pulse 423
space 420
pulse 448
space 421
pulse 477
space 394
pulse 423
space 420
pulse 449
space 422
pulse 445
space 423
pulse 445
space 397
pulse 450
space 421
pulse 448
space 422
pulse 445
space 426
pulse 422
space 422
pulse 446
space 423
pulse 445
space 424
pulse 445
space 399
pulse 449
space 421
pulse 447
space 1295
pulse 442
space 428
pulse 450
space 419
pulse 418
space 426
pulse 473
space 396
pulse 452
space 418
pulse 419
space 424
pulse 444
space 29979
pulse 3504
space 1718
pulse 444
space 1297
pulse 451
space 418
pulse 450
space 447
pulse 390
space 454
pulse 414
space 1302
pulse 446
space 423
pulse 455
space 414
pulse 424
space 419
pulse 448
space 422
pulse 446
space 1297
pulse 440
space 428
pulse 450
space 1291
pulse 477
space 1264
pulse 443
space 400
pulse 479
space 1290
pulse 417
space 1299
pulse 448
space 1292
pulse 446
space 1295
pulse 442
space 1301
pulse 468
space 428
pulse 419
space 431
pulse 437
space 1298
pulse 450
space 418
pulse 418
space 433
pulse 435
space 440
pulse 460
space 400
pulse 448
space 394
pulse 443
space 426
pulse 442
space 428
pulse 451
space 447
pulse 421
space 394
pulse 452
space 418
pulse 471
space 399
pulse 448
space 395
pulse 473
space 396
pulse 451
space 419
pulse 449
space 393
pulse 444
space 426
pulse 451
space 419
pulse 470
space 400
pulse 416
space 1325
pulse 427
space 415
pulse 461
space 409
pulse 448
space 423
pulse 448
space 395
pulse 450
space 426
pulse 441
space 1295
pulse 474
space 396
pulse 452
space 1290
pulse 447
space 422
pulse 414
space 428
pulse 450
space 1292
pulse 445
space 451
pulse 417
space 1297
pulse 451
space 419
pulse 460
space 382
pulse 443
space 428
pulse 450
space 419
pulse 449
space 394
pulse 475
space 422
pulse 425
space 445
pulse 423
space 420
pulse 416
space 427
pulse 441
space 429
pulse 450
space 420
pulse 469
space 403
pulse 413
space 427
pulse 452
space 418
pulse 450
space 1292
pulse 476
space 1266
pulse 451
space 1290
pulse 447
space 449
pulse 388
space 427
pulse 454
space 416
pulse 448
space 423
pulse 445
space 397
pulse 451
space 420
pulse 448
space 421
pulse 448
space 422
pulse 425
space 418
pulse 450
space 420
pulse 468
space 402
pulse 424
space 419
pulse 449
space 450
pulse 418
space 450
pulse 418
space 397
pulse 450
space 446
pulse 422
space 421
pulse 447
space 423
pulse 424
space 419
pulse 449
space 421
pulse 447
space 451
pulse 417
space 397
pulse 450
space 419
pulse 469
space 401
pulse 447
space 423
pulse 423
space 447
pulse 421
space 422
pulse 446
space 424
pulse 423
space 418
pulse 450
space 420
pulse 448
space 422
pulse 446
space 397
pulse 450
space 420
pulse 448
space 422
pulse 477
space 393
pulse 423
space 420
pulse 449
space 421
pulse 461
space 411
pulse 443
space 397
pulse 450
space 421
pulse 479
space 393
pulse 444
space 425
pulse 423
space 420
pulse 449
space 448
pulse 420
space 450
pulse 397
space 419
pulse 456
space 414
pulse 447
space 424
pulse 444
space 398
pulse 470
space 405
pulse 463
space 401
pulse 446
space 423
pulse 424
space 419
pulse 449
space 421
pulse 446
space 423
pulse 445
space 1308
pulse 461
space 1270
pulse 447
space 395
pulse 473
space 397
pulse 470
space 400
pulse 447
space 423
pulse 424
space 420
pulse 448
space 420
pulse 448
space 421
pulse 416
space 427
pulse 472
space 398
pulse 449
space 421
pulse 447
space 396
pulse 451
space 419
pulse 450
space 420
pulse 530
space 340
pulse 445
space 397
pulse 454
space 416
pulse 460
space 410
pulse 476
space 367
pulse 450
space 1299
pulse 439
space 1295
pulse 442
space 427
pulse 452
space 1291
pulse 446
space 423
pulse 445
space 1297
pulse 451
timeout 214539

# 2026-02-25T15:54:02.780706+00:00  description=away mode on then same off
pulse 3492
space 1730
pulse 443
space 1311
pulse 437
space 429
pulse 408
space 453
pulse 415
space 455
pulse 423
space 1291
pulse 447
space 423
pulse 424
space 446
pulse 422
space 448
pulse 423
space 450
pulse 394
space 1317
pulse 421
space 449
pulse 419
space 1295
pulse 443
space 1298
pulse 449
space 448
pulse 420
space 1295
pulse 443
space 1299
pulse 449
space 1292
pulse 454
space 1287
pulse 452
space 1289
pulse 448
space 449
pulse 421
space 422
pulse 423
space 1291
pulse 447
space 450
pulse 418
space 452
pulse 416
space 454
pulse 401
space 441
pulse 419
space 451
pulse 416
space 456
pulse 412
space 1299
pulse 449
space 1293
pulse 445
space 1297
pulse 451
space 1290
pulse 499
space 345
pulse 451
space 446
pulse 422
space 447
pulse 420
space 422
pulse 415
space 455
pulse 424
space 447
pulse 421
space 449
pulse 388
space 468
pulse 410
space 456
pulse 412
space 448
pulse 420
space 423
pulse 423
space 446
pulse 422
space 448
pulse 420
space 449
pulse 388
space 456
pulse 422
space 447
pulse 421
space 449
pulse 419
space 424
pulse 424
space 446
pulse 422
space 455
pulse 413
space 450
pulse 387
space 456
pulse 423
space 447
pulse 429
space 441
pulse 396
space 447
pulse 423
space 1290
pulse 447
space 450
pulse 418
space 452
pulse 416
space 426
pulse 420
space 450
pulse 418
space 453
pulse 415
space 453
pulse 394
space 29975
pulse 3490
space 1761
pulse 421
space 1293
pulse 445
space 452
pulse 416
space 456
pulse 422
space 419
pulse 429
space 1286
pulse 454
space 444
pulse 423
space 447
pulse 421
space 450
pulse 387
space 455
pulse 423
space 1290
pulse 447
space 451
pulse 418
space 1298
pulse 450
space 1290
pulse 448
space 450
pulse 419
space 1296
pulse 451
space 1289
pulse 448
space 1293
pulse 445
space 1297
pulse 451
space 1291
pulse 447
space 433
pulse 415
space 445
pulse 422
space 1291
pulse 498
space 373
pulse 443
space 455
pulse 393
space 448
pulse 418
space 451
pulse 417
space 453
pulse 394
space 449
pulse 421
space 449
pulse 418
space 452
pulse 416
space 430
pulse 418
space 449
pulse 419
space 451
pulse 417
space 453
pulse 399
space 444
pulse 419
space 450
pulse 418
space 453
pulse 415
space 427
pulse 420
space 450
pulse 418
space 452
pulse 418
space 1296
pulse 451
space 447
pulse 390
space 453
pulse 415
space 454
pulse 429
space 441
pulse 422
space 421
pulse 416
space 1297
pulse 450
space 447
pulse 421
space 449
pulse 418
space 1295
pulse 450
space 422
pulse 417
space 450
pulse 418
space 1296
pulse 452
space 1291
pulse 447
space 449
pulse 419
space 451
pulse 396
space 447
pulse 421
space 449
pulse 419
space 451
pulse 417
space 429
pulse 418
space 455
pulse 413
space 461
pulse 407
space 452
pulse 399
space 444
pulse 421
space 449
pulse 423
space 447
pulse 417
space 426
pulse 421
space 449
pulse 420
space 450
pulse 418
space 1296
pulse 452
space 418
pulse 419
space 1295
pulse 442
space 455
pulse 423
space 447
pulse 421
space 449
pulse 388
space 455
pulse 424
space 446
pulse 428
space 442
pulse 432
space 411
pulse 414
space 456
pulse 423
space 451
pulse 417
space 450
pulse 387
space 455
pulse 424
space 446
pulse 425
space 445
pulse 420
space 423
pulse 425
space 446
pulse 422
space 448
pulse 420
space 423
pulse 415
space 455
pulse 423
space 447
pulse 421
space 449
pulse 388
space 455
pulse 424
space 446
pulse 422
space 448
pulse 420
space 423
pulse 424
space 445
pulse 423
space 447
pulse 421
space 449
pulse 388
space 455
pulse 423
space 447
pulse 422
space 448
pulse 420
space 423
pulse 425
space 445
pulse 422
space 448
pulse 420
space 450
pulse 387
space 455
pulse 423
space 447
pulse 421
space 449
pulse 388
space 455
pulse 424
space 446
pulse 422
space 1292
pulse 446
space 452
pulse 417
space 427
pulse 420
space 449
pulse 418
space 452
pulse 416
space 453
pulse 394
space 449
pulse 419
space 451
pulse 417
space 455
pulse 415
space 426
pulse 420
space 450
pulse 418
space 452
pulse 416
space 454
pulse 394
space 449
pulse 419
space 451
pulse 417
space 1297
pulse 451
space 1290
pulse 447
space 450
pulse 397
space 446
pulse 422
space 448
pulse 421
space 450
pulse 419
space 424
pulse 423
space 447
pulse 422
space 449
pulse 419
space 451
pulse 397
space 446
pulse 422
space 453
pulse 415
space 450
pulse 418
space 425
pulse 423
space 447
pulse 427
space 443
pulse 419
space 451
pulse 396
space 447
pulse 421
space 1293
pulse 446
space 451
pulse 415
space 1299
pulse 449
space 447
pulse 390
space 453
pulse 415
space 1299
pulse 449
space 1293
pulse 445
space 453
pulse 416
timeout 210863
pulse 3492
space 1729
pulse 422
space 1319
pulse 429
space 442
pulse 434
space 437
pulse 424
space 446
pulse 391
space 1323
pulse 425
space 445
pulse 422
space 448
pulse 420
space 450
pulse 418
space 425
pulse 422
space 1291
pulse 447
space 451
pulse 417
space 1297
pulse 451
space 1290
pulse 447
space 451
pulse 417
space 1297
pulse 451
space 1290
pulse 448
space 1294
pulse 444
space 1299
pulse 501
space 1240
pulse 445
space 451
pulse 396
space 447
pulse 421
space 1293
pulse 444
space 453
pulse 415
space 455
pulse 423
space 420
pulse 417
space 453
pulse 415
space 455
pulse 424
space 446
pulse 391
space 1323
pulse 425
space 1317
pulse 421
space 1321
pulse 417
space 1325
pulse 423
space 447
pulse 421
space 449
pulse 419
space 451
pulse 396
space 447
pulse 421
space 449
pulse 419
space 450
pulse 418
space 425
pulse 422
space 448
pulse 430
space 440
pulse 418
space 452
pulse 395
space 447
pulse 421
space 449
pulse 419
space 451
pulse 417
space 426
pulse 422
space 448
pulse 419
space 450
pulse 418
space 452
pulse 395
space 448
pulse 420
space 450
pulse 419
space 451
pulse 416
space 426
pulse 421
space 449
pulse 419
space 451
pulse 417
space 426
pulse 422
space 448
pulse 420
space 1294
pulse 443
space 467
pulse 411
space 446
pulse 391
space 451
pulse 421
space 449
pulse 425
space 446
pulse 422
space 420
pulse 417
space 29977
pulse 3497
space 1728
pulse 444
space 1297
pulse 450
space 447
pulse 421
space 449
pulse 388
space 455
pulse 423
space 1305
pulse 432
space 450
pulse 418
space 452
pulse 416
space 427
pulse 420
space 450
pulse 418
space 1296
pulse 452
space 445
pulse 423
space 1291
pulse 446
space 1295
pulse 455
space 444
pulse 391
space 1323
pulse 417
space 1325
pulse 421
space 1319
pulse 418
space 1323
pulse 425
space 1316
pulse 420
space 450
pulse 418
space 452
pulse 416
space 1298
pulse 450
space 447
pulse 421
space 422
pulse 415
space 455
pulse 425
space 445
pulse 421
space 422
pulse 415
space 455
pulse 424
space 446
pulse 421
space 448
pulse 389
space 454
pulse 424
space 446
pulse 422
space 450
pulse 417
space 422
pulse 414
space 456
pulse 423
space 447
pulse 421
space 449
pulse 388
space 455
pulse 423
space 446
pulse 421
space 449
pulse 419
space 1295
pulse 443
space 427
pulse 420
space 450
pulse 419
space 451
pulse 419
space 453
pulse 391
space 449
pulse 419
space 1295
pulse 443
space 455
pulse 424
space 1290
pulse 466
space 433
pulse 396
space 446
pulse 422
space 1295
pulse 443
space 451
pulse 416
space 1297
pulse 451
space 447
pulse 421
space 422
pulse 415
space 455
pulse 423
space 447
pulse 421
space 449
pulse 388
space 454
pulse 424
space 446
pulse 432
space 438
pulse 437
space 406
pulse 414
space 456
pulse 422
space 448
pulse 420
space 450
pulse 387
space 455
pulse 423
space 452
pulse 416
space 1293
pulse 445
space 1296
pulse 451
space 1291
pulse 447
space 450
pulse 397
space 446
pulse 423
space 446
pulse 421
space 449
pulse 419
space 424
pulse 423
space 447
pulse 421
space 449
pulse 420
space 451
pulse 396
space 446
pulse 422
space 448
pulse 420
space 450
pulse 424
space 419
pulse 422
space 448
pulse 420
space 450
pulse 418
space 452
pulse 396
space 447
pulse 421
space 449
pulse 419
space 451
pulse 397
space 446
pulse 422
space 448
pulse 420
space 451
pulse 418
space 425
pulse 422
space 447
pulse 421
space 449
pulse 419
space 451
pulse 396
space 447
pulse 421
space 449
pulse 419
space 451
pulse 417
space 431
pulse 416
space 448
pulse 420
space 450
pulse 418
space 452
pulse 396
space 447
pulse 421
space 449
pulse 419
space 452
pulse 417
space 425
pulse 422
space 448
pulse 420
space 449
pulse 418
space 425
pulse 423
space 447
pulse 421
space 449
pulse 418
space 452
pulse 396
space 447
pulse 421
space 449
pulse 419
space 450
pulse 418
space 425
pulse 423
space 447
pulse 420
space 450
pulse 418
space 452
pulse 395
space 447
pulse 421
space 449
pulse 419
space 454
pulse 414
space 426
pulse 422
space 448
pulse 420
space 450
pulse 423
space 1291
pulse 452
space 1290
pulse 448
space 422
pulse 425
space 445
pulse 423
space 447
pulse 420
space 450
pulse 387
space 455
pulse 423
space 447
pulse 421
space 454
pulse 414
space 423
pulse 424
space 446
pulse 422
space 448
pulse 420
space 450
pulse 397
space 446
pulse 423
space 447
pulse 422
space 448
pulse 418
space 424
pulse 424
space 446
pulse 421
space 448
pulse 420
space 423
pulse 424
space 1290
pulse 447
space 1294
pulse 443
space 453
pulse 425
space 1290
pulse 454
space 443
pulse 419
space 1295
pulse 442
timeout 214283

# 2026-02-25T15:54:39.967383+00:00  description=temp up: 70 71 72. then down 71 70 69
pulse 191
timeout 213000
pulse 3494
space 1728
pulse 424
space 1318
pulse 420
space 457
pulse 417
space 421
pulse 441
space 428
pulse 451
space 1290
pulse 447
space 423
pulse 424
space 446
pulse 422
space 421
pulse 447
space 450
pulse 397
space 1316
pulse 421
space 449
pulse 419
space 1295
pulse 505
space 1238
pulse 448
space 449
pulse 419
space 1295
pulse 443
space 1298
pulse 450
space 1298
pulse 439
space 1299
pulse 449
space 1290
pulse 448
space 449
pulse 419
space 397
pulse 450
space 1291
pulse 447
space 451
pulse 417
space 453
pulse 418
space 425
pulse 420
space 450
pulse 418
space 452
pulse 416
space 454
pulse 395
space 1320
pulse 417
space 1325
pulse 423
space 1318
pulse 419
space 1322
pulse 415
space 455
pulse 423
space 420
pulse 449
space 449
pulse 419
space 424
pulse 424
space 451
pulse 420
space 417
pulse 453
space 444
pulse 397
space 446
pulse 422
space 448
pulse 420
space 450
pulse 419
space 397
pulse 450
space 447
pulse 421
space 449
pulse 419
space 424
pulse 424
space 419
pulse 449
space 421
pulse 447
space 450
pulse 397
space 451
pulse 417
space 420
pulse 448
space 449
pulse 419
space 424
pulse 423
space 447
pulse 421
space 449
pulse 419
space 451
pulse 396
space 419
pulse 449
space 1292
pulse 449
space 449
pulse 418
space 453
pulse 425
space 418
pulse 419
space 451
pulse 417
space 454
pulse 415
space 455
pulse 392
space 29976
pulse 3498
space 1726
pulse 446
space 1298
pulse 450
space 445
pulse 423
space 424
pulse 444
space 430
pulse 407
space 1299
pulse 449
space 449
pulse 420
space 423
pulse 444
space 432
pulse 419
space 418
pulse 446
space 1294
pulse 443
space 427
pulse 452
space 1290
pulse 448
space 1294
pulse 444
space 454
pulse 393
space 1320
pulse 417
space 1324
pulse 429
space 1314
pulse 418
space 1322
pulse 415
space 1326
pulse 422
space 449
pulse 420
space 450
pulse 418
space 1296
pulse 452
space 419
pulse 449
space 421
pulse 416
space 454
pulse 430
space 418
pulse 445
space 420
pulse 417
space 426
pulse 442
space 455
pulse 423
space 420
pulse 448
space 422
pulse 415
space 427
pulse 451
space 419
pulse 449
space 448
pulse 389
space 427
pulse 452
space 418
pulse 450
space 420
pulse 417
space 430
pulse 437
space 443
pulse 435
space 447
pulse 421
space 1292
pulse 445
space 398
pulse 449
space 421
pulse 447
space 450
pulse 418
space 425
pulse 423
space 421
pulse 448
space 1294
pulse 443
space 453
pulse 415
space 428
pulse 450
space 1292
pulse 445
space 396
pulse 451
space 1291
pulse 447
space 450
pulse 418
space 1296
pulse 452
space 446
pulse 422
space 426
pulse 424
space 440
pulse 415
space 455
pulse 423
space 447
pulse 428
space 415
pulse 415
space 455
pulse 423
space 447
pulse 422
space 394
pulse 443
space 427
pulse 452
space 419
pulse 449
space 420
pulse 417
space 426
pulse 442
space 428
pulse 450
space 1291
pulse 447
space 1295
pulse 443
space 1302
pulse 446
space 421
pulse 447
space 423
pulse 425
space 445
pulse 422
space 429
pulse 439
space 434
pulse 413
space 418
pulse 450
space 420
pulse 448
space 422
pulse 446
space 425
pulse 422
space 419
pulse 449
space 421
pulse 446
space 424
pulse 428
space 418
pulse 446
space 421
pulse 447
space 450
pulse 397
space 418
pulse 450
space 420
pulse 448
space 422
pulse 447
space 396
pulse 450
space 447
pulse 421
space 421
pulse 447
space 425
pulse 422
space 419
pulse 449
space 421
pulse 447
space 423
pulse 445
space 402
pulse 446
space 420
pulse 448
space 422
pulse 446
space 424
pulse 423
space 420
pulse 449
space 422
pulse 448
space 450
pulse 397
space 446
pulse 422
space 421
pulse 453
space 419
pulse 443
space 398
pulse 450
space 420
pulse 448
space 422
pulse 446
space 452
pulse 410
space 406
pulse 448
space 449
pulse 419
space 423
pulse 445
space 398
pulse 449
space 421
pulse 448
space 422
pulse 445
space 425
pulse 422
space 420
pulse 454
space 429
pulse 433
space 424
pulse 423
space 420
pulse 448
space 422
pulse 446
space 451
pulse 417
space 426
pulse 422
space 421
pulse 447
space 423
pulse 445
space 1298
pulse 450
space 1290
pulse 448
space 423
pulse 425
space 418
pulse 450
space 421
pulse 448
space 450
pulse 418
space 424
pulse 423
space 420
pulse 452
space 420
pulse 445
space 451
pulse 397
space 419
pulse 449
space 421
pulse 447
space 423
pulse 424
space 426
pulse 442
space 449
pulse 420
space 422
pulse 446
space 397
pulse 456
space 442
pulse 421
space 1293
pulse 445
space 432
pulse 436
space 1299
pulse 449
space 1292
pulse 448
space 426
pulse 420
space 1318
pulse 418
space 428
pulse 440
space 1297
pulse 450
timeout 215624
pulse 3494
space 1728
pulse 441
space 1300
pulse 419
space 452
pulse 418
space 424
pulse 442
space 428
pulse 451
space 1290
pulse 447
space 396
pulse 451
space 419
pulse 449
space 421
pulse 447
space 423
pulse 424
space 1317
pulse 421
space 422
pulse 446
space 1295
pulse 442
space 1299
pulse 449
space 422
pulse 446
space 1295
pulse 444
space 1298
pulse 501
space 1242
pulse 444
space 1296
pulse 452
space 1295
pulse 445
space 419
pulse 417
space 426
pulse 450
space 1297
pulse 441
space 423
pulse 444
space 425
pulse 443
space 400
pulse 447
space 450
pulse 422
space 421
pulse 459
space 411
pulse 421
space 1321
pulse 417
space 1325
pulse 423
space 1318
pulse 419
space 1322
pulse 415
space 428
pulse 451
space 420
pulse 448
space 421
pulse 447
space 396
pulse 451
space 419
pulse 450
space 421
pulse 447
space 450
pulse 397
space 418
pulse 453
space 418
pulse 447
space 422
pulse 446
space 424
pulse 424
space 419
pulse 449
space 421
pulse 447
space 396
pulse 451
space 419
pulse 450
space 420
pulse 448
space 422
pulse 415
space 428
pulse 450
space 420
pulse 449
space 421
pulse 447
space 423
pulse 425
space 418
pulse 448
space 421
pulse 447
space 438
pulse 409
space 418
pulse 450
space 1291
pulse 446
space 424
pulse 444
space 426
pulse 442
space 434
pulse 418
space 446
pulse 417
space 425
pulse 443
space 427
pulse 420
space 29974
pulse 3500
space 1725
pulse 447
space 1295
pulse 443
space 428
pulse 451
space 419
pulse 449
space 399
pulse 438
space 1298
pulse 450
space 420
pulse 448
space 423
pulse 445
space 398
pulse 450
space 420
pulse 448
space 1293
pulse 445
space 426
pulse 451
space 1291
pulse 449
space 1293
pulse 445
space 426
pulse 422
space 1320
pulse 418
space 1328
pulse 420
space 1317
pulse 421
space 1322
pulse 415
space 1325
pulse 422
space 447
pulse 421
space 422
pulse 446
space 1295
pulse 443
space 427
pulse 451
space 392
pulse 445
space 459
pulse 409
space 427
pulse 460
space 410
pulse 418
space 452
pulse 416
space 454
pulse 425
space 445
pulse 423
space 427
pulse 410
space 453
pulse 415
space 428
pulse 451
space 451
pulse 387
space 451
pulse 416
space 427
pulse 452
space 446
pulse 391
space 424
pulse 444
space 454
pulse 415
space 428
pulse 450
space 1291
pulse 447
space 396
pulse 451
space 419
pulse 449
space 449
pulse 420
space 422
pulse 425
space 450
pulse 418
space 1291
pulse 455
space 415
pulse 444
space 1298
pulse 450
space 1290
pulse 447
space 451
pulse 417
space 1299
pulse 449
space 392
pulse 445
space 1296
pulse 453
space 445
pulse 422
space 421
pulse 447
space 423
pulse 424
space 418
pulse 450
space 420
pulse 448
space 422
pulse 415
space 455
pulse 423
space 447
pulse 421
space 455
pulse 418
space 392
pulse 451
space 446
pulse 422
space 421
pulse 447
space 423
pulse 426
space 419
pulse 448
space 1291
pulse 446
space 1295
pulse 443
space 1299
pulse 449
space 449
pulse 419
space 451
pulse 417
space 425
pulse 422
space 448
pulse 420
space 450
pulse 418
space 452
pulse 396
space 420
pulse 449
space 421
pulse 446
space 424
pulse 423
space 447
pulse 421
space 449
pulse 419
space 451
pulse 418
space 425
pulse 422
space 448
pulse 420
space 450
pulse 419
space 453
pulse 394
space 420
pulse 448
space 422
pulse 446
space 424
pulse 444
space 429
pulse 418
space 448
pulse 420
space 423
pulse 445
space 425
pulse 422
space 426
pulse 442
space 422
pulse 446
space 424
pulse 444
space 399
pulse 448
space 421
pulse 447
space 452
pulse 418
space 423
pulse 422
space 448
pulse 420
space 450
pulse 418
space 428
pulse 420
space 419
pulse 448
space 450
pulse 419
space 451
pulse 417
space 404
pulse 443
space 421
pulse 447
space 451
pulse 417
space 426
pulse 422
space 420
pulse 447
space 424
pulse 447
space 422
pulse 443
space 399
pulse 448
space 450
pulse 419
space 451
pulse 417
space 431
pulse 416
space 449
pulse 419
space 451
pulse 418
space 425
pulse 422
space 421
pulse 447
space 450
pulse 418
space 452
pulse 416
space 427
pulse 420
space 452
pulse 418
space 1294
pulse 443
space 1299
pulse 449
space 450
pulse 418
space 451
pulse 397
space 446
pulse 422
space 449
pulse 425
space 444
pulse 418
space 397
pulse 450
space 420
pulse 448
space 450
pulse 418
space 424
pulse 423
space 420
pulse 449
space 449
pulse 419
space 423
pulse 424
space 419
pulse 449
space 450
pulse 418
space 450
pulse 418
space 425
pulse 422
space 420
pulse 451
space 1290
pulse 444
space 1297
pulse 451
space 1291
pulse 446
space 451
pulse 417
space 1296
pulse 451
space 456
pulse 382
space 1322
pulse 425
timeout 217848
pulse 3495
space 1726
pulse 446
space 1295
pulse 505
space 339
pulse 446
space 450
pulse 417
space 453
pulse 415
space 1298
pulse 450
space 448
pulse 389
space 454
pulse 425
space 445
pulse 423
space 447
pulse 420
space 1293
pulse 444
space 426
pulse 421
space 1292
pulse 445
space 1296
pulse 464
space 434
pulse 428
space 1286
pulse 445
space 1296
pulse 452
space 1289
pulse 449
space 1299
pulse 437
space 1300
pulse 448
space 447
pulse 421
space 422
pulse 415
space 1299
pulse 449
space 448
pulse 426
space 444
pulse 418
space 452
pulse 395
space 448
pulse 421
space 427
pulse 441
space 451
pulse 417
space 1297
pulse 451
space 1291
pulse 447
space 1295
pulse 443
space 1299
pulse 449
space 421
pulse 416
space 454
pulse 425
space 445
pulse 422
space 448
pulse 389
space 453
pulse 415
space 458
pulse 420
space 447
pulse 421
space 421
pulse 415
space 455
pulse 425
space 445
pulse 421
space 421
pulse 416
space 454
pulse 424
space 446
pulse 422
space 447
pulse 389
space 454
pulse 414
space 455
pulse 423
space 447
pulse 421
space 422
pulse 415
space 455
pulse 424
space 446
pulse 421
space 448
pulse 389
space 454
pulse 424
space 446
pulse 422
space 451
pulse 423
space 416
pulse 415
space 1299
pulse 453
space 445
pulse 419
space 451
pulse 417
space 425
pulse 422
space 448
pulse 420
space 450
pulse 418
space 452
pulse 395
space 29971
pulse 3493
space 1733
pulse 450
space 1291
pulse 446
space 451
pulse 417
space 453
pulse 415
space 455
pulse 392
space 1330
pulse 408
space 454
pulse 424
space 446
pulse 422
space 448
pulse 392
space 450
pulse 425
space 1289
pulse 500
space 371
pulse 445
space 1295
pulse 443
space 1299
pulse 449
space 449
pulse 420
space 1294
pulse 444
space 1298
pulse 450
space 1291
pulse 446
space 1295
pulse 452
space 1290
pulse 448
space 445
pulse 392
space 460
pulse 418
space 1290
pulse 447
space 450
pulse 418
space 452
pulse 395
space 448
pulse 420
space 450
pulse 418
space 451
pulse 417
space 426
pulse 421
space 449
pulse 419
space 458
pulse 410
space 452
pulse 395
space 448
pulse 420
space 450
pulse 418
space 452
pulse 396
space 447
pulse 421
space 449
pulse 419
space 451
pulse 417
space 426
pulse 421
space 448
pulse 420
space 450
pulse 418
space 1296
pulse 452
space 445
pulse 392
space 451
pulse 416
space 454
pulse 414
space 455
pulse 423
space 420
pulse 417
space 1296
pulse 451
space 446
pulse 422
space 448
pulse 420
space 450
pulse 397
space 1316
pulse 421
space 1321
pulse 417
space 453
pulse 415
space 1306
pulse 442
space 448
pulse 420
space 450
pulse 397
space 446
pulse 422
space 448
pulse 420
space 450
pulse 419
space 424
pulse 423
space 447
pulse 421
space 449
pulse 419
space 451
pulse 397
space 446
pulse 422
space 455
pulse 413
space 450
pulse 418
space 424
pulse 423
space 447
pulse 429
space 1285
pulse 445
space 1297
pulse 451
space 1291
pulse 447
space 450
pulse 419
space 451
pulse 395
space 447
pulse 421
space 422
pulse 446
space 451
pulse 416
space 430
pulse 418
space 457
pulse 411
space 450
pulse 418
space 425
pulse 422
space 448
pulse 421
space 449
pulse 418
space 452
pulse 395
space 447
pulse 421
space 449
pulse 419
space 451
pulse 417
space 425
pulse 422
space 448
pulse 420
space 450
pulse 418
space 452
pulse 395
space 454
pulse 414
space 450
pulse 419
space 455
pulse 413
space 426
pulse 429
space 441
pulse 419
space 450
pulse 417
space 425
pulse 422
space 448
pulse 420
space 450
pulse 418
space 458
pulse 389
space 447
pulse 421
space 449
pulse 419
space 451
pulse 418
space 425
pulse 425
space 446
pulse 419
space 451
pulse 417
space 453
pulse 395
space 447
pulse 420
space 456
pulse 412
space 451
pulse 417
space 426
pulse 421
space 449
pulse 419
space 457
pulse 411
space 425
pulse 422
space 448
pulse 420
space 456
pulse 412
space 452
pulse 396
space 447
pulse 421
space 449
pulse 419
space 451
pulse 417
space 437
pulse 410
space 448
pulse 420
space 450
pulse 418
space 452
pulse 396
space 446
pulse 428
space 442
pulse 418
space 1295
pulse 442
space 1299
pulse 449
space 448
pulse 420
space 423
pulse 424
space 446
pulse 422
space 448
pulse 420
space 450
pulse 397
space 445
pulse 423
space 447
pulse 421
space 455
pulse 381
space 455
pulse 435
space 435
pulse 421
space 449
pulse 420
space 423
pulse 424
space 445
pulse 422
space 448
pulse 420
space 450
pulse 388
space 455
pulse 423
space 1291
pulse 446
space 1295
pulse 443
space 1299
pulse 455
space 1286
pulse 445
space 452
pulse 420
space 1294
pulse 450
space 448
pulse 420
space 1299
pulse 438
timeout 211465
pulse 222
timeout 215233
pulse 3489
space 1735
pulse 500
space 1242
pulse 443
space 453
pulse 394
space 449
pulse 419
space 451
pulse 418
space 1296
pulse 452
space 445
pulse 422
space 421
pulse 423
space 447
pulse 431
space 439
pulse 423
space 1291
pulse 447
space 424
pulse 423
space 1291
pulse 449
space 1293
pulse 443
space 455
pulse 424
space 1290
pulse 448
space 1294
pulse 444
space 1298
pulse 450
space 1291
pulse 446
space 1301
pulse 437
space 455
pulse 423
space 447
pulse 390
space 1324
pulse 424
space 454
pulse 414
space 454
pulse 414
space 450
pulse 418
space 425
pulse 429
space 441
pulse 420
space 450
pulse 419
space 1295
pulse 442
space 1300
pulse 502
space 1239
pulse 444
space 1296
pulse 452
space 446
pulse 391
space 452
pulse 416
space 454
pulse 431
space 439
pulse 423
space 420
pulse 417
space 453
pulse 415
space 455
pulse 423
space 420
pulse 417
space 453
pulse 416
space 454
pulse 425
space 447
pulse 390
space 453
pulse 415
space 425
pulse 442
space 455
pulse 423
space 420
pulse 417
space 453
pulse 415
space 454
pulse 424
space 419
pulse 418
space 452
pulse 416
space 454
pulse 432
space 438
pulse 436
space 407
pulse 417
space 453
pulse 416
space 454
pulse 423
space 447
pulse 390
space 1323
pulse 425
space 446
pulse 422
space 448
pulse 420
space 450
pulse 387
space 456
pulse 423
space 448
pulse 421
space 449
pulse 419
space 29977
pulse 3498
space 1726
pulse 416
space 1326
pulse 422
space 448
pulse 420
space 450
pulse 418
space 458
pulse 389
space 1318
pulse 419
space 451
pulse 417
space 453
pulse 415
space 455
pulse 423
space 420
pulse 417
space 1296
pulse 452
space 452
pulse 418
space 1290
pulse 497
space 1245
pulse 451
space 448
pulse 420
space 1292
pulse 446
space 1295
pulse 452
space 1289
pulse 448
space 1294
pulse 444
space 1297
pulse 451
space 446
pulse 391
space 452
pulse 416
space 1298
pulse 450
space 448
pulse 421
space 422
pulse 446
space 424
pulse 423
space 447
pulse 425
space 445
pulse 430
space 440
pulse 397
space 446
pulse 422
space 452
pulse 418
space 449
pulse 387
space 455
pulse 423
space 447
pulse 421
space 449
pulse 419
space 424
pulse 424
space 446
pulse 422
space 448
pulse 420
space 450
pulse 397
space 446
pulse 422
space 447
pulse 421
space 1293
pulse 444
space 453
pulse 415
space 401
pulse 447
space 455
pulse 413
space 460
pulse 408
space 454
pulse 393
space 1321
pulse 425
space 445
pulse 425
space 1292
pulse 445
space 1293
pulse 444
space 453
pulse 415
space 1300
pulse 448
space 449
pulse 420
space 1295
pulse 443
space 427
pulse 420
space 450
pulse 418
space 452
pulse 416
space 426
pulse 421
space 453
pulse 418
space 448
pulse 417
space 453
pulse 394
space 421
pulse 447
space 450
pulse 418
space 452
pulse 416
space 426
pulse 421
space 449
pulse 419
space 451
pulse 420
space 423
pulse 421
space 1320
pulse 418
space 1323
pulse 425
space 1317
pulse 421
space 450
pulse 418
space 452
pulse 417
space 454
pulse 415
space 428
pulse 419
space 451
pulse 418
space 452
pulse 416
space 427
pulse 421
space 449
pulse 418
space 452
pulse 416
space 457
pulse 390
space 449
pulse 419
space 451
pulse 436
space 434
pulse 416
space 427
pulse 420
space 450
pulse 418
space 452
pulse 416
space 454
pulse 393
space 449
pulse 419
space 451
pulse 417
space 453
pulse 415
space 428
pulse 420
space 450
pulse 418
space 452
pulse 416
space 427
pulse 420
space 450
pulse 418
space 451
pulse 417
space 426
pulse 421
space 449
pulse 420
space 450
pulse 417
space 453
pulse 415
space 427
pulse 420
space 450
pulse 418
space 452
pulse 416
space 454
pulse 393
space 449
pulse 419
space 451
pulse 417
space 453
pulse 415
space 428
pulse 420
space 450
pulse 418
space 452
pulse 417
space 453
pulse 401
space 445
pulse 416
space 451
pulse 417
space 453
pulse 394
space 449
pulse 419
space 451
pulse 417
space 454
pulse 416
space 426
pulse 420
space 450
pulse 418
space 452
pulse 417
space 453
pulse 393
space 449
pulse 419
space 451
pulse 417
space 453
pulse 415
space 428
pulse 420
space 1294
pulse 451
space 1290
pulse 452
space 446
pulse 420
space 423
pulse 446
space 452
pulse 396
space 447
pulse 421
space 449
pulse 419
space 451
pulse 397
space 446
pulse 422
space 448
pulse 420
space 455
pulse 418
space 420
pulse 422
space 447
pulse 421
space 449
pulse 419
space 451
pulse 397
space 445
pulse 421
space 449
pulse 422
space 421
pulse 444
space 430
pulse 417
space 1294
pulse 443
space 1296
pulse 457
space 1283
pulse 448
space 450
pulse 419
space 1295
pulse 442
space 455
pulse 423
space 1297
pulse 445
timeout 217808
pulse 3496
space 1726
pulse 415
space 1326
pulse 421
space 449
pulse 419
space 451
pulse 417
space 453
pulse 415
space 1299
pulse 449
space 421
pulse 416
space 454
pulse 431
space 439
pulse 423
space 449
pulse 388
space 1325
pulse 423
space 446
pulse 421
space 1292
pulse 445
space 1300
pulse 448
space 446
pulse 422
space 1292
pulse 446
space 1295
pulse 453
space 1290
pulse 448
space 1293
pulse 445
space 1297
pulse 454
space 444
pulse 421
space 394
pulse 443
space 1306
pulse 442
space 448
pulse 420
space 423
pulse 445
space 428
pulse 420
space 420
pulse 451
space 419
pulse 455
space 442
pulse 417
space 1297
pulse 503
space 1239
pulse 447
space 1294
pulse 448
space 1293
pulse 452
space 426
pulse 408
space 454
pulse 425
space 445
pulse 423
space 420
pulse 417
space 453
pulse 416
space 453
pulse 424
space 448
pulse 389
space 425
pulse 443
space 454
pulse 424
space 445
pulse 425
space 418
pulse 417
space 453
pulse 415
space 428
pulse 451
space 447
pulse 389
space 452
pulse 415
space 455
pulse 425
space 445
pulse 422
space 421
pulse 416
space 454
pulse 414
space 456
pulse 423
space 420
pulse 417
space 453
pulse 415
space 428
pulse 451
space 446
pulse 390
space 452
pulse 416
space 1298
pulse 450
space 447
pulse 421
space 449
pulse 419
space 424
pulse 423
space 447
pulse 421
space 449
pulse 419
space 423
pulse 424
space 29971
pulse 3494
space 1731
pulse 452
space 1290
pulse 448
space 450
pulse 418
space 452
pulse 416
space 427
pulse 421
space 1293
pulse 444
space 453
pulse 415
space 455
pulse 423
space 447
pulse 390
space 453
pulse 416
space 1298
pulse 450
space 448
pulse 425
space 1289
pulse 444
space 1297
pulse 450
space 456
pulse 412
space 1294
pulse 444
space 1297
pulse 451
space 1291
pulse 447
space 1295
pulse 443
space 1299
pulse 449
space 421
pulse 416
space 454
pulse 424
space 1290
pulse 448
space 459
pulse 409
space 452
pulse 396
space 447
pulse 421
space 449
pulse 419
space 451
pulse 396
space 446
pulse 422
space 448
pulse 420
space 454
pulse 414
space 433
pulse 414
space 447
pulse 421
space 422
pulse 447
space 450
pulse 397
space 418
pulse 449
space 449
pulse 420
space 451
pulse 418
space 425
pulse 422
space 448
pulse 421
space 449
pulse 419
space 1302
pulse 444
space 447
pulse 392
space 451
pulse 417
space 425
pulse 442
space 427
pulse 420
space 450
pulse 418
space 1296
pulse 457
space 441
pulse 422
space 448
pulse 420
space 1294
pulse 444
space 427
pulse 421
space 1293
pulse 445
space 453
pulse 415
space 1299
pulse 449
space 448
pulse 420
space 451
pulse 396
space 445
pulse 423
space 447
pulse 421
space 449
pulse 419
space 424
pulse 426
space 444
pulse 421
space 449
pulse 419
space 451
pulse 397
space 446
pulse 422
space 448
pulse 420
space 450
pulse 397
space 445
pulse 423
space 447
pulse 421
space 1293
pulse 444
space 1301
pulse 448
space 1291
pulse 450
space 453
pulse 412
space 398
pulse 449
space 421
pulse 447
space 450
pulse 418
space 452
pulse 396
space 447
pulse 421
space 449
pulse 420
space 451
pulse 417
space 425
pulse 422
space 448
pulse 420
space 450
pulse 418
space 452
pulse 396
space 447
pulse 421
space 449
pulse 419
space 451
pulse 417
space 426
pulse 421
space 449
pulse 420
space 450
pulse 418
space 425
pulse 423
space 452
pulse 416
space 449
pulse 419
space 451
pulse 396
space 447
pulse 427
space 443
pulse 419
space 451
pulse 418
space 425
pulse 422
space 448
pulse 420
space 450
pulse 419
space 451
pulse 396
space 447
pulse 421
space 449
pulse 419
space 451
pulse 417
space 426
pulse 422
space 448
pulse 420
space 451
pulse 425
space 417
pulse 424
space 446
pulse 421
space 449
pulse 419
space 451
pulse 396
space 447
pulse 421
space 449
pulse 419
space 451
pulse 419
space 424
pulse 425
space 445
pulse 429
space 442
pulse 417
space 452
pulse 395
space 447
pulse 421
space 449
pulse 418
space 452
pulse 417
space 426
pulse 421
space 449
pulse 419
space 451
pulse 417
space 425
pulse 422
space 448
pulse 423
space 446
pulse 418
space 1296
pulse 452
space 1289
pulse 448
space 450
pulse 387
space 455
pulse 423
space 423
pulse 445
space 449
pulse 419
space 424
pulse 424
space 446
pulse 426
space 443
pulse 420
space 450
pulse 397
space 419
pulse 450
space 447
pulse 420
space 450
pulse 418
space 424
pulse 423
space 447
pulse 421
space 449
pulse 420
space 451
pulse 397
space 446
pulse 422
space 1292
pulse 447
space 450
pulse 416
space 1298
pulse 450
space 1291
pulse 446
space 451
pulse 396
space 1318
pulse 420
space 450
pulse 418
space 1296
pulse 452
timeout 211717
pulse 3465
space 1729
pulse 444
space 1297
pulse 450
space 447
pulse 421
space 422
pulse 446
space 451
pulse 396
space 1318
pulse 420
space 450
pulse 418
space 452
pulse 416
space 454
pulse 424
space 419
pulse 418
space 1295
pulse 442
space 455
pulse 423
space 1291
pulse 447
space 1295
pulse 443
space 455
pulse 423
space 1290
pulse 447
space 1294
pulse 445
space 1297
pulse 450
space 1292
pulse 446
space 1299
pulse 449
space 418
pulse 419
space 424
pulse 445
space 1297
pulse 451
space 447
pulse 421
space 449
pulse 388
space 427
pulse 452
space 446
pulse 422
space 447
pulse 421
space 395
pulse 456
space 1285
pulse 449
space 1293
pulse 496
space 1246
pulse 451
space 1290
pulse 454
space 443
pulse 418
space 424
pulse 444
space 426
pulse 421
space 426
pulse 442
space 452
pulse 417
space 452
pulse 415
space 427
pulse 420
space 423
pulse 445
space 452
pulse 416
space 454
pulse 393
space 449
pulse 419
space 451
pulse 417
space 453
pulse 394
space 421
pulse 447
space 423
pulse 445
space 453
pulse 415
space 400
pulse 447
space 450
pulse 418
space 424
pulse 444
space 453
pulse 394
space 421
pulse 446
space 451
pulse 417
space 453
pulse 415
space 428
pulse 420
space 450
pulse 418
space 1296
pulse 452
space 445
pulse 423
space 447
pulse 390
space 453
pulse 415
space 428
pulse 451
space 447
pulse 390
space 425
pulse 443
space 29979
pulse 3496
space 1728
pulse 444
space 1298
pulse 450
space 448
pulse 420
space 450
pulse 387
space 455
pulse 423
space 1291
pulse 447
space 450
pulse 418
space 425
pulse 422
space 448
pulse 420
space 450
pulse 418
space 1296
pulse 452
space 445
pulse 423
space 1291
pulse 446
space 1295
pulse 442
space 433
pulse 414
space 1295
pulse 443
space 1299
pulse 450
space 1292
pulse 445
space 1296
pulse 452
space 1290
pulse 448
space 450
pulse 418
space 451
pulse 416
space 1297
pulse 450
space 447
pulse 391
space 452
pulse 415
space 455
pulse 424
space 419
pulse 449
space 421
pulse 416
space 427
pulse 467
space 431
pulse 422
space 420
pulse 416
space 432
pulse 437
space 455
pulse 423
space 446
pulse 422
space 421
pulse 415
space 455
pulse 424
space 446
pulse 422
space 421
pulse 416
space 454
pulse 424
space 418
pulse 450
space 420
pulse 417
space 1324
pulse 424
space 447
pulse 421
space 422
pulse 446
space 451
pulse 417
space 426
pulse 421
space 434
pulse 435
space 1295
pulse 442
space 454
pulse 424
space 1290
pulse 447
space 450
pulse 387
space 428
pulse 451
space 1291
pulse 447
space 451
pulse 417
space 1297
pulse 451
space 446
pulse 422
space 421
pulse 416
space 427
pulse 452
space 418
pulse 450
space 420
pulse 417
space 453
pulse 415
space 455
pulse 423
space 447
pulse 390
space 453
pulse 416
space 454
pulse 424
space 446
pulse 422
space 421
pulse 416
space 454
pulse 424
space 445
pulse 422
space 1291
pulse 446
space 1295
pulse 443
space 1299
pulse 449
space 449
pulse 394
space 421
pulse 452
space 446
pulse 422
space 448
pulse 420
space 423
pulse 425
space 419
pulse 449
space 447
pulse 421
space 422
pulse 415
space 455
pulse 423
space 447
pulse 421
space 449
pulse 388
space 455
pulse 424
space 446
pulse 422
space 430
pulse 438
space 396
pulse 452
space 418
pulse 450
space 420
pulse 448
space 449
pulse 388
space 455
pulse 423
space 447
pulse 421
space 421
pulse 447
space 423
pulse 424
space 446
pulse 422
space 448
pulse 420
space 422
pulse 424
space 446
pulse 422
space 420
pulse 448
space 449
pulse 388
space 455
pulse 423
space 419
pulse 449
space 449
pulse 419
space 423
pulse 424
space 419
pulse 449
space 448
pulse 420
space 449
pulse 387
space 456
pulse 423
space 420
pulse 449
space 449
pulse 420
space 423
pulse 423
space 447
pulse 421
space 448
pulse 420
space 450
pulse 397
space 446
pulse 426
space 444
pulse 420
space 422
pulse 430
space 440
pulse 423
space 420
pulse 448
space 449
pulse 419
space 424
pulse 423
space 419
pulse 449
space 448
pulse 420
space 450
pulse 397
space 445
pulse 422
space 420
pulse 448
space 422
pulse 446
space 1295
pulse 443
space 1299
pulse 449
space 421
pulse 416
space 454
pulse 424
space 419
pulse 450
space 420
pulse 417
space 453
pulse 415
space 455
pulse 423
space 447
pulse 390
space 453
pulse 416
space 427
pulse 451
space 446
pulse 422
space 421
pulse 416
space 454
pulse 424
space 480
pulse 388
space 450
pulse 387
space 425
pulse 442
space 430
pulse 448
space 447
pulse 421
space 422
pulse 415
space 1298
pulse 449
space 1292
pulse 448
space 450
pulse 416
space 1298
pulse 450
space 447
pulse 421
space 1293
pulse 444
timeout 216435

