# ir_capture log — 2026-02-25T15:37:23.291492+00:00
# device: /dev/lirc1
# command: ir-ctl -d /dev/lirc1 --receive --mode2 --timeout 200000
#
# --- features ---
# Receive features /dev/lirc1:
#  - Device can receive raw IR
#  - Can report decoded scancodes and protocol
#  - Receiving timeout 200000 microseconds
#  - Can set receiving timeout min 1 microseconds, max 1250000 microseconds
# Send features /dev/lirc1:
#  - Device cannot send
# --- end features ---

# 2026-02-25T15:37:33.277690+00:00  description=powerful on
pulse 197
timeout 217142
pulse 223
space 102120
pulse 225
space 104585
pulse 225
space 100129
pulse 458
timeout 215704
pulse 230
timeout 211147
pulse 404
timeout 213358
pulse 331
timeout 213707
pulse 3489
space 1761
pulse 422
space 1292
pulse 445
space 424
pulse 423
space 447
pulse 421
space 449
pulse 419
space 1295
pulse 443
space 455
pulse 393
space 450
pulse 418
space 424
pulse 444
space 453
pulse 415
space 1327
pulse 421
space 422
pulse 416
space 1326
pulse 422
space 1292
pulse 447
space 450
pulse 424
space 1290
pulse 451
space 1318
pulse 420
space 1322
pulse 416
space 1325
pulse 423
space 1318
pulse 419
space 451
pulse 417
space 398
pulse 449
space 1324
pulse 414
space 452
pulse 417
space 453
pulse 414
space 429
pulse 426
space 444
pulse 417
space 453
pulse 416
space 454
pulse 424
space 1317
pulse 430
space 1284
pulse 444
space 1297
pulse 451
space 1290
pulse 447
space 423
pulse 425
space 418
pulse 450
space 447
pulse 421
space 449
pulse 388
space 455
pulse 423
space 447
pulse 422
space 448
pulse 420
space 395
pulse 452
space 445
pulse 423
space 447
pulse 421
space 449
pulse 388
space 455
pulse 423
space 433
pulse 436
space 447
pulse 389
space 453
pulse 425
space 445
pulse 423
space 447
pulse 421
space 422
pulse 415
space 427
pulse 451
space 446
pulse 422
space 421
pulse 416
space 454
pulse 415
space 455
pulse 423
space 447
pulse 421
space 421
pulse 416
space 1298
pulse 449
space 447
pulse 421
space 449
pulse 419
space 451
pulse 397
space 446
pulse 431
space 439
pulse 435
space 435
pulse 398
space 29969
pulse 3497
space 1726
pulse 445
space 1296
pulse 452
space 445
pulse 423
space 447
pulse 421
space 449
pulse 388
space 1328
pulse 420
space 450
pulse 418
space 450
pulse 418
space 452
pulse 396
space 447
pulse 421
space 1293
pulse 444
space 453
pulse 415
space 1326
pulse 422
space 1292
pulse 475
space 423
pulse 416
space 1298
pulse 450
space 1291
pulse 447
space 1294
pulse 443
space 1298
pulse 450
space 1291
pulse 446
space 431
pulse 417
space 457
pulse 410
space 1292
pulse 445
space 452
pulse 416
space 454
pulse 394
space 449
pulse 419
space 451
pulse 419
space 451
pulse 415
space 427
pulse 420
space 450
pulse 419
space 451
pulse 417
space 453
pulse 394
space 422
pulse 447
space 450
pulse 418
space 452
pulse 416
space 427
pulse 421
space 449
pulse 419
space 451
pulse 427
space 415
pulse 422
space 421
pulse 447
space 450
pulse 418
space 1296
pulse 442
space 428
pulse 419
space 450
pulse 420
space 450
pulse 416
space 454
pulse 431
space 412
pulse 419
space 1323
pulse 415
space 455
pulse 424
space 446
pulse 422
space 448
pulse 389
space 1352
pulse 396
space 1318
pulse 420
space 451
pulse 418
space 1297
pulse 452
space 446
pulse 423
space 447
pulse 420
space 422
pulse 415
space 455
pulse 423
space 419
pulse 449
space 421
pulse 416
space 454
pulse 425
space 445
pulse 423
space 447
pulse 390
space 453
pulse 415
space 455
pulse 424
space 446
pulse 422
space 421
pulse 416
space 454
pulse 425
space 1317
pulse 421
space 1293
pulse 446
space 1295
pulse 461
space 436
pulse 422
space 448
pulse 389
space 453
pulse 425
space 445
pulse 423
space 447
pulse 421
space 422
pulse 415
space 455
pulse 424
space 448
pulse 420
space 421
pulse 416
space 453
pulse 414
space 455
pulse 423
space 447
pulse 390
space 453
pulse 415
space 455
pulse 424
space 446
pulse 422
space 421
pulse 420
space 450
pulse 415
space 455
pulse 423
space 447
pulse 390
space 453
pulse 415
space 455
pulse 423
space 446
pulse 422
space 421
pulse 417
space 453
pulse 415
space 455
pulse 423
space 447
pulse 390
space 453
pulse 415
space 454
pulse 424
space 446
pulse 391
space 424
pulse 444
space 453
pulse 415
space 455
pulse 424
space 419
pulse 440
space 1275
pulse 450
space 446
pulse 422
space 447
pulse 421
space 449
pulse 388
space 455
pulse 424
space 446
pulse 422
space 448
pulse 420
space 423
pulse 424
space 445
pulse 423
space 453
pulse 415
space 449
pulse 388
space 454
pulse 426
space 444
pulse 422
space 448
pulse 389
space 454
pulse 414
space 456
pulse 423
space 447
pulse 421
space 433
pulse 411
space 448
pulse 424
space 446
pulse 422
space 448
pulse 396
space 447
pulse 425
space 1290
pulse 448
space 1293
pulse 445
space 425
pulse 443
space 427
pulse 451
space 419
pulse 421
space 449
pulse 416
space 427
pulse 452
space 445
pulse 392
space 451
pulse 418
space 467
pulse 401
space 454
pulse 402
space 441
pulse 435
space 434
pulse 416
space 454
pulse 415
space 428
pulse 419
space 451
pulse 417
space 452
pulse 416
space 454
pulse 393
space 449
pulse 419
space 451
pulse 417
space 453
pulse 415
space 428
pulse 420
space 1295
pulse 442
space 1297
pulse 451
space 446
pulse 421
space 1320
pulse 418
timeout 212390

# 2026-02-25T15:37:43.611729+00:00  description=powerful off
pulse 217
timeout 213490
pulse 3465
space 1756
pulse 417
space 1324
pulse 423
space 447
pulse 421
space 449
pulse 424
space 419
pulse 423
space 1318
pulse 420
space 450
pulse 418
space 452
pulse 416
space 426
pulse 452
space 418
pulse 419
space 1323
pulse 415
space 428
pulse 451
space 1318
pulse 420
space 1321
pulse 417
space 453
pulse 425
space 1289
pulse 449
space 1295
pulse 443
space 1297
pulse 451
space 1289
pulse 448
space 1294
pulse 444
space 426
pulse 422
space 447
pulse 420
space 1294
pulse 443
space 454
pulse 424
space 446
pulse 422
space 421
pulse 416
space 459
pulse 409
space 470
pulse 408
space 419
pulse 418
space 1324
pulse 430
space 1312
pulse 420
space 1293
pulse 444
space 1297
pulse 451
space 419
pulse 449
space 448
pulse 420
space 450
pulse 397
space 446
pulse 422
space 447
pulse 420
space 449
pulse 419
space 424
pulse 423
space 446
pulse 422
space 448
pulse 420
space 450
pulse 397
space 445
pulse 423
space 452
pulse 417
space 450
pulse 418
space 423
pulse 424
space 446
pulse 422
space 448
pulse 422
space 421
pulse 414
space 456
pulse 423
space 447
pulse 421
space 449
pulse 388
space 454
pulse 424
space 446
pulse 422
space 448
pulse 420
space 423
pulse 414
space 456
pulse 423
space 1319
pulse 419
space 451
pulse 417
space 453
pulse 395
space 448
pulse 420
space 450
pulse 418
space 451
pulse 416
space 426
pulse 421
space 29973
pulse 3493
space 1758
pulse 424
space 1290
pulse 448
space 449
pulse 419
space 451
pulse 396
space 447
pulse 421
space 1320
pulse 418
space 452
pulse 416
space 454
pulse 425
space 418
pulse 419
space 451
pulse 417
space 1297
pulse 451
space 456
pulse 412
space 1320
pulse 419
space 1322
pulse 430
space 441
pulse 393
space 1322
pulse 414
space 1326
pulse 422
space 1346
pulse 391
space 1350
pulse 398
space 1344
pulse 394
space 449
pulse 419
space 451
pulse 417
space 1324
pulse 428
space 442
pulse 391
space 452
pulse 416
space 454
pulse 424
space 445
pulse 423
space 420
pulse 417
space 453
pulse 415
space 455
pulse 432
space 437
pulse 391
space 453
pulse 415
space 454
pulse 424
space 445
pulse 423
space 426
pulse 411
space 453
pulse 415
space 454
pulse 424
space 452
pulse 385
space 452
pulse 418
space 452
pulse 424
space 445
pulse 391
space 1350
pulse 389
space 454
pulse 424
space 446
pulse 421
space 448
pulse 420
space 423
pulse 414
space 456
pulse 423
space 1334
pulse 404
space 451
pulse 417
space 452
pulse 396
space 447
pulse 428
space 1313
pulse 417
space 1325
pulse 423
space 447
pulse 421
space 1293
pulse 445
space 452
pulse 416
space 427
pulse 420
space 450
pulse 418
space 452
pulse 417
space 454
pulse 394
space 448
pulse 420
space 450
pulse 418
space 452
pulse 416
space 427
pulse 421
space 450
pulse 419
space 451
pulse 417
space 426
pulse 422
space 448
pulse 420
space 450
pulse 418
space 1330
pulse 418
space 1317
pulse 421
space 1293
pulse 446
space 451
pulse 394
space 448
pulse 420
space 450
pulse 427
space 442
pulse 416
space 427
pulse 421
space 449
pulse 419
space 451
pulse 417
space 453
pulse 395
space 454
pulse 414
space 450
pulse 418
space 452
pulse 417
space 426
pulse 428
space 442
pulse 419
space 451
pulse 417
space 425
pulse 422
space 448
pulse 420
space 449
pulse 419
space 451
pulse 396
space 447
pulse 421
space 448
pulse 420
space 450
pulse 418
space 424
pulse 423
space 447
pulse 421
space 449
pulse 419
space 451
pulse 411
space 432
pulse 422
space 457
pulse 411
space 450
pulse 418
space 424
pulse 423
space 447
pulse 428
space 441
pulse 419
space 423
pulse 424
space 446
pulse 422
space 450
pulse 418
space 451
pulse 386
space 455
pulse 423
space 447
pulse 421
space 449
pulse 419
space 424
pulse 424
space 446
pulse 422
space 448
pulse 420
space 450
pulse 387
space 456
pulse 423
space 447
pulse 421
space 456
pulse 412
space 423
pulse 429
space 441
pulse 429
space 441
pulse 420
space 450
pulse 387
space 456
pulse 423
space 447
pulse 421
space 449
pulse 388
space 454
pulse 424
space 446
pulse 422
space 448
pulse 420
space 1321
pulse 416
space 1297
pulse 457
space 413
pulse 418
space 452
pulse 416
space 454
pulse 440
space 430
pulse 391
space 451
pulse 417
space 453
pulse 415
space 455
pulse 423
space 419
pulse 421
space 450
pulse 417
space 453
pulse 424
space 445
pulse 393
space 449
pulse 417
space 453
pulse 416
space 455
pulse 393
space 450
pulse 418
space 451
pulse 417
space 1298
pulse 450
space 1292
pulse 447
space 1294
pulse 443
space 1298
pulse 450
space 448
pulse 420
space 1294
pulse 444
space 426
pulse 422
space 1292
pulse 445
timeout 210814

# 2026-02-25T15:38:53.692089+00:00  description=set time fri 10:30
pulse 220
timeout 212146
pulse 3496
space 1726
pulse 415
space 1326
pulse 422
space 448
pulse 423
space 448
pulse 418
space 460
pulse 408
space 1298
pulse 450
space 420
pulse 417
space 452
pulse 417
space 453
pulse 424
space 447
pulse 389
space 1323
pulse 425
space 451
pulse 418
space 1290
pulse 447
space 1295
pulse 443
space 457
pulse 428
space 1283
pulse 447
space 1294
pulse 444
space 1300
pulse 449
space 1291
pulse 447
space 1294
pulse 443
space 455
pulse 424
space 422
pulse 415
space 1296
pulse 453
space 445
pulse 423
space 447
pulse 425
space 446
pulse 389
space 454
pulse 424
space 446
pulse 421
space 449
pulse 389
space 1330
pulse 419
space 1317
pulse 420
space 1322
pulse 416
space 1326
pulse 422
space 448
pulse 419
space 450
pulse 418
space 452
pulse 416
space 427
pulse 421
space 449
pulse 419
space 451
pulse 417
space 459
pulse 389
space 448
pulse 420
space 450
pulse 418
space 452
pulse 417
space 426
pulse 425
space 445
pulse 422
space 448
pulse 417
space 453
pulse 394
space 448
pulse 420
space 450
pulse 418
space 452
pulse 418
space 425
pulse 421
space 449
pulse 419
space 457
pulse 418
space 419
pulse 422
space 448
pulse 420
space 450
pulse 418
space 452
pulse 399
space 443
pulse 421
space 1293
pulse 445
space 453
pulse 416
space 460
pulse 420
space 418
pulse 418
space 452
pulse 416
space 454
pulse 414
space 456
pulse 397
space 29969
pulse 3490
space 1733
pulse 449
space 1292
pulse 445
space 452
pulse 416
space 454
pulse 424
space 418
pulse 419
space 1295
pulse 443
space 460
pulse 419
space 461
pulse 407
space 448
pulse 389
space 454
pulse 417
space 1301
pulse 445
space 449
pulse 419
space 1294
pulse 505
space 1237
pulse 449
space 448
pulse 425
space 1290
pulse 444
space 1297
pulse 451
space 1291
pulse 447
space 1294
pulse 447
space 1295
pulse 450
space 420
pulse 417
space 453
pulse 415
space 1299
pulse 449
space 448
pulse 420
space 423
pulse 432
space 438
pulse 423
space 448
pulse 421
space 449
pulse 388
space 455
pulse 426
space 444
pulse 422
space 448
pulse 420
space 423
pulse 425
space 445
pulse 422
space 448
pulse 421
space 450
pulse 387
space 455
pulse 423
space 446
pulse 422
space 455
pulse 419
space 418
pulse 424
space 446
pulse 422
space 448
pulse 420
space 1300
pulse 438
space 453
pulse 394
space 449
pulse 419
space 450
pulse 417
space 458
pulse 389
space 448
pulse 419
space 1293
pulse 444
space 453
pulse 415
space 1299
pulse 449
space 449
pulse 419
space 423
pulse 424
space 1290
pulse 447
space 450
pulse 418
space 1295
pulse 442
space 457
pulse 421
space 447
pulse 390
space 453
pulse 415
space 455
pulse 428
space 442
pulse 422
space 421
pulse 416
space 454
pulse 414
space 456
pulse 423
space 447
pulse 390
space 453
pulse 415
space 455
pulse 424
space 446
pulse 391
space 452
pulse 416
space 456
pulse 423
space 1289
pulse 449
space 1293
pulse 445
space 1297
pulse 451
space 446
pulse 422
space 421
pulse 416
space 454
pulse 424
space 445
pulse 423
space 447
pulse 390
space 453
pulse 415
space 455
pulse 423
space 454
pulse 414
space 421
pulse 416
space 454
pulse 424
space 452
pulse 420
space 444
pulse 390
space 452
pulse 415
space 455
pulse 424
space 446
pulse 391
space 452
pulse 416
space 454
pulse 425
space 445
pulse 423
space 420
pulse 417
space 453
pulse 415
space 455
pulse 423
space 446
pulse 391
space 453
pulse 415
space 460
pulse 407
space 456
pulse 423
space 420
pulse 417
space 453
pulse 415
space 455
pulse 424
space 446
pulse 391
space 452
pulse 416
space 454
pulse 425
space 445
pulse 423
space 420
pulse 417
space 454
pulse 421
space 448
pulse 424
space 419
pulse 418
space 452
pulse 416
space 456
pulse 412
space 456
pulse 392
space 451
pulse 417
space 454
pulse 414
space 455
pulse 424
space 419
pulse 418
space 451
pulse 418
space 453
pulse 414
space 463
pulse 384
space 452
pulse 418
space 451
pulse 416
space 454
pulse 424
space 419
pulse 418
space 452
pulse 416
space 454
pulse 414
space 428
pulse 419
space 451
pulse 417
space 453
pulse 415
space 1301
pulse 447
space 1291
pulse 446
space 452
pulse 396
space 447
pulse 421
space 449
pulse 420
space 450
pulse 417
space 425
pulse 422
space 449
pulse 418
space 450
pulse 418
space 452
pulse 396
space 456
pulse 417
space 444
pulse 418
space 451
pulse 417
space 426
pulse 422
space 448
pulse 420
space 450
pulse 418
space 432
pulse 415
space 459
pulse 410
space 448
pulse 419
space 455
pulse 392
space 1317
pulse 421
space 1321
pulse 417
space 454
pulse 415
space 1299
pulse 449
space 449
pulse 420
space 1294
pulse 443
timeout 212944
pulse 423
timeout 217062

# 2026-02-25T15:40:43.017464+00:00  description=set timer 6:30 turn on
pulse 3485
space 1762
pulse 389
space 1325
pulse 423
space 447
pulse 421
space 449
pulse 419
space 451
pulse 396
space 1345
pulse 393
space 455
pulse 413
space 452
pulse 416
space 454
pulse 424
space 418
pulse 420
space 1321
pulse 416
space 455
pulse 424
space 1318
pulse 420
space 1294
pulse 444
space 459
pulse 419
space 1289
pulse 448
space 1293
pulse 445
space 1297
pulse 451
space 1292
pulse 446
space 1294
pulse 444
space 454
pulse 394
space 464
pulse 404
space 1322
pulse 415
space 462
pulse 417
space 446
pulse 422
space 421
pulse 416
space 454
pulse 431
space 439
pulse 422
space 448
pulse 389
space 1351
pulse 397
space 1318
pulse 420
space 1321
pulse 416
space 1325
pulse 423
space 448
pulse 420
space 449
pulse 419
space 455
pulse 393
space 447
pulse 421
space 449
pulse 419
space 450
pulse 418
space 425
pulse 422
space 448
pulse 420
space 449
pulse 419
space 451
pulse 396
space 447
pulse 421
space 449
pulse 420
space 453
pulse 415
space 425
pulse 423
space 447
pulse 421
space 449
pulse 419
space 451
pulse 396
space 447
pulse 421
space 448
pulse 420
space 450
pulse 397
space 446
pulse 423
space 449
pulse 419
space 449
pulse 419
space 424
pulse 424
space 446
pulse 426
space 1288
pulse 446
space 452
pulse 416
space 453
pulse 394
space 449
pulse 419
space 451
pulse 417
space 453
pulse 415
space 428
pulse 420
space 29975
pulse 3491
space 1760
pulse 423
space 1318
pulse 419
space 451
pulse 418
space 452
pulse 395
space 448
pulse 420
space 1294
pulse 444
space 454
pulse 415
space 456
pulse 423
space 419
pulse 426
space 444
pulse 430
space 1284
pulse 449
space 448
pulse 420
space 1321
pulse 417
space 1297
pulse 451
space 447
pulse 390
space 1326
pulse 422
space 1319
pulse 419
space 1321
pulse 417
space 1325
pulse 422
space 1318
pulse 419
space 451
pulse 417
space 453
pulse 415
space 1326
pulse 422
space 448
pulse 421
space 421
pulse 425
space 446
pulse 422
space 447
pulse 421
space 422
pulse 415
space 455
pulse 424
space 446
pulse 422
space 448
pulse 389
space 454
pulse 424
space 453
pulse 415
space 448
pulse 420
space 422
pulse 415
space 455
pulse 430
space 439
pulse 421
space 449
pulse 389
space 454
pulse 424
space 446
pulse 422
space 448
pulse 420
space 1293
pulse 444
space 1304
pulse 444
space 438
pulse 399
space 452
pulse 416
space 454
pulse 424
space 418
pulse 419
space 1295
pulse 443
space 454
pulse 424
space 1317
pulse 420
space 450
pulse 418
space 452
pulse 399
space 1342
pulse 392
space 450
pulse 418
space 1296
pulse 452
space 446
pulse 422
space 448
pulse 420
space 423
pulse 424
space 446
pulse 423
space 447
pulse 421
space 449
pulse 388
space 462
pulse 417
space 446
pulse 421
space 449
pulse 419
space 423
pulse 424
space 451
pulse 417
space 458
pulse 410
space 449
pulse 388
space 455
pulse 423
space 1290
pulse 447
space 1300
pulse 438
space 1298
pulse 451
space 446
pulse 421
space 454
pulse 383
space 455
pulse 424
space 446
pulse 421
space 448
pulse 427
space 416
pulse 424
space 445
pulse 422
space 447
pulse 421
space 449
pulse 388
space 455
pulse 433
space 1281
pulse 447
space 1294
pulse 443
space 454
pulse 424
space 446
pulse 422
space 1291
pulse 446
space 424
pulse 423
space 1319
pulse 419
space 454
pulse 414
space 452
pulse 416
space 1302
pulse 446
space 448
pulse 389
space 454
pulse 414
space 456
pulse 423
space 447
pulse 390
space 453
pulse 415
space 455
pulse 424
space 446
pulse 422
space 421
pulse 416
space 454
pulse 424
space 445
pulse 422
space 463
pulse 374
space 454
pulse 414
space 455
pulse 423
space 447
pulse 429
space 414
pulse 422
space 448
pulse 424
space 446
pulse 422
space 448
pulse 389
space 453
pulse 415
space 456
pulse 423
space 447
pulse 390
space 452
pulse 415
space 455
pulse 424
space 446
pulse 422
space 421
pulse 416
space 454
pulse 414
space 456
pulse 423
space 447
pulse 390
space 453
pulse 415
space 460
pulse 418
space 447
pulse 422
space 421
pulse 416
space 454
pulse 428
space 442
pulse 422
space 447
pulse 389
space 1324
pulse 424
space 1318
pulse 420
space 450
pulse 418
space 452
pulse 416
space 454
pulse 424
space 419
pulse 419
space 451
pulse 416
space 453
pulse 415
space 428
pulse 419
space 450
pulse 418
space 454
pulse 414
space 454
pulse 393
space 449
pulse 419
space 451
pulse 418
space 465
pulse 402
space 428
pulse 420
space 450
pulse 423
space 446
pulse 416
space 454
pulse 394
space 449
pulse 422
space 448
pulse 418
space 1306
pulse 441
space 1290
pulse 449
space 449
pulse 419
space 1298
pulse 440
space 431
pulse 417
timeout 219561

# 2026-02-25T15:41:34.272177+00:00  description=set timer 6:40 turn off, on still actice from before
pulse 3469
space 1753
pulse 420
space 1294
pulse 443
space 454
pulse 424
space 446
pulse 422
space 448
pulse 389
space 1352
pulse 396
space 447
pulse 421
space 449
pulse 419
space 451
pulse 397
space 446
pulse 422
space 1319
pulse 418
space 452
pulse 416
space 1297
pulse 450
space 1291
pulse 446
space 451
pulse 417
space 1297
pulse 451
space 1291
pulse 446
space 1301
pulse 436
space 1298
pulse 450
space 1292
pulse 446
space 424
pulse 425
space 445
pulse 421
space 1320
pulse 417
space 453
pulse 415
space 455
pulse 393
space 455
pulse 413
space 461
pulse 408
space 456
pulse 423
space 418
pulse 418
space 1296
pulse 443
space 1299
pulse 452
space 1289
pulse 445
space 1296
pulse 454
space 443
pulse 422
space 448
pulse 420
space 450
pulse 387
space 457
pulse 421
space 447
pulse 421
space 449
pulse 388
space 454
pulse 424
space 446
pulse 422
space 448
pulse 420
space 423
pulse 414
space 456
pulse 423
space 455
pulse 414
space 450
pulse 387
space 455
pulse 423
space 446
pulse 421
space 449
pulse 419
space 424
pulse 424
space 446
pulse 422
space 448
pulse 421
space 449
pulse 388
space 455
pulse 423
space 449
pulse 419
space 449
pulse 388
space 455
pulse 424
space 446
pulse 424
space 1299
pulse 437
space 452
pulse 416
space 427
pulse 421
space 449
pulse 419
space 452
pulse 416
space 453
pulse 394
space 448
pulse 420
space 29976
pulse 3495
space 1759
pulse 417
space 1321
pulse 416
space 454
pulse 425
space 418
pulse 419
space 451
pulse 417
space 1324
pulse 424
space 446
pulse 422
space 448
pulse 389
space 454
pulse 424
space 446
pulse 421
space 1337
pulse 401
space 464
pulse 404
space 1297
pulse 451
space 1290
pulse 446
space 425
pulse 424
space 1290
pulse 447
space 1293
pulse 444
space 1298
pulse 450
space 1291
pulse 447
space 1295
pulse 443
space 455
pulse 424
space 446
pulse 422
space 1319
pulse 418
space 452
pulse 395
space 448
pulse 420
space 450
pulse 418
space 452
pulse 416
space 426
pulse 421
space 456
pulse 422
space 440
pulse 417
space 426
pulse 422
space 448
pulse 429
space 441
pulse 418
space 452
pulse 396
space 447
pulse 421
space 449
pulse 418
space 451
pulse 417
space 426
pulse 421
space 448
pulse 419
space 450
pulse 418
space 452
pulse 395
space 1319
pulse 428
space 1329
pulse 400
space 1329
pulse 418
space 448
pulse 420
space 453
pulse 415
space 453
pulse 415
space 1326
pulse 422
space 420
pulse 428
space 1313
pulse 423
space 447
pulse 421
space 449
pulse 419
space 1322
pulse 422
space 421
pulse 420
space 1294
pulse 444
space 454
pulse 425
space 445
pulse 423
space 447
pulse 389
space 453
pulse 415
space 455
pulse 423
space 447
pulse 421
space 423
pulse 414
space 454
pulse 424
space 447
pulse 421
space 448
pulse 390
space 452
pulse 424
space 446
pulse 422
space 448
pulse 421
space 422
pulse 415
space 1300
pulse 448
space 1303
pulse 434
space 1296
pulse 452
space 446
pulse 422
space 455
pulse 413
space 450
pulse 389
space 454
pulse 423
space 447
pulse 429
space 441
pulse 388
space 454
pulse 429
space 440
pulse 422
space 448
pulse 420
space 423
pulse 414
space 1300
pulse 448
space 1293
pulse 445
space 453
pulse 415
space 455
pulse 426
space 1315
pulse 420
space 450
pulse 397
space 1316
pulse 421
space 449
pulse 419
space 451
pulse 417
space 1325
pulse 424
space 446
pulse 422
space 421
pulse 416
space 455
pulse 424
space 446
pulse 422
space 448
pulse 389
space 1333
pulse 416
space 1317
pulse 419
space 454
pulse 414
space 1297
pulse 457
space 440
pulse 437
space 433
pulse 389
space 1325
pulse 423
space 447
pulse 421
space 449
pulse 419
space 451
pulse 417
space 426
pulse 421
space 451
pulse 417
space 451
pulse 417
space 452
pulse 395
space 448
pulse 424
space 446
pulse 419
space 451
pulse 416
space 426
pulse 421
space 449
pulse 419
space 451
pulse 417
space 454
pulse 393
space 456
pulse 411
space 463
pulse 405
space 452
pulse 395
space 447
pulse 422
space 448
pulse 425
space 445
pulse 417
space 425
pulse 422
space 448
pulse 420
space 453
pulse 415
space 1296
pulse 455
space 1286
pulse 448
space 449
pulse 388
space 455
pulse 424
space 447
pulse 421
space 448
pulse 420
space 425
pulse 422
space 446
pulse 430
space 445
pulse 431
space 434
pulse 388
space 454
pulse 423
space 447
pulse 424
space 446
pulse 419
space 424
pulse 424
space 446
pulse 422
space 448
pulse 420
space 423
pulse 424
space 445
pulse 423
space 1291
pulse 446
space 1295
pulse 443
space 1299
pulse 449
space 448
pulse 420
space 450
pulse 397
space 1317
pulse 421
space 451
pulse 418
space 1295
pulse 442
timeout 212023

# 2026-02-25T15:43:07.716541+00:00  description=quiet mode
pulse 3486
space 1728
pulse 423
space 1318
pulse 419
space 451
pulse 419
space 451
pulse 415
space 455
pulse 431
space 1282
pulse 448
space 423
pulse 424
space 446
pulse 422
space 447
pulse 421
space 449
pulse 388
space 1327
pulse 420
space 449
pulse 420
space 1294
pulse 443
space 1299
pulse 501
space 370
pulse 447
space 1294
pulse 443
space 1298
pulse 450
space 1291
pulse 446
space 1295
pulse 452
space 1289
pulse 449
space 449
pulse 388
space 455
pulse 428
space 1286
pulse 448
space 450
pulse 418
space 452
pulse 416
space 427
pulse 420
space 449
pulse 418
space 451
pulse 417
space 459
pulse 388
space 1320
pulse 418
space 1324
pulse 439
space 1302
pulse 420
space 1321
pulse 416
space 454
pulse 424
space 446
pulse 422
space 448
pulse 420
space 422
pulse 414
space 456
pulse 423
space 447
pulse 421
space 454
pulse 383
space 454
pulse 424
space 446
pulse 422
space 448
pulse 388
space 454
pulse 424
space 446
pulse 422
space 448
pulse 420
space 423
pulse 414
space 456
pulse 423
space 447
pulse 421
space 449
pulse 388
space 455
pulse 424
space 446
pulse 422
space 449
pulse 420
space 429
pulse 418
space 446
pulse 422
space 448
pulse 420
space 450
pulse 387
space 455
pulse 423
space 1291
pulse 447
space 451
pulse 417
space 453
pulse 395
space 448
pulse 420
space 450
pulse 418
space 457
pulse 411
space 426
pulse 421
space 29973
pulse 3492
space 1733
pulse 449
space 1293
pulse 445
space 452
pulse 416
space 454
pulse 426
space 417
pulse 418
space 1296
pulse 452
space 445
pulse 423
space 448
pulse 420
space 424
pulse 414
space 455
pulse 423
space 1290
pulse 448
space 450
pulse 417
space 1296
pulse 452
space 1290
pulse 448
space 449
pulse 387
space 1326
pulse 422
space 1320
pulse 418
space 1323
pulse 425
space 1317
pulse 471
space 1270
pulse 416
space 454
pulse 424
space 446
pulse 422
space 1291
pulse 446
space 451
pulse 417
space 426
pulse 421
space 449
pulse 421
space 449
pulse 417
space 452
pulse 395
space 448
pulse 420
space 450
pulse 418
space 452
pulse 416
space 426
pulse 421
space 449
pulse 419
space 451
pulse 417
space 426
pulse 421
space 449
pulse 420
space 450
pulse 418
space 452
pulse 395
space 447
pulse 426
space 444
pulse 431
space 439
pulse 425
space 1288
pulse 450
space 420
pulse 417
space 453
pulse 416
space 454
pulse 424
space 446
pulse 391
space 452
pulse 417
space 1298
pulse 451
space 447
pulse 420
space 1293
pulse 444
space 453
pulse 415
space 428
pulse 420
space 1294
pulse 443
space 454
pulse 424
space 1290
pulse 500
space 373
pulse 444
space 424
pulse 423
space 447
pulse 421
space 449
pulse 419
space 451
pulse 396
space 447
pulse 422
space 448
pulse 419
space 450
pulse 418
space 425
pulse 422
space 448
pulse 420
space 450
pulse 418
space 452
pulse 396
space 447
pulse 421
space 449
pulse 419
space 1295
pulse 443
space 1299
pulse 449
space 1292
pulse 445
space 452
pulse 416
space 427
pulse 420
space 449
pulse 419
space 451
pulse 428
space 443
pulse 394
space 449
pulse 420
space 450
pulse 417
space 453
pulse 395
space 448
pulse 419
space 450
pulse 418
space 452
pulse 417
space 426
pulse 421
space 449
pulse 419
space 451
pulse 417
space 453
pulse 394
space 449
pulse 419
space 450
pulse 418
space 452
pulse 416
space 427
pulse 420
space 449
pulse 419
space 451
pulse 416
space 454
pulse 394
space 449
pulse 419
space 451
pulse 417
space 452
pulse 395
space 448
pulse 420
space 450
pulse 418
space 452
pulse 416
space 427
pulse 420
space 450
pulse 418
space 452
pulse 417
space 454
pulse 393
space 449
pulse 420
space 450
pulse 418
space 452
pulse 419
space 424
pulse 420
space 450
pulse 418
space 452
pulse 416
space 1299
pulse 450
space 446
pulse 390
space 453
pulse 415
space 455
pulse 423
space 447
pulse 390
space 452
pulse 416
space 454
pulse 431
space 439
pulse 422
space 420
pulse 417
space 453
pulse 414
space 455
pulse 429
space 441
pulse 390
space 453
pulse 415
space 455
pulse 423
space 446
pulse 422
space 421
pulse 416
space 454
pulse 424
space 1289
pulse 448
space 1294
pulse 444
space 454
pulse 415
space 455
pulse 392
space 451
pulse 417
space 453
pulse 415
space 455
pulse 423
space 419
pulse 418
space 452
pulse 416
space 454
pulse 424
space 418
pulse 419
space 451
pulse 417
space 453
pulse 415
space 455
pulse 392
space 451
pulse 417
space 453
pulse 416
space 454
pulse 423
space 419
pulse 419
space 451
pulse 416
space 453
pulse 415
space 1299
pulse 454
space 1288
pulse 444
space 460
pulse 387
space 449
pulse 420
space 1294
pulse 447
space 1294
pulse 450
timeout 217089

# 2026-02-25T15:43:20.357247+00:00  description=quest off
pulse 3492
space 1729
pulse 443
space 1298
pulse 449
space 394
pulse 443
space 427
pulse 451
space 418
pulse 450
space 1291
pulse 447
space 451
pulse 396
space 420
pulse 448
space 422
pulse 446
space 451
pulse 417
space 1296
pulse 452
space 391
pulse 446
space 1295
pulse 452
space 1290
pulse 448
space 450
pulse 418
space 1295
pulse 443
space 1299
pulse 449
space 1293
pulse 444
space 1296
pulse 452
space 1290
pulse 448
space 449
pulse 419
space 452
pulse 395
space 1319
pulse 419
space 452
pulse 416
space 453
pulse 415
space 427
pulse 451
space 419
pulse 418
space 425
pulse 442
space 455
pulse 423
space 1291
pulse 447
space 1294
pulse 443
space 1298
pulse 450
space 1292
pulse 445
space 430
pulse 417
space 420
pulse 448
space 422
pulse 446
space 451
pulse 397
space 419
pulse 449
space 421
pulse 447
space 424
pulse 444
space 426
pulse 422
space 421
pulse 447
space 422
pulse 446
space 424
pulse 423
space 447
pulse 421
space 421
pulse 446
space 424
pulse 444
space 426
pulse 421
space 422
pulse 446
space 450
pulse 417
space 425
pulse 422
space 420
pulse 448
space 422
pulse 447
space 450
pulse 395
space 448
pulse 420
space 426
pulse 443
space 424
pulse 443
space 426
pulse 422
space 1292
pulse 445
space 425
pulse 443
space 455
pulse 423
space 419
pulse 418
space 425
pulse 443
space 454
pulse 425
space 445
pulse 423
space 29944
pulse 3498
space 1726
pulse 445
space 1296
pulse 452
space 418
pulse 450
space 420
pulse 448
space 449
pulse 388
space 1326
pulse 421
space 449
pulse 419
space 424
pulse 444
space 425
pulse 443
space 427
pulse 420
space 1294
pulse 468
space 402
pulse 451
space 1290
pulse 448
space 1293
pulse 445
space 425
pulse 442
space 1299
pulse 448
space 1293
pulse 444
space 1303
pulse 445
space 1290
pulse 447
space 1294
pulse 448
space 423
pulse 420
space 423
pulse 445
space 1296
pulse 452
space 417
pulse 450
space 420
pulse 417
space 453
pulse 415
space 428
pulse 450
space 447
pulse 421
space 405
pulse 432
space 442
pulse 437
space 446
pulse 422
space 420
pulse 417
space 426
pulse 452
space 418
pulse 449
space 420
pulse 448
space 395
pulse 442
space 428
pulse 451
space 419
pulse 449
space 421
pulse 416
space 426
pulse 461
space 410
pulse 450
space 1292
pulse 449
space 422
pulse 422
space 419
pulse 449
space 448
pulse 420
space 423
pulse 445
space 425
pulse 436
space 1278
pulse 447
space 424
pulse 443
space 1298
pulse 450
space 419
pulse 449
space 421
pulse 415
space 1327
pulse 421
space 449
pulse 419
space 1295
pulse 443
space 427
pulse 452
space 418
pulse 449
space 393
pulse 445
space 453
pulse 423
space 419
pulse 449
space 448
pulse 389
space 426
pulse 443
space 427
pulse 451
space 446
pulse 391
space 424
pulse 443
space 428
pulse 450
space 447
pulse 421
space 422
pulse 415
space 427
pulse 452
space 1289
pulse 448
space 1293
pulse 456
space 1286
pulse 449
space 419
pulse 449
space 421
pulse 416
space 454
pulse 424
space 418
pulse 452
space 418
pulse 464
space 379
pulse 451
space 419
pulse 449
space 422
pulse 446
space 422
pulse 415
space 427
pulse 451
space 419
pulse 449
space 421
pulse 458
space 385
pulse 451
space 419
pulse 449
space 421
pulse 447
space 423
pulse 415
space 460
pulse 418
space 419
pulse 449
space 421
pulse 415
space 428
pulse 451
space 419
pulse 449
space 421
pulse 447
space 396
pulse 452
space 445
pulse 423
space 419
pulse 448
space 422
pulse 415
space 456
pulse 423
space 420
pulse 448
space 422
pulse 446
space 423
pulse 424
space 418
pulse 450
space 420
pulse 448
space 422
pulse 415
space 428
pulse 450
space 420
pulse 448
space 422
pulse 415
space 428
pulse 452
space 418
pulse 449
space 420
pulse 448
space 395
pulse 452
space 418
pulse 450
space 420
pulse 448
space 422
pulse 414
space 429
pulse 450
space 419
pulse 449
space 421
pulse 447
space 395
pulse 452
space 418
pulse 450
space 421
pulse 447
space 396
pulse 441
space 429
pulse 449
space 420
pulse 449
space 449
pulse 388
space 427
pulse 452
space 418
pulse 455
space 1286
pulse 445
space 1296
pulse 452
space 418
pulse 450
space 406
pulse 431
space 425
pulse 442
space 456
pulse 422
space 420
pulse 417
space 426
pulse 442
space 439
pulse 440
space 419
pulse 450
space 394
pulse 443
space 426
pulse 452
space 445
pulse 422
space 420
pulse 416
space 426
pulse 442
space 429
pulse 450
space 420
pulse 418
space 452
pulse 416
space 427
pulse 452
space 418
pulse 449
space 1293
pulse 445
space 1296
pulse 453
space 390
pulse 447
space 1295
pulse 442
space 428
pulse 450
space 1291
pulse 446
timeout 211973

