# ir_capture log — 2026-02-24T15:26:44.809545+00:00
# device: /dev/lirc1
# command: ir-ctl -d /dev/lirc1 --receive --mode2 --timeout 200000
#
# --- features ---
# Receive features /dev/lirc1:
#  - Device can receive raw IR
#  - Can report decoded scancodes and protocol
#  - Receiving timeout 5000 microseconds
#  - Can set receiving timeout min 1 microseconds, max 1250000 microseconds
# Send features /dev/lirc1:
#  - Device cannot send
# --- end features ---

# 2026-02-24T15:26:49.085076+00:00  description=off->on
pulse 3483
space 1767
pulse 415
space 1326
pulse 411
space 424
pulse 429
space 440
pulse 422
space 448
pulse 420
space 1322
pulse 416
space 454
pulse 394
space 449
pulse 419
space 451
pulse 417
space 453
pulse 415
space 1326
pulse 422
space 421
pulse 416
space 1298
pulse 450
space 1319
pulse 420
space 450
pulse 425
space 1289
pulse 451
space 1290
pulse 448
space 1294
pulse 444
space 1303
pulse 449
space 1287
pulse 448
space 449
pulse 418
space 425
pulse 422
space 1293
pulse 444
space 424
pulse 443
space 454
pulse 425
space 445
pulse 392
space 451
pulse 417
space 453
pulse 415
space 455
pulse 424
space 1318
pulse 420
space 1294
pulse 443
space 1298
pulse 450
space 1291
pulse 446
space 424
pulse 424
space 446
pulse 422
space 448
pulse 424
space 445
pulse 397
space 446
pulse 423
space 447
pulse 421
space 456
pulse 413
space 424
pulse 424
space 446
pulse 422
space 448
pulse 422
space 420
pulse 425
space 445
pulse 423
space 447
pulse 421
space 449
pulse 388
space 454
pulse 424
space 446
pulse 422
space 448
pulse 420
space 423
pulse 425
space 447
pulse 421
space 447
pulse 421
space 449
pulse 388
space 455
pulse 425
space 445
pulse 422
space 448
pulse 420
space 423
pulse 415
space 1300
pulse 448
space 449
pulse 419
space 450
pulse 418
space 425
pulse 422
space 448
pulse 420
space 450
pulse 418
space 452
pulse 396
space 29974
pulse 3491
space 1758
pulse 415
space 1299
pulse 449
space 448
pulse 420
space 450
pulse 427
space 443
pulse 395
space 1346
pulse 391
space 451
pulse 417
space 453
pulse 415
space 455
pulse 393
space 450
pulse 418
space 1324
pulse 424
space 447
pulse 421
space 1319
pulse 419
space 1295
pulse 442
space 428
pulse 451
space 1318
pulse 420
space 1296
pulse 442
space 1299
pulse 449
space 1291
pulse 446
space 1296
pulse 441
space 428
pulse 420
space 450
pulse 418
space 1296
pulse 452
space 445
pulse 428
space 442
pulse 389
space 453
pulse 415
space 455
pulse 424
space 446
pulse 421
space 421
pulse 416
space 457
pulse 421
space 446
pulse 422
space 448
pulse 389
space 454
pulse 414
space 455
pulse 423
space 447
pulse 390
space 452
pulse 416
space 455
pulse 424
space 446
pulse 422
space 421
pulse 416
space 454
pulse 415
space 455
pulse 423
space 1318
pulse 419
space 451
pulse 397
space 446
pulse 422
space 447
pulse 420
space 450
pulse 418
space 1297
pulse 451
space 1317
pulse 420
space 422
pulse 415
space 457
pulse 421
space 1318
pulse 420
space 450
pulse 418
space 452
pulse 395
space 1318
pulse 419
space 1322
pulse 417
space 453
pulse 424
space 446
pulse 422
space 448
pulse 389
space 454
pulse 424
space 453
pulse 415
space 459
pulse 409
space 422
pulse 415
space 455
pulse 423
space 448
pulse 422
space 446
pulse 388
space 455
pulse 424
space 446
pulse 424
space 446
pulse 420
space 423
pulse 414
space 1327
pulse 421
space 1320
pulse 417
space 1297
pulse 451
space 446
pulse 423
space 447
pulse 420
space 450
pulse 408
space 435
pulse 435
space 435
pulse 421
space 449
pulse 419
space 424
pulse 424
space 446
pulse 422
space 448
pulse 420
space 423
pulse 424
space 445
pulse 423
space 448
pulse 420
space 449
pulse 388
space 455
pulse 423
space 447
pulse 422
space 448
pulse 420
space 423
pulse 424
space 448
pulse 420
space 447
pulse 421
space 450
pulse 388
space 455
pulse 425
space 453
pulse 413
space 468
pulse 400
space 423
pulse 424
space 445
pulse 422
space 448
pulse 423
space 419
pulse 415
space 455
pulse 423
space 447
pulse 421
space 448
pulse 389
space 454
pulse 424
space 446
pulse 422
space 448
pulse 420
space 423
pulse 414
space 456
pulse 423
space 454
pulse 414
space 449
pulse 388
space 454
pulse 424
space 446
pulse 427
space 443
pulse 420
space 423
pulse 425
space 445
pulse 423
space 447
pulse 421
space 422
pulse 415
space 455
pulse 424
space 447
pulse 421
space 448
pulse 389
space 454
pulse 424
space 446
pulse 422
space 448
pulse 420
space 422
pulse 415
space 438
pulse 440
space 447
pulse 422
space 449
pulse 389
space 456
pulse 422
space 1317
pulse 420
space 1294
pulse 444
space 453
pulse 415
space 455
pulse 423
space 392
pulse 445
space 425
pulse 444
space 426
pulse 451
space 446
pulse 391
space 458
pulse 410
space 454
pulse 414
space 456
pulse 392
space 451
pulse 417
space 453
pulse 415
space 455
pulse 423
space 419
pulse 418
space 452
pulse 417
space 453
pulse 424
space 445
pulse 392
space 1323
pulse 415
space 455
pulse 423
space 1291
pulse 447
space 423
pulse 445
space 1296
pulse 452
space 445
pulse 423
space 1292
pulse 446
space 1295
pulse 442
timeout 214536

# 2026-02-24T15:27:35.108894+00:00  description=mode heat. temp 73->72
pulse 3491
space 1755
pulse 417
space 1306
pulse 441
space 450
pulse 387
space 452
pulse 418
space 452
pulse 425
space 1316
pulse 421
space 449
pulse 419
space 424
pulse 423
space 446
pulse 421
space 448
pulse 420
space 1321
pulse 417
space 454
pulse 394
space 1320
pulse 417
space 1328
pulse 423
space 444
pulse 422
space 1294
pulse 444
space 1296
pulse 452
space 1289
pulse 450
space 1291
pulse 444
space 1297
pulse 451
space 448
pulse 420
space 448
pulse 388
space 1325
pulse 428
space 442
pulse 420
space 450
pulse 418
space 452
pulse 418
space 425
pulse 421
space 449
pulse 419
space 451
pulse 418
space 1329
pulse 418
space 1290
pulse 447
space 1294
pulse 443
space 1304
pulse 444
space 447
pulse 390
space 453
pulse 415
space 455
pulse 423
space 447
pulse 421
space 421
pulse 416
space 455
pulse 424
space 446
pulse 422
space 448
pulse 389
space 471
pulse 404
space 447
pulse 423
space 447
pulse 397
space 445
pulse 436
space 434
pulse 424
space 446
pulse 422
space 421
pulse 416
space 454
pulse 413
space 456
pulse 423
space 450
pulse 387
space 453
pulse 418
space 452
pulse 423
space 447
pulse 429
space 418
pulse 419
space 447
pulse 424
space 446
pulse 422
space 450
pulse 387
space 1354
pulse 394
space 447
pulse 420
space 449
pulse 419
space 450
pulse 397
space 460
pulse 409
space 447
pulse 420
space 450
pulse 418
space 29976
pulse 3490
space 1762
pulse 390
space 1325
pulse 423
space 446
pulse 422
space 448
pulse 420
space 450
pulse 417
space 1325
pulse 423
space 418
pulse 422
space 449
pulse 417
space 459
pulse 418
space 422
pulse 418
space 1321
pulse 416
space 454
pulse 425
space 1289
pulse 450
space 1291
pulse 445
space 453
pulse 415
space 1299
pulse 449
space 1292
pulse 454
space 1288
pulse 451
space 1293
pulse 444
space 1296
pulse 446
space 449
pulse 394
space 449
pulse 419
space 1295
pulse 443
space 456
pulse 424
space 445
pulse 422
space 421
pulse 415
space 458
pulse 420
space 446
pulse 422
space 448
pulse 389
space 454
pulse 415
space 455
pulse 423
space 447
pulse 421
space 422
pulse 415
space 455
pulse 424
space 446
pulse 422
space 421
pulse 416
space 456
pulse 413
space 454
pulse 423
space 447
pulse 390
space 457
pulse 417
space 448
pulse 423
space 1318
pulse 420
space 450
pulse 418
space 425
pulse 423
space 447
pulse 421
space 449
pulse 419
space 451
pulse 396
space 1319
pulse 419
space 450
pulse 417
space 459
pulse 412
space 460
pulse 415
space 1317
pulse 423
space 1299
pulse 436
space 426
pulse 421
space 1293
pulse 445
space 452
pulse 415
space 459
pulse 419
space 419
pulse 419
space 451
pulse 416
space 454
pulse 431
space 439
pulse 397
space 446
pulse 417
space 453
pulse 415
space 455
pulse 424
space 419
pulse 425
space 445
pulse 429
space 441
pulse 426
space 444
pulse 392
space 451
pulse 416
space 1324
pulse 424
space 1291
pulse 447
space 1294
pulse 447
space 450
pulse 424
space 446
pulse 422
space 421
pulse 417
space 454
pulse 425
space 446
pulse 422
space 448
pulse 389
space 456
pulse 413
space 454
pulse 423
space 448
pulse 390
space 453
pulse 415
space 454
pulse 424
space 446
pulse 431
space 415
pulse 418
space 449
pulse 415
space 455
pulse 423
space 447
pulse 390
space 453
pulse 415
space 455
pulse 424
space 447
pulse 421
space 421
pulse 416
space 454
pulse 414
space 456
pulse 422
space 448
pulse 389
space 454
pulse 415
space 455
pulse 427
space 443
pulse 399
space 444
pulse 426
space 443
pulse 437
space 433
pulse 422
space 420
pulse 417
space 453
pulse 415
space 458
pulse 421
space 447
pulse 390
space 453
pulse 415
space 455
pulse 423
space 446
pulse 422
space 420
pulse 416
space 454
pulse 415
space 455
pulse 423
space 447
pulse 403
space 440
pulse 415
space 456
pulse 422
space 446
pulse 391
space 452
pulse 416
space 454
pulse 415
space 459
pulse 419
space 420
pulse 417
space 455
pulse 419
space 449
pulse 423
space 447
pulse 390
space 452
pulse 416
space 454
pulse 424
space 446
pulse 422
space 420
pulse 417
space 453
pulse 415
space 1328
pulse 420
space 1293
pulse 445
space 452
pulse 416
space 454
pulse 393
space 450
pulse 418
space 452
pulse 417
space 452
pulse 426
space 417
pulse 419
space 450
pulse 417
space 453
pulse 415
space 427
pulse 420
space 458
pulse 417
space 445
pulse 416
space 454
pulse 394
space 449
pulse 419
space 451
pulse 417
space 453
pulse 415
space 427
pulse 421
space 1295
pulse 442
space 1298
pulse 450
space 1291
pulse 446
space 1300
pulse 445
space 449
pulse 423
space 1291
pulse 449
space 449
pulse 418
space 1296
pulse 452
timeout 215441

