# ir_capture log — 2026-05-31T16:00:03.930627+00:00
# device: /dev/lirc1
# command: ir-ctl -d /dev/lirc1 --receive --mode2 --measure-carrier
#
# --- features ---
# Receive features /dev/lirc1:
#  - Device can receive raw IR
#  - Can report decoded scancodes and protocol
#  - Receiving timeout 12664 microseconds
#  - Can set receiving timeout min 1 microseconds, max 1250000 microseconds
# Send features /dev/lirc1:
#  - Device cannot send
# --- end features ---

# 2026-05-31T16:00:30.614397+00:00  description=midea power off -> on
pulse 4426
space 4404
pulse 564
space 1591
pulse 575
space 504
pulse 569
space 1585
pulse 567
space 1588
pulse 564
space 512
pulse 573
space 504
pulse 572
space 1583
pulse 569
space 507
pulse 568
space 509
pulse 568
space 1587
pulse 564
space 513
pulse 573
space 504
pulse 572
space 1583
pulse 569
space 1585
pulse 567
space 510
pulse 566
space 1589
pulse 563
space 1591
pulse 573
space 505
pulse 570
space 507
pulse 568
space 1587
pulse 566
space 1589
pulse 563
space 1591
pulse 572
space 1582
pulse 569
space 1585
pulse 567
space 510
pulse 565
space 1589
pulse 565
space 1590
pulse 571
space 505
pulse 570
space 507
pulse 569
space 508
pulse 567
space 509
pulse 566
space 511
pulse 565
space 512
pulse 564
space 1590
pulse 572
space 1584
pulse 569
space 508
pulse 567
space 510
pulse 566
space 511
pulse 564
space 512
pulse 574
space 503
pulse 573
space 1587
pulse 564
space 507
pulse 569
space 508
pulse 567
space 1587
pulse 565
space 1590
pulse 574
space 1587
pulse 564
space 1587
pulse 566
space 1587
pulse 565
space 5196
pulse 4432
space 4400
pulse 569
space 1586
pulse 566
space 510
pulse 567
space 1590
pulse 576
space 1576
pulse 570
space 507
pulse 569
space 508
pulse 567
space 1587
pulse 566
space 511
pulse 567
space 511
pulse 576
space 1578
pulse 570
space 507
pulse 569
space 508
pulse 567
space 1587
pulse 565
space 1590
pulse 578
space 501
pulse 569
space 1583
pulse 569
space 1586
pulse 567
space 510
pulse 565
space 512
pulse 567
space 1589
pulse 570
space 1583
pulse 570
space 1585
pulse 567
space 1588
pulse 567
space 1590
pulse 570
space 504
pulse 571
space 1584
pulse 569
space 1586
pulse 565
space 512
pulse 566
space 510
pulse 577
space 502
pulse 570
space 506
pulse 569
space 508
pulse 568
space 509
pulse 566
space 1588
pulse 565
space 1592
pulse 572
space 505
pulse 569
space 515
pulse 561
space 509
pulse 566
space 511
pulse 565
space 512
pulse 574
space 1582
pulse 571
space 506
pulse 571
space 506
pulse 568
space 1587
pulse 565
space 1589
pulse 573
space 1582
pulse 570
space 1585
pulse 568
space 1587
pulse 565
space 5191
pulse 4437
space 4400
pulse 576
space 1576
pulse 569
space 1586
pulse 566
space 511
pulse 565
space 1590
pulse 572
space 505
pulse 576
space 1578
pulse 568
space 509
pulse 566
space 1588
pulse 564
space 513
pulse 573
space 505
pulse 573
space 1582
pulse 567
space 508
pulse 568
space 1588
pulse 565
space 512
pulse 573
space 504
pulse 572
space 505
pulse 570
space 506
pulse 575
space 502
pulse 568
space 1587
pulse 565
space 512
pulse 564
space 513
pulse 573
space 504
pulse 572
space 505
pulse 572
space 505
pulse 573
space 504
pulse 567
space 517
pulse 558
space 511
pulse 564
space 512
pulse 573
space 504
pulse 575
space 502
pulse 570
space 507
pulse 569
space 1585
pulse 572
space 512
pulse 559
space 512
pulse 573
space 503
pulse 572
space 504
pulse 571
space 506
pulse 570
space 507
pulse 568
space 509
pulse 569
space 511
pulse 563
space 516
pulse 570
space 503
pulse 572
space 504
pulse 571
space 1584
pulse 569
space 1586
pulse 568
space 1590
pulse 560
space 1591
pulse 571
space 506
pulse 569
timeout 23512
# stderr: /dev/lirc1: device cannot measure carrier

# 2026-05-31T16:00:51.040755+00:00  description=midea power on -> off
pulse 4429
space 4398
pulse 568
space 1586
pulse 566
space 511
pulse 571
space 1590
pulse 565
space 1583
pulse 569
space 508
pulse 567
space 510
pulse 565
space 1589
pulse 573
space 504
pulse 579
space 502
pulse 567
space 1584
pulse 568
space 509
pulse 567
space 510
pulse 565
space 1589
pulse 573
space 1586
pulse 566
space 505
pulse 570
space 1586
pulse 567
space 509
pulse 566
space 1589
pulse 574
space 1585
pulse 567
space 1584
pulse 569
space 1586
pulse 566
space 511
pulse 565
space 1590
pulse 578
space 1577
pulse 570
space 1585
pulse 567
space 510
pulse 566
space 511
pulse 564
space 512
pulse 573
space 503
pulse 577
space 1577
pulse 570
space 507
pulse 569
space 508
pulse 567
space 1587
pulse 565
space 1590
pulse 577
space 1579
pulse 568
space 507
pulse 568
space 526
pulse 550
space 511
pulse 564
space 510
pulse 564
space 512
pulse 573
space 504
pulse 572
space 426
pulse 648
space 507
pulse 569
space 1586
pulse 567
space 1587
pulse 565
space 1592
pulse 570
space 1583
pulse 574
space 1579
pulse 567
space 5189
pulse 4439
space 4395
pulse 573
space 1582
pulse 570
space 507
pulse 569
space 1586
pulse 569
space 1585
pulse 564
space 513
pulse 573
space 504
pulse 572
space 1583
pulse 570
space 507
pulse 568
space 509
pulse 567
space 1588
pulse 565
space 512
pulse 564
space 513
pulse 572
space 1582
pulse 570
space 1584
pulse 568
space 509
pulse 567
space 1587
pulse 565
space 512
pulse 563
space 1592
pulse 571
space 1584
pulse 568
space 1586
pulse 566
space 1589
pulse 563
space 513
pulse 573
space 1530
pulse 623
space 1584
pulse 568
space 1588
pulse 564
space 511
pulse 567
space 510
pulse 573
space 503
pulse 572
space 505
pulse 571
space 1584
pulse 568
space 509
pulse 566
space 510
pulse 565
space 1590
pulse 573
space 1582
pulse 570
space 1584
pulse 568
space 509
pulse 566
space 510
pulse 565
space 512
pulse 564
space 514
pulse 573
space 502
pulse 572
space 505
pulse 571
space 506
pulse 569
space 514
pulse 562
space 1587
pulse 566
space 1589
pulse 573
space 1583
# stderr: /dev/lirc1: device cannot measure carrier

# 2026-05-31T16:01:24.699650+00:00  description=midea power off -> on again.
pulse 4460
space 4369
pulse 598
space 1556
pulse 596
space 480
pulse 594
space 1561
pulse 591
space 1563
pulse 599
space 477
pulse 598
space 478
pulse 597
space 1558
pulse 594
space 483
pulse 593
space 484
pulse 602
space 1554
pulse 599
space 478
pulse 597
space 480
pulse 595
space 1559
pulse 593
space 1561
pulse 602
space 474
pulse 600
space 1555
pulse 597
space 1557
pulse 595
space 482
pulse 594
space 483
pulse 603
space 1552
pulse 599
space 1556
pulse 596
space 1559
pulse 593
space 1562
pulse 600
space 1554
pulse 598
space 478
pulse 597
space 1558
pulse 594
space 1561
pulse 601
space 475
pulse 600
space 477
pulse 599
space 478
pulse 598
space 478
pulse 596
space 481
pulse 595
space 481
pulse 594
space 1563
pulse 589
space 1562
pulse 600
space 476
pulse 600
space 477
pulse 598
space 479
pulse 596
space 481
pulse 595
space 482
pulse 593
space 1561
pulse 602
space 475
pulse 601
space 475
pulse 599
space 1555
pulse 597
space 1558
pulse 594
space 1560
pulse 592
space 1563
pulse 600
space 1555
pulse 596
space 5160
pulse 4459
space 4374
pulse 594
space 1561
pulse 605
space 472
pulse 599
space 1554
pulse 598
space 1557
pulse 595
space 482
pulse 594
space 483
pulse 593
space 1562
pulse 601
space 477
pulse 599
space 477
pulse 598
space 1557
pulse 595
space 488
pulse 587
space 483
pulse 591
space 1563
pulse 600
space 1558
pulse 594
space 479
pulse 596
space 1557
pulse 595
space 1560
pulse 592
space 484
pulse 602
space 475
pulse 601
space 1554
pulse 598
space 1556
pulse 595
space 1560
pulse 593
space 1562
pulse 601
space 1555
pulse 598
space 479
pulse 597
space 1559
pulse 593
space 1561
pulse 601
space 476
pulse 599
space 478
pulse 597
space 480
pulse 603
space 474
pulse 594
space 482
pulse 601
space 480
pulse 588
space 1562
pulse 600
space 1554
pulse 598
space 479
pulse 597
space 480
pulse 596
space 482
pulse 593
space 483
pulse 592
space 485
pulse 601
space 1553
pulse 598
space 479
pulse 596
space 480
pulse 595
space 1559
pulse 593
space 1561
pulse 601
space 1553
pulse 599
space 1556
pulse 596
space 1559
pulse 572
space 5188
pulse 4460
space 4369
pulse 599
space 1555
pulse 596
space 1558
pulse 573
space 504
pulse 592
space 1563
pulse 600
space 477
pulse 598
space 1557
pulse 596
space 480
pulse 595
space 1559
pulse 593
space 483
pulse 602
space 474
pulse 601
space 1555
pulse 597
space 480
pulse 596
space 1560
pulse 593
space 483
pulse 592
space 485
pulse 601
space 475
pulse 600
space 476
pulse 599
space 477
pulse 598
space 1557
pulse 595
space 481
pulse 576
space 500
pulse 592
space 485
pulse 601
space 476
pulse 599
space 477
pulse 598
space 479
pulse 597
space 480
pulse 564
space 512
pulse 594
space 483
pulse 572
space 504
pulse 572
space 506
pulse 569
space 506
pulse 569
space 1586
pulse 566
space 515
pulse 561
space 517
pulse 568
space 503
pulse 572
space 505
pulse 570
space 506
pulse 569
space 508
pulse 567
space 509
pulse 566
space 510
pulse 567
space 509
pulse 565
space 512
pulse 574
space 503
pulse 573
space 1582
pulse 570
space 1593
pulse 560
space 1587
pulse 573
space 1590
pulse 563
space 505
pulse 571
timeout 34046
# stderr: /dev/lirc1: device cannot measure carrier

# 2026-05-31T16:01:50.885501+00:00  description=on, temp up. 71 -> 72
pulse 4454
space 4374
pulse 594
space 1561
pulse 601
space 479
pulse 597
space 1554
pulse 597
space 1558
pulse 595
space 482
pulse 593
space 484
pulse 602
space 1559
pulse 596
space 475
pulse 599
space 477
pulse 596
space 1559
pulse 593
space 484
pulse 592
space 485
pulse 601
space 1556
pulse 597
space 1555
pulse 596
space 481
pulse 594
space 1561
pulse 602
space 1556
pulse 596
space 479
pulse 598
space 479
pulse 596
space 1558
pulse 593
space 1562
pulse 600
space 1555
pulse 597
space 1565
pulse 587
space 1560
pulse 602
space 475
pulse 601
space 1554
pulse 598
space 1558
pulse 594
space 489
pulse 586
space 484
pulse 591
space 485
pulse 601
space 476
pulse 599
space 478
pulse 597
space 480
pulse 596
space 1560
pulse 592
space 1562
pulse 602
space 1553
pulse 599
space 478
pulse 597
space 480
pulse 595
space 481
pulse 594
space 483
pulse 593
space 1562
pulse 600
space 483
pulse 593
space 478
pulse 601
space 476
pulse 596
space 1559
pulse 594
space 1561
pulse 601
space 1554
pulse 598
space 1557
pulse 597
space 5163
pulse 4464
space 4370
pulse 598
space 1556
pulse 596
space 481
pulse 595
space 1562
pulse 601
space 1554
pulse 598
space 479
pulse 596
space 481
pulse 594
space 1561
pulse 602
space 476
pulse 599
space 476
pulse 599
space 1556
pulse 604
space 473
pulse 594
space 483
pulse 593
space 1563
pulse 600
space 1553
pulse 598
space 479
pulse 596
space 1559
pulse 602
space 1553
pulse 602
space 475
pulse 600
space 477
pulse 598
space 1556
pulse 596
space 1565
pulse 587
space 1563
pulse 600
space 1555
pulse 597
space 1558
pulse 594
space 483
pulse 593
space 1565
pulse 597
space 1555
pulse 597
space 480
pulse 596
space 481
pulse 594
space 483
pulse 593
space 484
pulse 602
space 475
pulse 600
space 477
pulse 598
space 1556
pulse 599
space 1556
pulse 594
space 1562
pulse 601
space 476
pulse 599
space 478
pulse 598
space 479
pulse 596
space 481
pulse 594
space 1560
pulse 592
space 485
pulse 601
space 476
pulse 599
space 478
pulse 598
space 1557
pulse 595
space 1560
pulse 602
space 1553
pulse 599
space 1557
pulse 596
space 5163
pulse 4465
space 4371
pulse 598
space 1563
pulse 589
space 1560
pulse 593
space 484
pulse 601
space 1554
pulse 598
space 478
pulse 597
space 1558
pulse 594
space 486
pulse 590
space 1562
pulse 600
space 477
pulse 599
space 478
pulse 597
space 1559
pulse 594
space 483
pulse 592
space 1564
pulse 599
space 477
pulse 599
space 478
pulse 597
space 480
pulse 596
space 481
pulse 594
space 483
pulse 593
space 484
pulse 602
space 475
pulse 600
space 476
pulse 599
space 481
pulse 595
space 479
pulse 596
space 480
pulse 595
space 482
pulse 593
space 483
pulse 592
space 484
pulse 605
space 472
pulse 600
space 476
pulse 599
space 478
pulse 597
space 479
pulse 596
space 1559
pulse 593
space 484
pulse 608
space 470
pulse 600
space 476
pulse 599
space 478
pulse 598
space 479
pulse 596
space 480
pulse 595
space 482
pulse 593
space 484
pulse 602
space 1553
pulse 605
space 1550
pulse 596
space 1558
pulse 594
space 1560
pulse 602
space 1563
pulse 589
space 1557
pulse 595
space 1559
pulse 593
space 484
pulse 602
timeout 28624
# stderr: /dev/lirc1: device cannot measure carrier

# 2026-05-31T16:02:01.726366+00:00  description=72 -> 73
pulse 4459
space 4370
pulse 599
space 1556
pulse 596
space 481
pulse 594
space 1560
pulse 592
space 1563
pulse 600
space 477
pulse 599
space 478
pulse 597
space 1559
pulse 595
space 480
pulse 593
space 484
pulse 592
space 1563
pulse 599
space 477
pulse 598
space 479
pulse 597
space 1559
pulse 594
space 1560
pulse 592
space 485
pulse 590
space 1565
pulse 598
space 1557
pulse 595
space 481
pulse 594
space 483
pulse 592
space 1562
pulse 590
space 1565
pulse 598
space 1557
pulse 595
space 1561
pulse 591
space 1564
pulse 599
space 484
pulse 591
space 1558
pulse 594
space 1561
pulse 591
space 486
pulse 589
space 487
pulse 598
space 479
pulse 596
space 480
pulse 564
space 517
pulse 590
space 490
pulse 585
space 1562
pulse 589
space 487
pulse 598
space 1557
pulse 595
space 481
pulse 594
space 483
pulse 592
space 484
pulse 591
space 486
pulse 589
space 1566
pulse 597
space 480
pulse 564
space 1591
pulse 592
space 485
pulse 590
space 1565
pulse 598
space 1558
pulse 593
space 1561
pulse 591
space 1563
pulse 599
space 5158
pulse 4459
space 4376
pulse 592
space 1562
pulse 592
space 485
pulse 598
space 1557
pulse 595
space 1560
pulse 592
space 485
pulse 590
space 487
pulse 599
space 1555
pulse 597
space 480
pulse 596
space 480
pulse 593
space 1561
pulse 591
space 486
pulse 600
space 477
pulse 598
space 1557
pulse 595
space 1559
pulse 593
space 484
pulse 597
space 1558
pulse 599
space 1556
pulse 596
space 481
pulse 595
space 482
pulse 593
space 1563
pulse 589
space 1565
pulse 600
space 1555
pulse 595
space 1560
pulse 592
space 1565
pulse 597
space 477
pulse 598
space 1557
pulse 595
space 1560
pulse 592
space 484
pulse 591
space 486
pulse 600
space 477
pulse 598
space 479
pulse 596
space 481
pulse 595
space 482
pulse 593
space 1562
pulse 591
space 486
pulse 589
space 1565
pulse 597
space 480
pulse 596
space 481
pulse 594
space 482
pulse 593
space 484
pulse 592
space 1570
pulse 582
space 488
pulse 598
space 1557
pulse 596
space 481
pulse 595
space 1561
pulse 591
space 1563
pulse 590
space 1564
pulse 597
space 1558
pulse 594
space 5163
pulse 4465
space 4370
pulse 568
space 1586
pulse 596
space 1559
pulse 593
space 484
pulse 571
space 1585
pulse 619
space 457
pulse 598
space 1557
pulse 595
space 483
pulse 592
space 1561
pulse 570
space 507
pulse 589
space 487
pulse 598
space 1557
pulse 596
space 481
pulse 594
space 1560
pulse 574
space 503
pulse 589
space 487
pulse 588
space 488
pulse 600
space 477
pulse 596
space 481
pulse 595
space 482
pulse 593
space 484
pulse 592
space 485
pulse 570
space 507
pulse 589
space 488
pulse 598
space 480
pulse 564
space 512
pulse 594
space 482
pulse 593
space 484
pulse 571
space 506
pulse 600
space 476
pulse 598
space 478
pulse 598
space 480
pulse 597
space 1558
pulse 593
space 487
pulse 619
space 454
pulse 590
space 487
pulse 605
space 471
pulse 598
space 479
pulse 596
space 480
pulse 595
space 482
pulse 593
space 483
pulse 592
space 1563
pulse 589
space 1565
pulse 597
space 1558
pulse 594
space 1560
pulse 571
space 1584
pulse 589
space 1565
pulse 597
space 1557
pulse 595
# stderr: /dev/lirc1: device cannot measure carrier

# 2026-05-31T16:02:13.003887+00:00  description=73 -> 72
pulse 4462
space 4368
pulse 568
space 1587
pulse 596
space 480
pulse 594
space 1561
pulse 601
space 1554
pulse 567
space 510
pulse 596
space 481
pulse 595
space 1560
pulse 592
space 486
pulse 600
space 475
pulse 600
space 1555
pulse 597
space 479
pulse 596
space 481
pulse 594
space 1560
pulse 592
space 1563
pulse 600
space 477
pulse 598
space 1557
pulse 595
space 1559
pulse 593
space 484
pulse 602
space 475
pulse 601
space 1554
pulse 598
space 1557
pulse 595
space 1560
pulse 593
space 1562
pulse 600
space 1555
pulse 597
space 480
pulse 596
space 1560
pulse 593
space 1562
pulse 600
space 477
pulse 599
space 478
pulse 597
space 480
pulse 596
space 481
pulse 595
space 482
pulse 593
space 495
pulse 590
space 1553
pulse 599
space 1556
pulse 596
space 1559
pulse 594
space 483
pulse 592
space 485
pulse 601
space 476
pulse 599
space 478
pulse 597
space 1557
pulse 595
space 482
pulse 594
space 483
pulse 592
space 485
pulse 601
space 1554
pulse 598
space 1557
pulse 604
space 1551
pulse 592
space 1563
pulse 599
space 5159
pulse 4468
space 4366
pulse 593
space 1561
pulse 600
space 477
pulse 598
space 1557
pulse 595
space 1560
pulse 593
space 484
pulse 602
space 475
pulse 600
space 1555
pulse 597
space 479
pulse 596
space 481
pulse 595
space 1560
pulse 592
space 485
pulse 601
space 476
pulse 599
space 1556
pulse 597
space 1559
pulse 593
space 483
pulse 592
space 1562
pulse 600
space 1555
pulse 597
space 480
pulse 596
space 481
pulse 599
space 1556
pulse 592
space 1563
pulse 599
space 1556
pulse 596
space 1558
pulse 594
space 1562
pulse 601
space 475
pulse 599
space 1555
pulse 597
space 1558
pulse 595
space 482
pulse 593
space 484
pulse 592
space 485
pulse 601
space 480
pulse 595
space 477
pulse 598
space 479
pulse 597
space 1558
pulse 603
space 1551
pulse 590
space 1563
pulse 599
space 478
pulse 598
space 479
pulse 596
space 480
pulse 595
space 482
pulse 593
space 1561
pulse 592
space 485
pulse 600
space 477
pulse 599
space 478
pulse 597
space 1558
pulse 595
space 1560
pulse 591
space 1563
pulse 599
space 1556
pulse 608
space 5150
pulse 4466
space 4368
pulse 600
space 1555
pulse 598
space 1558
pulse 594
space 483
pulse 592
space 1562
pulse 600
space 478
pulse 597
space 1556
pulse 596
space 481
pulse 594
space 1560
pulse 592
space 485
pulse 590
space 487
pulse 599
space 1557
pulse 596
space 480
pulse 595
space 1560
pulse 592
space 485
pulse 591
space 486
pulse 600
space 477
pulse 598
space 479
pulse 597
space 480
pulse 595
space 482
pulse 597
space 480
pulse 592
space 485
pulse 601
space 476
pulse 599
space 477
pulse 598
space 479
pulse 597
space 480
pulse 595
space 481
pulse 594
space 482
pulse 593
space 484
pulse 592
space 491
pulse 595
space 475
pulse 599
space 478
pulse 598
space 1557
pulse 597
space 480
pulse 594
space 483
pulse 593
space 484
pulse 591
space 486
pulse 600
space 481
pulse 594
space 479
pulse 597
space 480
pulse 595
space 481
pulse 594
space 1561
pulse 591
space 1564
pulse 599
space 1561
pulse 591
space 1560
pulse 593
space 1562
pulse 600
space 1554
pulse 598
space 1557
pulse 595
space 482
pulse 594
# stderr: /dev/lirc1: device cannot measure carrier

# 2026-05-31T16:02:47.613771+00:00  description=fan button. 3 times wait one second between each press
pulse 4458
space 4373
pulse 595
space 1559
pulse 593
space 484
pulse 591
space 1564
pulse 599
space 1556
pulse 596
space 481
pulse 595
space 482
pulse 593
space 1562
pulse 601
space 476
pulse 599
space 478
pulse 597
space 1558
pulse 594
space 482
pulse 594
space 483
pulse 592
space 1563
pulse 599
space 1555
pulse 597
space 480
pulse 596
space 1559
pulse 593
space 484
pulse 592
space 1563
pulse 600
space 478
pulse 598
space 1557
pulse 595
space 1560
pulse 592
space 1562
pulse 600
space 1555
pulse 597
space 1557
pulse 595
space 1561
pulse 592
space 485
pulse 600
space 1555
pulse 597
space 480
pulse 596
space 481
pulse 594
space 483
pulse 599
space 478
pulse 601
space 476
pulse 599
space 477
pulse 598
space 1557
pulse 596
space 1559
pulse 593
space 1562
pulse 601
space 476
pulse 601
space 475
pulse 598
space 479
pulse 596
space 481
pulse 595
space 1560
pulse 592
space 484
pulse 601
space 475
pulse 600
space 480
pulse 596
space 1556
pulse 596
space 1559
pulse 593
space 1563
pulse 601
space 1555
pulse 596
space 5161
pulse 4457
space 4377
pulse 591
space 1563
pulse 599
space 478
pulse 597
space 1557
pulse 596
space 1559
pulse 593
space 484
pulse 592
space 485
pulse 601
space 1554
pulse 599
space 478
pulse 598
space 479
pulse 596
space 1559
pulse 593
space 483
pulse 592
space 485
pulse 601
space 1554
pulse 599
space 1556
pulse 596
space 481
pulse 595
space 1560
pulse 592
space 484
pulse 601
space 1553
pulse 599
space 478
pulse 597
space 1557
pulse 595
space 1560
pulse 592
space 1562
pulse 600
space 1555
pulse 598
space 1557
pulse 595
space 1561
pulse 592
space 485
pulse 600
space 1554
pulse 598
space 479
pulse 610
space 468
pulse 594
space 482
pulse 593
space 484
pulse 601
space 475
pulse 600
space 477
pulse 598
space 1557
pulse 595
space 1560
pulse 593
space 1564
pulse 598
space 477
pulse 598
space 479
pulse 603
space 474
pulse 596
space 481
pulse 594
space 1561
pulse 591
space 485
pulse 601
space 476
pulse 599
space 477
pulse 598
space 1556
pulse 596
space 1560
pulse 592
space 1563
pulse 600
space 1554
pulse 598
space 5159
pulse 4458
space 4376
pulse 592
space 1563
pulse 599
space 1555
pulse 597
space 480
pulse 595
space 1559
pulse 593
space 484
pulse 591
space 1563
pulse 600
space 477
pulse 598
space 1556
pulse 596
space 481
pulse 595
space 482
pulse 593
space 1562
pulse 601
space 1554
pulse 599
space 1556
pulse 595
space 1559
pulse 594
space 483
pulse 591
space 485
pulse 601
space 476
pulse 599
space 478
pulse 597
space 479
pulse 596
space 484
pulse 591
space 482
pulse 593
space 483
pulse 592
space 485
pulse 601
space 476
pulse 599
space 477
pulse 598
space 479
pulse 597
space 480
pulse 595
space 482
pulse 594
space 485
pulse 590
space 484
pulse 591
space 485
pulse 600
space 1554
pulse 598
space 479
pulse 596
space 480
pulse 595
space 482
pulse 593
space 484
pulse 592
space 485
pulse 602
space 476
pulse 598
space 478
pulse 597
space 479
pulse 596
space 481
pulse 595
space 491
pulse 585
space 483
pulse 592
space 1562
pulse 600
space 477
pulse 603
space 473
pulse 598
space 1557
pulse 595
space 481
pulse 594
timeout 15550
pulse 4452
space 4376
pulse 592
space 1563
pulse 600
space 477
pulse 598
space 1556
pulse 596
space 1559
pulse 593
space 483
pulse 592
space 485
pulse 601
space 1554
pulse 599
space 479
pulse 597
space 481
pulse 594
space 1559
pulse 593
space 484
pulse 592
space 485
pulse 601
space 1554
pulse 599
space 1557
pulse 595
space 481
pulse 594
space 1560
pulse 592
space 485
pulse 601
space 476
pulse 599
space 1556
pulse 596
space 1559
pulse 594
space 1561
pulse 591
space 1564
pulse 599
space 1556
pulse 597
space 1558
pulse 594
space 1561
pulse 591
space 1564
pulse 599
space 478
pulse 597
space 480
pulse 596
space 481
pulse 594
space 489
pulse 588
space 483
pulse 592
space 485
pulse 601
space 476
pulse 599
space 1555
pulse 597
space 1558
pulse 595
space 1560
pulse 592
space 485
pulse 601
space 476
pulse 600
space 477
pulse 598
space 479
pulse 596
space 1559
pulse 593
space 488
pulse 587
space 485
pulse 601
space 476
pulse 599
space 1555
pulse 597
space 1558
pulse 595
space 1564
pulse 588
space 1562
pulse 600
space 5157
pulse 4460
space 4376
pulse 593
space 1560
pulse 593
space 484
pulse 591
space 1564
pulse 599
space 1556
pulse 596
space 482
pulse 593
space 483
pulse 599
space 1556
pulse 600
space 477
pulse 599
space 478
pulse 597
space 1557
pulse 595
space 482
pulse 594
space 483
pulse 595
space 1559
pulse 600
space 1554
pulse 598
space 478
pulse 597
space 1558
pulse 594
space 482
pulse 597
space 480
pulse 593
space 1561
pulse 591
space 1564
pulse 599
space 1558
pulse 595
space 1559
pulse 593
space 1561
pulse 601
space 1555
pulse 597
space 1558
pulse 594
space 1559
pulse 593
space 483
pulse 592
space 485
pulse 601
space 476
pulse 599
space 477
pulse 598
space 479
pulse 597
space 480
pulse 596
space 481
pulse 596
space 1559
pulse 592
space 1562
pulse 600
space 1555
pulse 598
space 480
pulse 596
space 480
pulse 596
space 481
pulse 593
space 484
pulse 592
space 1562
pulse 600
space 477
pulse 599
space 478
pulse 597
space 481
pulse 595
space 1560
pulse 593
space 1562
pulse 601
space 1554
pulse 598
space 1557
pulse 595
space 5162
pulse 4466
space 4369
pulse 600
space 1555
pulse 597
space 1558
pulse 599
space 478
pulse 592
space 1563
pulse 600
space 477
pulse 598
space 1557
pulse 596
space 483
pulse 592
space 1561
pulse 592
space 485
pulse 600
space 1555
pulse 598
space 1558
pulse 595
space 482
pulse 593
space 484
pulse 596
space 1559
pulse 600
space 477
pulse 598
space 479
pulse 596
space 481
pulse 595
space 482
pulse 593
space 484
pulse 592
space 485
pulse 594
space 482
pulse 605
space 472
pulse 598
space 479
pulse 597
space 480
pulse 595
space 481
pulse 594
space 483
pulse 593
space 485
pulse 602
space 482
pulse 593
space 477
pulse 604
space 473
pulse 596
space 480
pulse 595
space 1559
pulse 593
space 484
pulse 592
space 485
pulse 601
space 482
pulse 594
space 477
pulse 602
space 475
pulse 597
space 480
pulse 595
space 482
pulse 594
space 483
pulse 592
space 485
pulse 601
space 476
pulse 599
space 1556
pulse 599
space 1556
pulse 593
space 1562
pulse 601
space 476
pulse 599
space 1558
pulse 594
space 480
pulse 598
timeout 31620
pulse 4452
space 4377
pulse 597
space 1558
pulse 598
space 479
pulse 596
space 1558
pulse 594
space 1561
pulse 591
space 486
pulse 599
space 477
pulse 598
space 1557
pulse 595
space 482
pulse 593
space 484
pulse 592
space 1563
pulse 599
space 478
pulse 598
space 479
pulse 596
space 1560
pulse 592
space 1562
pulse 600
space 477
pulse 599
space 1557
pulse 595
space 1561
pulse 592
space 486
pulse 600
space 1555
pulse 603
space 1552
pulse 594
space 1561
pulse 591
space 1565
pulse 598
space 1564
pulse 588
space 1561
pulse 601
space 476
pulse 599
space 1556
pulse 596
space 481
pulse 595
space 482
pulse 593
space 484
pulse 591
space 489
pulse 597
space 477
pulse 599
space 478
pulse 597
space 479
pulse 596
space 1559
pulse 593
space 1562
pulse 601
space 1558
pulse 594
space 479
pulse 596
space 481
pulse 595
space 482
pulse 593
space 484
pulse 591
space 1564
pulse 599
space 478
pulse 597
space 480
pulse 596
space 481
pulse 594
space 1561
pulse 591
space 1564
pulse 599
space 1556
pulse 596
space 1559
pulse 593
space 5167
pulse 4461
space 4374
pulse 595
space 1561
pulse 591
space 486
pulse 600
space 1555
pulse 597
space 1561
pulse 591
space 483
pulse 596
space 480
pulse 592
space 1563
pulse 599
space 478
pulse 598
space 479
pulse 596
space 1559
pulse 593
space 485
pulse 590
space 485
pulse 601
space 1554
pulse 598
space 1557
pulse 595
space 496
pulse 579
space 1561
pulse 591
space 1564
pulse 598
space 479
pulse 596
space 1559
pulse 593
space 1562
pulse 601
space 1555
pulse 597
space 1558
pulse 594
space 1561
pulse 591
space 1564
pulse 599
space 479
pulse 597
space 1558
pulse 594
space 483
pulse 593
space 485
pulse 591
space 493
pulse 593
space 477
pulse 602
space 475
pulse 597
space 480
pulse 595
space 482
pulse 593
space 1561
pulse 601
space 1555
pulse 598
space 1557
pulse 599
space 478
pulse 594
space 483
pulse 592
space 485
pulse 591
space 486
pulse 600
space 1555
pulse 597
space 480
pulse 595
space 485
pulse 591
space 482
pulse 596
space 1559
pulse 600
space 1555
pulse 597
space 1559
pulse 593
space 1564
pulse 599
space 5158
pulse 4459
space 4376
pulse 592
space 1563
pulse 600
space 1555
pulse 598
space 479
pulse 595
space 1560
pulse 592
space 485
pulse 601
space 1555
pulse 597
space 480
pulse 595
space 1560
pulse 592
space 485
pulse 590
space 1564
pulse 599
space 1556
pulse 596
space 481
pulse 594
space 483
pulse 593
space 1563
pulse 600
space 1558
pulse 594
space 481
pulse 595
space 482
pulse 593
space 484
pulse 591
space 485
pulse 600
space 476
pulse 599
space 478
pulse 597
space 479
pulse 596
space 481
pulse 595
space 483
pulse 592
space 484
pulse 601
space 476
pulse 599
space 477
pulse 598
space 479
pulse 597
space 480
pulse 595
space 482
pulse 593
space 484
pulse 592
space 1566
pulse 605
space 469
pulse 598
space 479
pulse 598
space 480
pulse 594
space 482
pulse 593
space 484
pulse 592
space 485
pulse 600
space 477
pulse 599
space 478
pulse 597
space 480
pulse 595
space 481
pulse 594
space 1561
pulse 592
space 1563
pulse 599
space 1556
pulse 596
space 1559
pulse 593
space 484
pulse 592
space 491
pulse 594
timeout 27359
pulse 192
# stderr: /dev/lirc1: device cannot measure carrier

# 2026-05-31T16:03:16.415441+00:00  description=fan ended up in fan auto mode. One more press to lowest mode.
pulse 4452
space 4376
pulse 593
space 1562
pulse 600
space 476
pulse 599
space 1556
pulse 596
space 1558
pulse 594
space 483
pulse 592
space 492
pulse 594
space 1554
pulse 598
space 477
pulse 598
space 479
pulse 596
space 1558
pulse 594
space 483
pulse 593
space 484
pulse 592
space 1563
pulse 601
space 1554
pulse 597
space 480
pulse 596
space 1559
pulse 594
space 1561
pulse 592
space 491
pulse 594
space 476
pulse 600
space 1554
pulse 597
space 1557
pulse 595
space 1560
pulse 592
space 1569
pulse 594
space 1554
pulse 599
space 478
pulse 597
space 1558
pulse 595
space 1560
pulse 592
space 485
pulse 591
space 491
pulse 595
space 477
pulse 599
space 478
pulse 597
space 480
pulse 595
space 481
pulse 594
space 1559
pulse 593
space 1561
pulse 591
space 1564
pulse 599
space 477
pulse 597
space 479
pulse 596
space 481
pulse 595
space 482
pulse 593
space 1561
pulse 592
space 485
pulse 601
space 481
pulse 594
space 477
pulse 599
space 1556
pulse 597
space 1559
pulse 592
space 1562
pulse 601
space 1558
pulse 594
space 5159
pulse 4458
space 4377
pulse 592
space 1563
pulse 599
space 477
pulse 598
space 1557
pulse 595
space 1560
pulse 592
space 485
pulse 601
space 476
pulse 600
space 1554
pulse 598
space 479
pulse 596
space 481
pulse 595
space 1561
pulse 592
space 484
pulse 608
space 469
pulse 599
space 1556
pulse 597
space 1558
pulse 594
space 483
pulse 592
space 1563
pulse 600
space 1555
pulse 598
space 479
pulse 596
space 480
pulse 595
space 1560
pulse 592
space 1562
pulse 601
space 1554
pulse 605
space 1549
pulse 597
space 1558
pulse 593
space 483
pulse 592
space 1563
pulse 600
space 1554
pulse 605
space 472
pulse 597
space 480
pulse 595
space 481
pulse 594
space 482
pulse 593
space 484
pulse 592
space 485
pulse 590
space 1564
pulse 599
space 1556
pulse 596
space 1569
pulse 584
space 482
pulse 593
space 484
pulse 591
space 485
pulse 590
space 487
pulse 599
space 1556
pulse 603
space 473
pulse 564
space 513
pulse 593
space 484
pulse 592
space 1562
pulse 589
space 1565
pulse 598
space 1558
pulse 601
space 1553
pulse 592
space 5166
pulse 4462
space 4372
pulse 566
space 1589
pulse 598
space 1557
pulse 591
space 486
pulse 569
space 1587
pulse 597
space 478
pulse 565
space 1592
pulse 591
space 483
pulse 596
space 1559
pulse 569
space 508
pulse 567
space 510
pulse 596
space 1559
pulse 563
space 514
pulse 592
space 1563
pulse 569
space 509
pulse 598
space 479
pulse 596
space 481
pulse 595
space 482
pulse 594
space 483
pulse 571
space 505
pulse 570
space 506
pulse 573
space 504
pulse 567
space 510
pulse 597
space 480
pulse 595
space 482
pulse 594
space 482
pulse 593
space 484
pulse 591
space 486
pulse 569
space 511
pulse 564
space 508
pulse 598
space 479
pulse 597
space 480
pulse 595
space 1560
pulse 594
space 483
pulse 571
space 506
pulse 569
space 508
pulse 568
space 509
pulse 597
space 480
pulse 596
space 481
pulse 594
space 482
pulse 593
space 484
pulse 592
space 1563
pulse 599
space 1555
pulse 597
space 1558
pulse 594
space 1560
pulse 592
space 1563
pulse 589
space 1565
pulse 597
space 1558
pulse 595
# stderr: /dev/lirc1: device cannot measure carrier

# 2026-05-31T16:04:48.098116+00:00  description=mode button five times. Start state Cool -> dry -> heat -> fan -> auto -> cool
pulse 4427
space 4426
pulse 542
space 1613
pulse 539
space 538
pulse 537
space 1617
pulse 546
space 1608
pulse 544
space 534
pulse 542
space 535
pulse 540
space 1615
pulse 547
space 503
pulse 572
space 531
pulse 545
space 1611
pulse 541
space 534
pulse 541
space 536
pulse 540
space 1589
pulse 573
space 1607
pulse 565
space 512
pulse 542
space 1612
pulse 573
space 1583
pulse 547
space 530
pulse 545
space 531
pulse 544
space 1585
pulse 568
space 1613
pulse 539
space 1616
pulse 547
space 1607
pulse 545
space 1609
pulse 543
space 508
pulse 567
space 1613
pulse 539
space 1590
pulse 562
space 513
pulse 572
space 504
pulse 571
space 532
pulse 544
space 507
pulse 568
space 535
pulse 540
space 536
pulse 539
space 1616
pulse 567
space 1588
pulse 544
space 1584
pulse 568
space 510
pulse 565
space 511
pulse 564
space 539
pulse 546
space 530
pulse 546
space 1584
pulse 568
space 516
pulse 560
space 509
pulse 566
space 511
pulse 565
space 1590
pulse 562
space 1592
pulse 592
space 1563
pulse 569
space 1588
pulse 564
space 5193
pulse 4435
space 4398
pulse 571
space 1583
pulse 570
space 507
pulse 567
space 1587
pulse 565
space 1590
pulse 573
space 504
pulse 592
space 484
pulse 571
space 1611
pulse 541
space 509
pulse 574
space 505
pulse 563
space 1591
pulse 572
space 505
pulse 591
space 485
pulse 570
space 1585
pulse 567
space 1589
pulse 563
space 539
pulse 550
space 1579
pulse 569
space 1585
pulse 567
space 510
pulse 565
space 512
pulse 563
space 1591
pulse 571
space 1584
pulse 568
space 1587
pulse 566
space 1589
pulse 563
space 1592
pulse 571
space 506
pulse 569
space 1587
pulse 565
space 1595
pulse 587
space 482
pulse 572
space 504
pulse 571
space 506
pulse 569
space 507
pulse 568
space 509
pulse 566
space 510
pulse 565
space 1590
pulse 573
space 1582
pulse 591
space 1564
pulse 567
space 509
pulse 566
space 511
pulse 564
space 512
pulse 563
space 514
pulse 572
space 1582
pulse 570
space 507
pulse 568
space 509
pulse 567
space 510
pulse 565
space 1591
pulse 572
space 1583
pulse 570
space 1585
pulse 566
space 1589
pulse 563
space 5194
pulse 4434
space 4400
pulse 568
space 1586
pulse 566
space 1589
pulse 564
space 514
pulse 572
space 1583
pulse 570
space 507
pulse 568
space 1586
pulse 566
space 511
pulse 564
space 1590
pulse 575
space 503
pulse 570
space 505
pulse 570
space 1585
pulse 568
space 510
pulse 565
space 1589
pulse 595
space 482
pulse 572
space 504
pulse 571
space 506
pulse 569
space 509
pulse 566
space 509
pulse 567
space 510
pulse 565
space 512
pulse 563
space 514
pulse 572
space 504
pulse 572
space 506
pulse 569
space 508
pulse 567
space 509
pulse 597
space 479
pulse 565
space 516
pulse 559
space 514
pulse 572
space 505
pulse 571
space 506
pulse 569
space 507
pulse 569
space 1587
pulse 564
space 511
pulse 564
space 513
pulse 563
space 513
pulse 572
space 512
pulse 564
space 506
pulse 570
space 507
pulse 568
space 509
pulse 597
space 479
pulse 565
space 1590
pulse 593
space 1562
pulse 569
space 1585
pulse 567
space 1587
pulse 565
space 1590
pulse 562
space 1592
pulse 570
space 1585
pulse 567
space 510
pulse 565
timeout 22988
pulse 4461
space 4372
pulse 566
space 1586
pulse 566
space 511
pulse 565
space 1590
pulse 573
space 1582
pulse 571
space 509
pulse 566
space 507
pulse 568
space 1587
pulse 570
space 508
pulse 595
space 482
pulse 573
space 1582
pulse 570
space 509
pulse 597
space 477
pulse 599
space 1556
pulse 565
space 1589
pulse 573
space 503
pulse 572
space 1586
pulse 567
space 506
pulse 600
space 477
pulse 598
space 478
pulse 597
space 1558
pulse 564
space 1591
pulse 572
space 1583
pulse 569
space 1586
pulse 566
space 1588
pulse 564
space 1592
pulse 578
space 1577
pulse 568
space 1586
pulse 566
space 511
pulse 565
space 512
pulse 574
space 503
pulse 572
space 505
pulse 602
space 477
pulse 598
space 477
pulse 568
space 1587
pulse 565
space 1589
pulse 574
space 1581
pulse 577
space 502
pulse 567
space 1585
pulse 567
space 510
pulse 565
space 511
pulse 564
space 1590
pulse 572
space 505
pulse 577
space 502
pulse 568
space 507
pulse 568
space 1586
pulse 567
space 510
pulse 570
space 1584
pulse 572
space 1584
pulse 568
space 5186
pulse 4462
space 4372
pulse 566
space 1589
pulse 573
space 504
pulse 602
space 1552
pulse 600
space 1555
pulse 566
space 511
pulse 596
space 481
pulse 594
space 1560
pulse 602
space 475
pulse 605
space 472
pulse 599
space 1556
pulse 565
space 512
pulse 595
space 482
pulse 594
space 1561
pulse 570
space 1585
pulse 567
space 509
pulse 597
space 1558
pulse 594
space 483
pulse 592
space 484
pulse 601
space 482
pulse 593
space 1555
pulse 598
space 1557
pulse 564
space 1591
pulse 572
space 1583
pulse 600
space 1555
pulse 567
space 1590
pulse 571
space 1582
pulse 571
space 1590
pulse 561
space 511
pulse 565
space 511
pulse 595
space 482
pulse 594
space 483
pulse 592
space 484
pulse 601
space 475
pulse 600
space 1560
pulse 562
space 1588
pulse 564
space 1591
pulse 571
space 506
pulse 601
space 1554
pulse 598
space 483
pulse 592
space 481
pulse 599
space 1556
pulse 570
space 506
pulse 569
space 508
pulse 599
space 478
pulse 597
space 1563
pulse 568
space 503
pulse 573
space 1582
pulse 569
space 1585
pulse 567
space 5190
pulse 4469
space 4366
pulse 571
space 1584
pulse 599
space 1556
pulse 596
space 480
pulse 596
space 1559
pulse 608
space 469
pulse 601
space 1555
pulse 598
space 479
pulse 596
space 1560
pulse 594
space 489
pulse 585
space 1561
pulse 569
space 1586
pulse 569
space 508
pulse 595
space 485
pulse 591
space 1569
pulse 593
space 476
pulse 605
space 1550
pulse 597
space 480
pulse 595
space 481
pulse 594
space 482
pulse 593
space 483
pulse 602
space 481
pulse 594
space 476
pulse 602
space 475
pulse 598
space 479
pulse 596
space 481
pulse 595
space 482
pulse 594
space 490
pulse 596
space 474
pulse 600
space 481
pulse 594
space 478
pulse 601
space 476
pulse 596
space 1559
pulse 603
space 474
pulse 601
space 475
pulse 601
space 476
pulse 600
space 481
pulse 594
space 479
pulse 599
space 478
pulse 595
space 482
pulse 594
space 483
pulse 592
space 485
pulse 601
space 476
pulse 599
space 1557
pulse 595
space 1557
pulse 595
space 1560
pulse 572
space 505
pulse 571
space 1585
pulse 598
space 1555
pulse 597
timeout 29458
pulse 4464
space 4366
pulse 572
space 1583
pulse 600
space 477
pulse 570
space 1584
pulse 596
space 1559
pulse 573
space 504
pulse 571
space 509
pulse 604
space 1548
pulse 598
space 479
pulse 565
space 511
pulse 595
space 1562
pulse 590
space 484
pulse 571
space 505
pulse 601
space 1556
pulse 565
space 1586
pulse 569
space 508
pulse 564
space 1592
pulse 592
space 1562
pulse 570
space 507
pulse 612
space 465
pulse 598
space 1557
pulse 567
space 1588
pulse 572
space 1583
pulse 570
space 1585
pulse 567
space 1588
pulse 564
space 512
pulse 574
space 1581
pulse 571
space 1584
pulse 568
space 508
pulse 598
space 479
pulse 604
space 473
pulse 565
space 512
pulse 594
space 482
pulse 593
space 484
pulse 602
space 1552
pulse 569
space 1586
pulse 597
space 1558
pulse 574
space 1581
pulse 592
space 1563
pulse 570
space 506
pulse 599
space 479
pulse 597
space 1558
pulse 603
space 474
pulse 593
space 484
pulse 602
space 475
pulse 601
space 476
pulse 599
space 477
pulse 598
space 1557
pulse 595
space 1559
pulse 601
space 5160
pulse 4459
space 4371
pulse 597
space 1557
pulse 595
space 484
pulse 591
space 1561
pulse 601
space 1554
pulse 598
space 478
pulse 597
space 480
pulse 596
space 1559
pulse 593
space 485
pulse 601
space 475
pulse 600
space 1554
pulse 598
space 479
pulse 597
space 479
pulse 596
space 1559
pulse 593
space 1562
pulse 600
space 476
pulse 599
space 1555
pulse 597
space 1558
pulse 594
space 483
pulse 592
space 485
pulse 601
space 1554
pulse 598
space 1557
pulse 596
space 1560
pulse 593
space 1563
pulse 600
space 1555
pulse 597
space 480
pulse 595
space 1559
pulse 593
space 1562
pulse 601
space 476
pulse 600
space 478
pulse 597
space 479
pulse 596
space 481
pulse 594
space 483
pulse 593
space 484
pulse 602
space 1553
pulse 606
space 1548
pulse 597
space 1558
pulse 595
space 1560
pulse 571
space 1583
pulse 600
space 477
pulse 598
space 479
pulse 597
space 1558
pulse 594
space 482
pulse 593
space 484
pulse 602
space 475
pulse 601
space 476
pulse 599
space 477
pulse 598
space 1557
pulse 596
space 1560
pulse 572
space 5186
pulse 4462
space 4377
pulse 591
space 1557
pulse 596
space 1559
pulse 593
space 484
pulse 602
space 1553
pulse 600
space 477
pulse 598
space 1556
pulse 601
space 476
pulse 594
space 1561
pulse 601
space 476
pulse 600
space 477
pulse 598
space 1557
pulse 595
space 486
pulse 589
space 1561
pulse 602
space 475
pulse 600
space 477
pulse 598
space 479
pulse 597
space 480
pulse 595
space 482
pulse 594
space 483
pulse 593
space 487
pulse 599
space 475
pulse 600
space 477
pulse 599
space 478
pulse 597
space 479
pulse 596
space 481
pulse 595
space 482
pulse 593
space 483
pulse 592
space 485
pulse 601
space 477
pulse 598
space 477
pulse 598
space 479
pulse 597
space 1558
pulse 594
space 482
pulse 593
space 489
pulse 588
space 485
pulse 601
space 475
pulse 599
space 478
pulse 597
space 479
pulse 597
space 480
pulse 605
space 473
pulse 594
space 1560
pulse 592
space 1563
pulse 569
space 1586
pulse 597
space 1557
pulse 595
space 1560
pulse 593
space 1562
pulse 601
space 1554
pulse 598
space 479
pulse 596
timeout 26745
pulse 4461
space 4368
pulse 600
space 1555
pulse 597
space 480
pulse 596
space 1560
pulse 593
space 1562
pulse 600
space 476
pulse 599
space 483
pulse 592
space 1557
pulse 595
space 482
pulse 593
space 484
pulse 602
space 1552
pulse 600
space 478
pulse 598
space 478
pulse 597
space 1558
pulse 595
space 1560
pulse 602
space 475
pulse 601
space 1554
pulse 598
space 1556
pulse 596
space 481
pulse 594
space 483
pulse 593
space 1562
pulse 600
space 1554
pulse 598
space 1557
pulse 595
space 1559
pulse 592
space 1562
pulse 600
space 477
pulse 599
space 1556
pulse 596
space 1559
pulse 593
space 485
pulse 603
space 473
pulse 600
space 476
pulse 599
space 478
pulse 598
space 479
pulse 596
space 1558
pulse 594
space 1561
pulse 602
space 1553
pulse 599
space 478
pulse 598
space 480
pulse 596
space 1558
pulse 600
space 477
pulse 592
space 485
pulse 601
space 476
pulse 599
space 478
pulse 598
space 479
pulse 596
space 1559
pulse 593
space 1562
pulse 601
space 476
pulse 602
space 1553
pulse 596
space 1559
pulse 594
space 5165
pulse 4461
space 4376
pulse 591
space 1559
pulse 606
space 472
pulse 601
space 1554
pulse 598
space 1556
pulse 596
space 481
pulse 594
space 483
pulse 593
space 1562
pulse 600
space 477
pulse 599
space 478
pulse 597
space 1558
pulse 594
space 483
pulse 592
space 485
pulse 601
space 1555
pulse 598
space 1557
pulse 595
space 482
pulse 593
space 1563
pulse 600
space 1555
pulse 597
space 480
pulse 595
space 482
pulse 594
space 1561
pulse 601
space 1554
pulse 599
space 1556
pulse 595
space 1559
pulse 593
space 1562
pulse 601
space 477
pulse 599
space 1556
pulse 597
space 1561
pulse 590
space 484
pulse 602
space 475
pulse 600
space 476
pulse 599
space 478
pulse 598
space 479
pulse 596
space 1559
pulse 593
space 1562
pulse 600
space 1555
pulse 597
space 480
pulse 595
space 481
pulse 594
space 1561
pulse 602
space 475
pulse 601
space 476
pulse 599
space 477
pulse 598
space 479
pulse 596
space 480
pulse 595
space 1560
pulse 592
space 1562
pulse 600
space 477
pulse 598
space 1560
pulse 594
space 1562
pulse 589
space 5168
pulse 4473
space 4359
pulse 595
space 1560
pulse 592
space 1563
pulse 599
space 478
pulse 597
space 1558
pulse 594
space 483
pulse 592
space 1563
pulse 600
space 477
pulse 598
space 1557
pulse 598
space 478
pulse 595
space 482
pulse 593
space 1562
pulse 600
space 476
pulse 599
space 1555
pulse 597
space 485
pulse 590
space 481
pulse 594
space 483
pulse 593
space 484
pulse 592
space 485
pulse 600
space 476
pulse 599
space 477
pulse 598
space 478
pulse 596
space 480
pulse 595
space 482
pulse 594
space 486
pulse 589
space 484
pulse 591
space 459
pulse 631
space 471
pulse 599
space 478
pulse 598
space 479
pulse 596
space 481
pulse 594
space 488
pulse 588
space 1563
pulse 599
space 482
pulse 592
space 479
pulse 597
space 480
pulse 595
space 482
pulse 594
space 482
pulse 593
space 484
pulse 592
space 485
pulse 601
space 476
pulse 600
space 1555
pulse 597
space 1558
pulse 594
space 1562
pulse 601
space 1554
pulse 598
space 1557
pulse 595
space 1560
pulse 592
space 1563
pulse 600
space 477
pulse 598
timeout 23993
pulse 4456
space 4372
pulse 596
space 1559
pulse 593
space 483
pulse 592
space 1562
pulse 600
space 1555
pulse 597
space 480
pulse 595
space 481
pulse 595
space 1559
pulse 592
space 485
pulse 601
space 476
pulse 600
space 1554
pulse 597
space 479
pulse 596
space 481
pulse 596
space 1559
pulse 592
space 1562
pulse 600
space 477
pulse 599
space 1557
pulse 597
space 480
pulse 595
space 482
pulse 593
space 484
pulse 601
space 1553
pulse 599
space 1556
pulse 596
space 1565
pulse 588
space 1561
pulse 601
space 1554
pulse 598
space 1557
pulse 595
space 1567
pulse 585
space 1562
pulse 600
space 477
pulse 599
space 478
pulse 597
space 480
pulse 596
space 481
pulse 595
space 482
pulse 593
space 488
pulse 597
space 1552
pulse 600
space 1555
pulse 598
space 1557
pulse 595
space 1566
pulse 597
space 475
pulse 601
space 476
pulse 600
space 477
pulse 597
space 1557
pulse 595
space 482
pulse 594
space 483
pulse 592
space 489
pulse 597
space 475
pulse 600
space 1555
pulse 597
space 1560
pulse 593
space 1560
pulse 592
space 5166
pulse 4461
space 4373
pulse 595
space 1560
pulse 592
space 485
pulse 600
space 1553
pulse 605
space 1550
pulse 596
space 481
pulse 594
space 483
pulse 593
space 1562
pulse 600
space 477
pulse 599
space 478
pulse 604
space 1551
pulse 595
space 482
pulse 593
space 484
pulse 602
space 1554
pulse 598
space 1556
pulse 602
space 475
pulse 594
space 1560
pulse 592
space 485
pulse 601
space 476
pulse 599
space 477
pulse 598
space 1556
pulse 605
space 1550
pulse 593
space 1562
pulse 601
space 1554
pulse 598
space 1557
pulse 601
space 1554
pulse 592
space 1563
pulse 599
space 1555
pulse 596
space 485
pulse 590
space 482
pulse 599
space 478
pulse 603
space 474
pulse 600
space 477
pulse 599
space 478
pulse 597
space 1558
pulse 594
space 1561
pulse 602
space 1553
pulse 599
space 1556
pulse 596
space 481
pulse 595
space 482
pulse 593
space 486
pulse 600
space 1553
pulse 599
space 478
pulse 598
space 479
pulse 596
space 481
pulse 594
space 483
pulse 593
space 1566
pulse 597
space 1555
pulse 598
space 1557
pulse 594
space 5163
pulse 4464
space 4370
pulse 602
space 1552
pulse 595
space 1559
pulse 593
space 484
pulse 602
space 1559
pulse 593
space 478
pulse 602
space 1553
pulse 595
space 481
pulse 594
space 1561
pulse 602
space 475
pulse 600
space 1554
pulse 602
space 1553
pulse 595
space 483
pulse 593
space 484
pulse 602
space 1553
pulse 599
space 482
pulse 593
space 1558
pulse 594
space 482
pulse 593
space 484
pulse 602
space 475
pulse 600
space 476
pulse 599
space 477
pulse 598
space 482
pulse 594
space 480
pulse 598
space 478
pulse 594
space 483
pulse 593
space 484
pulse 602
space 475
pulse 600
space 476
pulse 599
space 478
pulse 597
space 480
pulse 595
space 480
pulse 597
space 1557
pulse 593
space 485
pulse 601
space 476
pulse 601
space 476
pulse 598
space 479
pulse 596
space 480
pulse 595
space 482
pulse 596
space 481
pulse 606
space 471
pulse 600
space 476
pulse 599
space 477
pulse 598
space 1557
pulse 595
space 1559
pulse 603
space 1552
pulse 600
space 476
pulse 599
space 1555
pulse 596
space 1558
pulse 594
timeout 31063
pulse 4456
space 4373
pulse 598
space 1558
pulse 593
space 485
pulse 601
space 1554
pulse 598
space 1557
pulse 595
space 481
pulse 596
space 481
pulse 593
space 1563
pulse 600
space 477
pulse 599
space 478
pulse 597
space 1558
pulse 594
space 482
pulse 595
space 482
pulse 592
space 1563
pulse 600
space 1555
pulse 597
space 480
pulse 596
space 1559
pulse 594
space 1561
pulse 601
space 476
pulse 599
space 478
pulse 598
space 1557
pulse 595
space 1560
pulse 593
space 1562
pulse 600
space 1555
pulse 597
space 1558
pulse 595
space 482
pulse 592
space 1562
pulse 603
space 1552
pulse 598
space 479
pulse 597
space 480
pulse 595
space 482
pulse 593
space 483
pulse 592
space 490
pulse 595
space 476
pulse 601
space 1553
pulse 597
space 1558
pulse 595
space 1560
pulse 593
space 490
pulse 596
space 477
pulse 600
space 475
pulse 598
space 478
pulse 597
space 1558
pulse 594
space 483
pulse 593
space 484
pulse 602
space 480
pulse 596
space 1555
pulse 597
space 1559
pulse 593
space 1561
pulse 601
space 1557
pulse 595
space 5159
pulse 4459
space 4374
pulse 593
space 1562
pulse 601
space 476
pulse 599
space 1555
pulse 597
space 1558
pulse 594
space 483
pulse 593
space 484
pulse 601
space 1554
pulse 598
space 479
pulse 597
space 480
pulse 596
space 1559
pulse 593
space 484
pulse 602
space 475
pulse 601
space 1554
pulse 598
space 1557
pulse 596
space 481
pulse 594
space 1560
pulse 592
space 1563
pulse 600
space 477
pulse 598
space 478
pulse 602
space 1552
pulse 594
space 1561
pulse 601
space 1554
pulse 598
space 1557
pulse 602
space 1554
pulse 592
space 484
pulse 591
space 1563
pulse 600
space 1561
pulse 591
space 480
pulse 602
space 475
pulse 594
space 483
pulse 593
space 484
pulse 591
space 485
pulse 601
space 476
pulse 599
space 1556
pulse 597
space 1557
pulse 595
space 1560
pulse 592
space 485
pulse 601
space 475
pulse 600
space 477
pulse 598
space 478
pulse 597
space 1558
pulse 596
space 480
pulse 593
space 483
pulse 592
space 485
pulse 601
space 1553
pulse 599
space 1556
pulse 597
space 1558
pulse 594
space 1561
pulse 601
space 5157
pulse 4460
space 4372
pulse 596
space 1566
pulse 586
space 1562
pulse 590
space 486
pulse 599
space 1556
pulse 596
space 480
pulse 595
space 1559
pulse 593
space 491
pulse 585
space 1563
pulse 599
space 477
pulse 598
space 479
pulse 596
space 1558
pulse 594
space 482
pulse 593
space 1569
pulse 583
space 486
pulse 600
space 477
pulse 598
space 479
pulse 596
space 481
pulse 595
space 482
pulse 594
space 483
pulse 592
space 484
pulse 591
space 485
pulse 590
space 492
pulse 594
space 478
pulse 599
space 477
pulse 596
space 480
pulse 595
space 481
pulse 594
space 483
pulse 593
space 484
pulse 591
space 485
pulse 590
space 487
pulse 599
space 482
pulse 593
space 1557
pulse 595
space 482
pulse 594
space 483
pulse 592
space 484
pulse 591
space 486
pulse 589
space 487
pulse 598
space 478
pulse 597
space 483
pulse 593
space 481
pulse 597
space 1557
pulse 593
space 1562
pulse 590
space 1565
pulse 597
space 1560
pulse 593
space 1560
pulse 592
space 1562
pulse 600
space 1555
pulse 597
space 479
pulse 596
timeout 28455
# stderr: /dev/lirc1: device cannot measure carrier

