# ir_capture log — 2026-05-31T16:23:14.465860+00:00
# device: /dev/lirc1
# command: ir-ctl -d /dev/lirc1 --receive --mode2 --measure-carrier
#
# --- features ---
# Receive features /dev/lirc1:
#  - Device can receive raw IR
#  - Can report decoded scancodes and protocol
#  - Receiving timeout 12664 microseconds
#  - Can set receiving timeout min 1 microseconds, max 1250000 microseconds
# Send features /dev/lirc1:
#  - Device cannot send
# --- end features ---

# 2026-05-31T16:24:03.937414+00:00  description=haier off -> on, wait 2 seconds -> off -> wait 2 -> back on (on is cool mode, 72 degree, low fan)
pulse 226
space 1376
pulse 413
space 5746
pulse 215
space 5033
pulse 328
space 5366
pulse 285
timeout 31502
pulse 3074
space 3045
pulse 3084
space 4416
pulse 578
space 1639
pulse 569
space 531
pulse 575
space 1642
pulse 575
space 525
pulse 568
space 531
pulse 575
space 1643
pulse 571
space 1646
pulse 568
space 531
pulse 575
space 524
pulse 572
space 1646
pulse 571
space 1647
pulse 575
space 527
pulse 569
space 530
pulse 577
space 521
pulse 575
space 1642
pulse 571
space 535
pulse 572
space 524
pulse 576
space 521
pulse 570
space 530
pulse 577
space 523
pulse 573
space 527
pulse 569
space 531
pulse 575
space 525
pulse 571
space 528
pulse 577
space 522
pulse 574
space 525
pulse 571
space 529
pulse 577
space 523
pulse 573
space 526
pulse 570
space 530
pulse 586
space 514
pulse 574
space 526
pulse 569
space 531
pulse 575
space 1643
pulse 571
space 528
pulse 579
space 521
pulse 577
space 523
pulse 571
space 529
pulse 577
space 523
pulse 573
space 534
pulse 562
space 531
pulse 580
space 1637
pulse 572
space 1646
pulse 568
space 531
pulse 575
space 525
pulse 572
space 528
pulse 578
space 522
pulse 574
space 525
pulse 570
space 1647
pulse 577
space 523
pulse 573
space 526
pulse 569
space 530
pulse 576
space 530
pulse 567
space 528
pulse 583
space 519
pulse 571
space 526
pulse 571
space 529
pulse 577
space 523
pulse 573
space 526
pulse 570
space 531
pulse 576
space 524
pulse 573
space 526
pulse 570
space 530
pulse 575
space 525
pulse 571
space 528
pulse 578
space 530
pulse 566
space 526
pulse 570
space 530
pulse 577
space 523
pulse 573
space 527
pulse 569
space 531
pulse 575
space 525
pulse 571
space 531
pulse 575
space 522
pulse 575
space 524
pulse 572
space 527
pulse 577
space 523
pulse 573
space 527
pulse 569
space 530
pulse 576
space 525
pulse 572
space 527
pulse 578
space 536
pulse 561
space 1642
pulse 571
space 530
pulse 576
space 523
pulse 573
space 525
pulse 572
space 528
pulse 576
space 523
pulse 573
space 527
pulse 568
space 531
pulse 575
space 525
pulse 571
space 528
pulse 578
space 521
pulse 574
space 526
pulse 570
space 530
pulse 577
space 523
pulse 573
space 531
pulse 565
space 531
pulse 576
space 523
pulse 574
space 526
pulse 578
space 521
pulse 575
space 1643
pulse 571
space 528
pulse 578
space 1640
pulse 578
space 522
pulse 571
space 1648
pulse 576
space 522
pulse 574
space 526
pulse 570
space 1648
pulse 577
space 1640
pulse 574
space 525
pulse 570
space 1647
pulse 577
timeout 16703
pulse 3077
space 3042
pulse 3084
space 4415
pulse 574
space 1643
pulse 570
space 529
pulse 577
space 1640
pulse 574
space 526
pulse 571
space 529
pulse 577
space 1641
pulse 573
space 1643
pulse 571
space 528
pulse 578
space 527
pulse 569
space 1643
pulse 571
space 1650
pulse 580
space 516
pulse 573
space 526
pulse 570
space 530
pulse 576
space 523
pulse 573
space 527
pulse 569
space 532
pulse 575
space 524
pulse 572
space 528
pulse 578
space 522
pulse 574
space 525
pulse 570
space 537
pulse 569
space 523
pulse 573
space 526
pulse 569
space 531
pulse 576
space 524
pulse 572
space 528
pulse 578
space 521
pulse 574
space 525
pulse 573
space 534
pulse 570
space 523
pulse 573
space 527
pulse 569
space 531
pulse 576
space 524
pulse 572
space 528
pulse 589
space 512
pulse 574
space 525
pulse 571
space 529
pulse 577
space 522
pulse 573
space 526
pulse 569
space 530
pulse 576
space 1642
pulse 572
space 527
pulse 568
space 531
pulse 575
space 525
pulse 571
space 529
pulse 577
space 523
pulse 573
space 527
pulse 569
space 538
pulse 568
space 524
pulse 572
space 528
pulse 578
space 522
pulse 574
space 525
pulse 570
space 530
pulse 576
space 523
pulse 574
space 527
pulse 570
space 531
pulse 574
space 524
pulse 572
space 528
pulse 578
space 521
pulse 574
space 525
pulse 570
space 529
pulse 576
space 523
pulse 573
space 527
pulse 569
space 531
pulse 575
space 524
pulse 571
space 528
pulse 578
space 522
pulse 574
space 526
pulse 570
space 530
pulse 576
space 523
pulse 573
space 534
pulse 562
space 531
pulse 575
space 525
pulse 571
space 528
pulse 578
space 522
pulse 574
space 526
pulse 570
space 530
pulse 577
space 523
pulse 575
space 525
pulse 569
space 531
pulse 575
space 524
pulse 571
space 1647
pulse 579
space 520
pulse 574
space 525
pulse 571
space 529
pulse 577
space 522
pulse 573
space 527
pulse 569
space 530
pulse 576
space 523
pulse 573
space 527
pulse 569
space 531
pulse 575
space 524
pulse 572
space 528
pulse 578
space 522
pulse 574
space 525
pulse 570
space 529
pulse 577
space 523
pulse 573
space 532
pulse 564
space 531
pulse 576
space 524
pulse 572
space 1645
pulse 569
space 532
pulse 574
space 1642
pulse 572
space 528
pulse 568
space 1650
pulse 575
space 1644
pulse 570
space 528
pulse 578
space 1639
pulse 575
space 524
pulse 572
space 1645
pulse 569
space 1649
pulse 576
timeout 18118
pulse 3077
space 3043
pulse 3085
space 4415
pulse 574
space 1643
pulse 571
space 529
pulse 577
space 1640
pulse 575
space 525
pulse 571
space 529
pulse 578
space 1640
pulse 578
space 1639
pulse 571
space 528
pulse 579
space 522
pulse 573
space 1643
pulse 571
space 1646
pulse 568
space 532
pulse 575
space 525
pulse 572
space 527
pulse 578
space 1639
pulse 575
space 527
pulse 569
space 528
pulse 578
space 522
pulse 574
space 526
pulse 570
space 530
pulse 577
space 523
pulse 573
space 527
pulse 569
space 530
pulse 582
space 517
pulse 572
space 527
pulse 569
space 531
pulse 575
space 524
pulse 572
space 528
pulse 578
space 527
pulse 569
space 525
pulse 571
space 529
pulse 577
space 522
pulse 574
space 526
pulse 569
space 1647
pulse 582
space 518
pulse 573
space 527
pulse 569
space 531
pulse 575
space 524
pulse 572
space 528
pulse 578
space 526
pulse 571
space 525
pulse 577
space 1640
pulse 578
space 1640
pulse 577
space 523
pulse 571
space 529
pulse 577
space 523
pulse 573
space 526
pulse 570
space 530
pulse 576
space 1641
pulse 573
space 527
pulse 569
space 531
pulse 575
space 524
pulse 572
space 531
pulse 575
space 521
pulse 576
space 524
pulse 571
space 530
pulse 577
space 522
pulse 574
space 525
pulse 572
space 476
pulse 629
space 523
pulse 572
space 527
pulse 571
space 529
pulse 575
space 525
pulse 571
space 529
pulse 578
space 522
pulse 574
space 532
pulse 564
space 530
pulse 579
space 521
pulse 573
space 527
pulse 569
space 531
pulse 575
space 524
pulse 572
space 528
pulse 579
space 522
pulse 574
space 525
pulse 573
space 526
pulse 577
space 523
pulse 573
space 526
pulse 569
space 530
pulse 576
space 524
pulse 572
space 528
pulse 568
space 532
pulse 575
space 525
pulse 571
space 1648
pulse 576
space 523
pulse 573
space 526
pulse 572
space 528
pulse 576
space 523
pulse 573
space 526
pulse 569
space 531
pulse 575
space 530
pulse 566
space 528
pulse 579
space 520
pulse 575
space 525
pulse 571
space 529
pulse 577
space 522
pulse 574
space 526
pulse 570
space 532
pulse 575
space 523
pulse 575
space 525
pulse 569
space 531
pulse 575
space 524
pulse 572
space 1645
pulse 569
space 531
pulse 575
space 1642
pulse 572
space 528
pulse 568
space 1649
pulse 576
# stderr: /dev/lirc1: device cannot measure carrier

# 2026-05-31T16:24:44.400172+00:00  description=temp 72 -> 71 -> 70 -> 71 -> 72.  one second between each press
pulse 3080
space 3040
pulse 3088
space 4413
pulse 576
space 1646
pulse 568
space 527
pulse 569
space 1648
pulse 576
space 524
pulse 572
space 527
pulse 569
space 1648
pulse 576
space 1641
pulse 573
space 527
pulse 570
space 530
pulse 576
space 1641
pulse 573
space 527
pulse 569
space 1648
pulse 576
space 523
pulse 573
space 527
pulse 569
space 1648
pulse 576
space 523
pulse 573
space 527
pulse 569
space 530
pulse 576
space 524
pulse 573
space 527
pulse 569
space 531
pulse 575
space 524
pulse 573
space 527
pulse 568
space 531
pulse 575
space 525
pulse 571
space 528
pulse 578
space 522
pulse 574
space 525
pulse 571
space 529
pulse 577
space 522
pulse 574
space 526
pulse 570
space 529
pulse 577
space 522
pulse 573
space 1644
pulse 570
space 529
pulse 577
space 523
pulse 574
space 526
pulse 570
space 530
pulse 576
space 523
pulse 573
space 527
pulse 569
space 530
pulse 576
space 1641
pulse 573
space 1644
pulse 570
space 530
pulse 576
space 523
pulse 573
space 527
pulse 569
space 536
pulse 570
space 524
pulse 579
space 1639
pulse 569
space 530
pulse 576
space 524
pulse 572
space 527
pulse 569
space 531
pulse 575
space 524
pulse 572
space 528
pulse 568
space 532
pulse 576
space 523
pulse 571
space 536
pulse 571
space 521
pulse 581
space 519
pulse 571
space 528
pulse 578
space 522
pulse 574
space 526
pulse 570
space 529
pulse 577
space 526
pulse 570
space 527
pulse 576
space 523
pulse 576
space 523
pulse 573
space 527
pulse 569
space 530
pulse 576
space 524
pulse 572
space 527
pulse 569
space 531
pulse 575
space 525
pulse 572
space 528
pulse 568
space 532
pulse 575
space 525
pulse 571
space 536
pulse 570
space 521
pulse 581
space 518
pulse 571
space 528
pulse 577
space 523
pulse 573
space 1644
pulse 570
space 528
pulse 577
space 523
pulse 573
space 526
pulse 570
space 530
pulse 576
space 1641
pulse 577
space 523
pulse 570
space 530
pulse 577
space 522
pulse 573
space 527
pulse 569
space 530
pulse 576
space 524
pulse 572
space 528
pulse 579
space 521
pulse 575
space 525
pulse 571
space 528
pulse 578
space 522
pulse 575
space 525
pulse 570
space 529
pulse 581
space 519
pulse 573
space 526
pulse 570
space 1647
pulse 577
space 523
pulse 573
space 526
pulse 573
space 1646
pulse 576
space 1640
pulse 573
space 1644
pulse 570
space 529
pulse 577
space 1640
pulse 574
space 526
pulse 570
timeout 19291
pulse 3073
space 3048
pulse 3079
space 4421
pulse 568
space 1649
pulse 575
space 524
pulse 572
space 1645
pulse 569
space 531
pulse 575
space 525
pulse 573
space 1645
pulse 568
space 1648
pulse 576
space 523
pulse 572
space 527
pulse 569
space 1648
pulse 576
space 524
pulse 573
space 1651
pulse 563
space 530
pulse 577
space 522
pulse 572
space 1645
pulse 580
space 524
pulse 572
space 524
pulse 575
space 524
pulse 569
space 531
pulse 575
space 524
pulse 572
space 528
pulse 568
space 531
pulse 575
space 525
pulse 571
space 528
pulse 578
space 522
pulse 574
space 526
pulse 570
space 530
pulse 578
space 524
pulse 571
space 528
pulse 580
space 520
pulse 574
space 526
pulse 570
space 530
pulse 576
space 524
pulse 572
space 1645
pulse 569
space 530
pulse 576
space 524
pulse 572
space 527
pulse 569
space 531
pulse 575
space 525
pulse 571
space 528
pulse 568
space 531
pulse 575
space 1642
pulse 572
space 1645
pulse 569
space 531
pulse 575
space 524
pulse 572
space 528
pulse 568
space 531
pulse 575
space 525
pulse 571
space 1646
pulse 568
space 531
pulse 581
space 519
pulse 571
space 530
pulse 577
space 521
pulse 574
space 525
pulse 571
space 529
pulse 577
space 522
pulse 574
space 525
pulse 570
space 529
pulse 577
space 523
pulse 573
space 526
pulse 570
space 530
pulse 577
space 523
pulse 573
space 527
pulse 569
space 530
pulse 576
space 524
pulse 572
space 527
pulse 569
space 531
pulse 576
space 524
pulse 572
space 528
pulse 568
space 531
pulse 575
space 525
pulse 571
space 528
pulse 578
space 521
pulse 575
space 525
pulse 571
space 529
pulse 577
space 522
pulse 574
space 526
pulse 570
space 530
pulse 578
space 521
pulse 574
space 525
pulse 580
space 520
pulse 576
space 523
pulse 573
space 1644
pulse 570
space 530
pulse 577
space 523
pulse 572
space 527
pulse 569
space 530
pulse 576
space 524
pulse 572
space 527
pulse 569
space 531
pulse 576
space 524
pulse 572
space 528
pulse 568
space 531
pulse 575
space 525
pulse 572
space 528
pulse 578
space 522
pulse 574
space 525
pulse 571
space 528
pulse 578
space 522
pulse 574
space 526
pulse 570
space 529
pulse 577
space 522
pulse 574
space 526
pulse 570
space 1650
pulse 575
space 523
pulse 573
space 541
pulse 555
space 1647
pulse 577
space 1640
pulse 574
space 1643
pulse 571
space 529
pulse 578
space 522
pulse 574
space 1643
pulse 571
timeout 15210
pulse 3078
space 3043
pulse 3085
space 4416
pulse 572
space 1645
pulse 569
space 530
pulse 576
space 1641
pulse 572
space 527
pulse 569
space 531
pulse 575
space 1642
pulse 572
space 1645
pulse 569
space 531
pulse 575
space 527
pulse 570
space 1646
pulse 567
space 532
pulse 574
space 1647
pulse 567
space 528
pulse 578
space 521
pulse 575
space 1643
pulse 571
space 528
pulse 578
space 521
pulse 574
space 525
pulse 571
space 529
pulse 577
space 522
pulse 573
space 533
pulse 562
space 530
pulse 576
space 523
pulse 572
space 528
pulse 568
space 531
pulse 575
space 525
pulse 571
space 528
pulse 578
space 522
pulse 574
space 525
pulse 571
space 529
pulse 577
space 522
pulse 574
space 526
pulse 570
space 530
pulse 578
space 1639
pulse 573
space 526
pulse 570
space 529
pulse 577
space 523
pulse 573
space 526
pulse 570
space 530
pulse 576
space 523
pulse 572
space 528
pulse 569
space 1648
pulse 576
space 1641
pulse 573
space 527
pulse 569
space 531
pulse 575
space 524
pulse 572
space 528
pulse 578
space 521
pulse 575
space 1642
pulse 571
space 528
pulse 578
space 522
pulse 574
space 525
pulse 571
space 529
pulse 578
space 522
pulse 574
space 526
pulse 570
space 529
pulse 578
space 523
pulse 572
space 526
pulse 569
space 530
pulse 576
space 525
pulse 572
space 527
pulse 569
space 531
pulse 575
space 524
pulse 572
space 528
pulse 579
space 521
pulse 575
space 525
pulse 571
space 528
pulse 578
space 522
pulse 574
space 526
pulse 570
space 530
pulse 577
space 523
pulse 573
space 527
pulse 569
space 530
pulse 576
space 524
pulse 573
space 527
pulse 568
space 531
pulse 575
space 524
pulse 571
space 528
pulse 578
space 522
pulse 574
space 526
pulse 571
space 529
pulse 577
space 523
pulse 573
space 1645
pulse 568
space 530
pulse 577
space 522
pulse 573
space 527
pulse 569
space 530
pulse 575
space 1643
pulse 571
space 527
pulse 568
space 531
pulse 576
space 524
pulse 571
space 528
pulse 578
space 522
pulse 574
space 525
pulse 571
space 529
pulse 577
space 522
pulse 574
space 526
pulse 570
space 530
pulse 577
space 523
pulse 575
space 524
pulse 569
space 530
pulse 576
space 523
pulse 573
space 527
pulse 569
space 531
pulse 575
space 524
pulse 572
space 528
pulse 578
space 1639
pulse 575
space 1645
pulse 570
space 1644
pulse 568
space 531
pulse 575
space 524
pulse 572
space 1646
pulse 610
timeout 21130
pulse 3081
space 3039
pulse 3082
space 4419
pulse 576
space 1641
pulse 573
space 527
pulse 569
space 1654
pulse 570
space 524
pulse 579
space 521
pulse 569
space 1649
pulse 575
space 1641
pulse 573
space 527
pulse 569
space 531
pulse 575
space 1643
pulse 572
space 1645
pulse 569
space 531
pulse 575
space 524
pulse 572
space 531
pulse 575
space 1639
pulse 575
space 525
pulse 571
space 529
pulse 578
space 522
pulse 574
space 525
pulse 570
space 529
pulse 577
space 523
pulse 573
space 527
pulse 569
space 531
pulse 576
space 524
pulse 572
space 530
pulse 566
space 531
pulse 575
space 524
pulse 572
space 528
pulse 578
space 522
pulse 587
space 512
pulse 570
space 529
pulse 577
space 523
pulse 573
space 526
pulse 571
space 1647
pulse 576
space 523
pulse 573
space 530
pulse 566
space 531
pulse 575
space 524
pulse 572
space 528
pulse 578
space 522
pulse 574
space 525
pulse 570
space 1647
pulse 577
space 1640
pulse 574
space 526
pulse 570
space 530
pulse 576
space 523
pulse 573
space 527
pulse 569
space 531
pulse 575
space 1645
pulse 569
space 528
pulse 578
space 521
pulse 575
space 525
pulse 571
space 529
pulse 578
space 522
pulse 574
space 526
pulse 570
space 530
pulse 584
space 515
pulse 573
space 527
pulse 570
space 530
pulse 576
space 523
pulse 573
space 527
pulse 568
space 538
pulse 568
space 524
pulse 572
space 528
pulse 578
space 522
pulse 574
space 526
pulse 570
space 529
pulse 577
space 523
pulse 573
space 530
pulse 566
space 530
pulse 577
space 523
pulse 571
space 528
pulse 569
space 531
pulse 575
space 525
pulse 571
space 529
pulse 578
space 524
pulse 571
space 529
pulse 568
space 528
pulse 577
space 523
pulse 573
space 527
pulse 569
space 531
pulse 576
space 530
pulse 565
space 1645
pulse 568
space 531
pulse 575
space 524
pulse 571
space 528
pulse 578
space 523
pulse 574
space 529
pulse 568
space 528
pulse 577
space 522
pulse 574
space 526
pulse 570
space 530
pulse 576
space 530
pulse 566
space 527
pulse 569
space 531
pulse 575
space 525
pulse 572
space 528
pulse 578
space 521
pulse 575
space 525
pulse 571
space 531
pulse 575
space 523
pulse 574
space 524
pulse 570
space 530
pulse 577
space 522
pulse 574
space 526
pulse 571
# stderr: /dev/lirc1: device cannot measure carrier

# 2026-05-31T16:25:48.195552+00:00  description=press cool button.
pulse 3075
space 3046
pulse 3082
space 4420
pulse 568
space 1650
pulse 575
space 524
pulse 571
space 1646
pulse 578
space 521
pulse 574
space 525
pulse 570
space 1647
pulse 577
space 1640
pulse 575
space 526
pulse 570
space 528
pulse 576
space 1641
pulse 573
space 1644
pulse 570
space 530
pulse 576
space 523
pulse 572
space 527
pulse 569
space 1649
pulse 575
space 524
pulse 572
space 528
pulse 578
space 522
pulse 574
space 526
pulse 570
space 530
pulse 577
space 523
pulse 573
space 527
pulse 569
space 531
pulse 575
space 524
pulse 572
space 528
pulse 578
space 521
pulse 574
space 525
pulse 571
space 529
pulse 577
space 523
pulse 573
space 526
pulse 570
space 530
pulse 576
space 525
pulse 572
space 528
pulse 568
space 1649
pulse 576
space 524
pulse 572
space 528
pulse 578
space 522
pulse 574
space 526
pulse 571
space 529
pulse 577
space 523
pulse 573
space 527
pulse 569
space 1649
pulse 575
space 1642
pulse 572
space 527
pulse 568
space 531
pulse 575
space 525
pulse 571
space 530
pulse 577
space 522
pulse 574
space 1644
pulse 570
space 530
pulse 577
space 523
pulse 573
space 528
pulse 568
space 530
pulse 576
space 524
pulse 572
space 529
pulse 579
space 522
pulse 572
space 525
pulse 570
space 529
pulse 577
space 1641
pulse 573
space 526
pulse 569
space 530
pulse 576
space 524
pulse 572
space 533
pulse 563
space 531
pulse 574
space 525
pulse 571
space 529
pulse 577
space 523
pulse 573
space 527
pulse 569
space 531
pulse 629
space 472
pulse 575
space 524
pulse 578
space 525
pulse 571
space 525
pulse 622
space 478
pulse 577
space 523
pulse 573
space 527
pulse 631
space 469
pulse 575
space 524
pulse 572
space 528
pulse 578
space 521
pulse 574
space 525
pulse 571
space 528
pulse 578
space 1640
pulse 573
space 526
pulse 621
space 479
pulse 576
space 524
pulse 572
space 528
pulse 578
space 521
pulse 574
space 525
pulse 575
space 525
pulse 577
space 523
pulse 573
space 527
pulse 569
space 530
pulse 576
space 524
pulse 572
space 528
pulse 578
space 521
pulse 574
space 525
pulse 571
space 529
pulse 629
space 471
pulse 573
space 527
pulse 569
space 530
pulse 576
space 1642
pulse 572
space 1645
pulse 569
space 531
pulse 575
space 525
pulse 574
space 1644
pulse 578
space 1640
pulse 573
space 525
pulse 571
space 1647
pulse 577
space 1640
pulse 580
space 1638
pulse 571
space 529
pulse 577
timeout 16352
pulse 3075
space 3048
pulse 3079
space 4423
pulse 575
space 1643
pulse 571
space 529
pulse 579
space 1638
pulse 574
space 526
pulse 570
space 530
pulse 576
space 1642
pulse 572
space 1645
pulse 575
space 525
pulse 575
space 524
pulse 571
space 1649
pulse 575
space 1640
pulse 574
space 526
pulse 570
space 530
pulse 576
space 523
pulse 572
space 1646
pulse 578
space 521
pulse 575
space 525
pulse 570
space 531
pulse 575
space 524
pulse 572
space 528
pulse 568
space 532
pulse 574
space 526
pulse 570
space 538
pulse 568
space 523
pulse 587
space 514
pulse 569
space 531
pulse 574
space 525
pulse 570
space 530
pulse 576
space 523
pulse 572
space 528
pulse 578
space 521
pulse 575
space 525
pulse 571
space 530
pulse 576
space 1641
pulse 573
space 527
pulse 568
space 532
pulse 574
space 526
pulse 570
space 530
pulse 576
space 527
pulse 569
space 528
pulse 578
space 522
pulse 574
space 1644
pulse 570
space 1648
pulse 576
space 523
pulse 572
space 527
pulse 568
space 532
pulse 574
space 525
pulse 571
space 529
pulse 576
space 1642
pulse 572
space 527
pulse 568
space 534
pulse 573
space 526
pulse 571
space 529
pulse 576
space 524
pulse 572
space 528
pulse 578
space 524
pulse 572
space 526
pulse 573
space 527
pulse 576
space 1642
pulse 572
space 530
pulse 576
space 522
pulse 573
space 527
pulse 570
space 530
pulse 577
space 524
pulse 572
space 528
pulse 578
space 522
pulse 582
space 521
pulse 567
space 530
pulse 576
space 524
pulse 571
space 529
pulse 578
space 522
pulse 573
space 528
pulse 568
space 530
pulse 575
space 525
pulse 571
space 529
pulse 577
space 523
pulse 573
space 534
pulse 572
space 521
pulse 577
space 523
pulse 571
space 529
pulse 577
space 523
pulse 583
space 518
pulse 568
space 1650
pulse 574
space 525
pulse 570
space 530
pulse 576
space 524
pulse 572
space 529
pulse 583
space 517
pulse 574
space 526
pulse 580
space 521
pulse 575
space 525
pulse 571
space 528
pulse 578
space 522
pulse 574
space 526
pulse 569
space 531
pulse 575
space 525
pulse 571
space 529
pulse 577
space 523
pulse 573
space 527
pulse 568
space 531
pulse 575
space 1643
pulse 571
space 534
pulse 573
space 523
pulse 575
space 525
pulse 569
space 531
pulse 575
space 1646
pulse 568
space 1647
pulse 576
space 1562
pulse 658
space 522
pulse 568
space 531
pulse 575
space 525
pulse 571
space 529
pulse 577
timeout 20227
pulse 3027
space 3129
pulse 2967
space 4502
pulse 518
space 1700
pulse 544
space 581
pulse 569
space 1622
pulse 517
space 636
pulse 491
space 567
pulse 509
space 1698
pulse 515
space 1702
pulse 527
space 519
pulse 572
space 583
pulse 513
space 1677
pulse 547
space 1696
pulse 517
space 582
pulse 679
space 420
pulse 521
space 607
pulse 520
space 1696
pulse 497
space 577
pulse 519
space 582
pulse 513
space 585
pulse 521
space 579
pulse 486
space 588
pulse 518
space 635
pulse 492
space 607
pulse 488
space 583
pulse 523
space 605
pulse 491
space 583
pulse 513
space 586
pulse 520
space 606
pulse 521
space 605
pulse 490
space 635
pulse 471
space 577
pulse 488
space 587
pulse 519
space 633
pulse 463
space 795
pulse 301
space 1759
pulse 465
space 636
pulse 408
space 665
pulse 493
space 713
pulse 383
space 611
pulse 495
space 605
pulse 491
space 582
pulse 514
space 611
pulse 495
space 1723
pulse 492
space 1859
pulse 364
space 605
pulse 305
space 821
pulse 493
space 554
pulse 230
space 842
pulse 545
space 847
pulse 227
space 1753
pulse 492
space 634
pulse 255
space 897
pulse 364
space 657
pulse 470
space 630
pulse 497
space 576
pulse 520
space 661
pulse 435
space 775
pulse 334
space 602
pulse 460
space 2860
pulse 493
space 607
pulse 468
space 684
pulse 412
space 612
pulse 491
space 896
pulse 223
space 587
pulse 468
space 683
pulse 316
space 785
pulse 438
space 689
pulse 439
space 660
pulse 413
space 740
pulse 222
space 825
pulse 436
space 663
pulse 392
space 709
pulse 491
space 557
pulse 549
space 527
pulse 538
space 664
pulse 411
space 611
pulse 226
space 927
pulse 304
space 795
pulse 384
space 665
pulse 493
space 678
pulse 314
space 820
pulse 390
space 604
pulse 223
space 1996
pulse 487
space 639
pulse 470
space 632
pulse 337
space 672
pulse 206
space 1009
pulse 470
space 579
pulse 496
space 603
pulse 493
space 845
pulse 231
space 788
pulse 337
space 709
pulse 334
space 608
pulse 386
space 767
pulse 224
space 931
pulse 434
space 636
pulse 304
space 769
pulse 223
space 1036
pulse 205
space 739
pulse 512
space 640
pulse 435
space 1914
pulse 311
space 656
pulse 336
space 686
pulse 513
space 824
pulse 282
space 630
pulse 465
space 1780
pulse 258
space 1907
pulse 461
space 1757
# stderr: /dev/lirc1: device cannot measure carrier

# 2026-05-31T16:26:38.537211+00:00  description=mipress try again. Cool button from engery saver.
pulse 3103
space 3019
pulse 3087
space 4415
pulse 573
space 1644
pulse 570
space 530
pulse 576
space 1642
pulse 572
space 527
pulse 570
space 530
pulse 575
space 1644
pulse 570
space 1646
pulse 577
space 522
pulse 574
space 526
pulse 570
space 1649
pulse 575
space 1641
pulse 573
space 528
pulse 568
space 536
pulse 570
space 524
pulse 578
space 1640
pulse 578
space 522
pulse 574
space 534
pulse 562
space 530
pulse 581
space 521
pulse 570
space 528
pulse 599
space 500
pulse 575
space 525
pulse 571
space 529
pulse 577
space 524
pulse 571
space 526
pulse 574
space 525
pulse 576
space 524
pulse 572
space 528
pulse 578
space 522
pulse 575
space 534
pulse 561
space 530
pulse 582
space 520
pulse 571
space 525
pulse 571
space 1647
pulse 575
space 525
pulse 571
space 530
pulse 575
space 523
pulse 575
space 525
pulse 570
space 530
pulse 576
space 523
pulse 572
space 536
pulse 560
space 1649
pulse 575
space 1649
pulse 565
space 528
pulse 610
space 491
pulse 577
space 523
pulse 570
space 530
pulse 576
space 523
pulse 612
space 1606
pulse 569
space 530
pulse 575
space 525
pulse 571
space 529
pulse 578
space 524
pulse 572
space 528
pulse 566
space 530
pulse 577
space 524
pulse 573
space 527
pulse 578
space 522
pulse 574
space 1643
pulse 579
space 521
pulse 578
space 522
pulse 573
space 527
pulse 569
space 531
pulse 575
space 525
pulse 571
space 529
pulse 585
space 515
pulse 573
space 527
pulse 569
space 530
pulse 576
space 524
pulse 572
space 528
pulse 578
space 529
pulse 567
space 525
pulse 570
space 530
pulse 576
space 523
pulse 573
space 527
pulse 569
space 531
pulse 575
space 525
pulse 571
space 530
pulse 576
space 523
pulse 572
space 527
pulse 568
space 532
pulse 581
space 519
pulse 571
space 1646
pulse 579
space 521
pulse 573
space 526
pulse 570
space 530
pulse 580
space 519
pulse 572
space 528
pulse 569
space 531
pulse 575
space 525
pulse 572
space 528
pulse 577
space 523
pulse 573
space 527
pulse 569
space 531
pulse 575
space 531
pulse 565
space 531
pulse 576
space 521
pulse 605
space 495
pulse 569
space 530
pulse 576
space 524
pulse 572
space 528
pulse 579
space 1639
pulse 575
space 1643
# stderr: /dev/lirc1: device cannot measure carrier

# 2026-05-31T16:26:55.480342+00:00  description=quiet button
pulse 3080
space 3042
pulse 3080
space 4426
pulse 572
space 1643
pulse 571
space 529
pulse 578
space 1641
pulse 574
space 525
pulse 571
space 529
pulse 576
space 1647
pulse 567
space 1646
pulse 579
space 521
pulse 574
space 526
pulse 570
space 1648
pulse 576
space 1642
pulse 572
space 535
pulse 571
space 521
pulse 580
space 523
pulse 568
space 1647
pulse 576
space 524
pulse 572
space 528
pulse 582
space 518
pulse 574
space 526
pulse 572
space 528
pulse 576
space 524
pulse 572
space 528
pulse 578
space 524
pulse 572
space 528
pulse 573
space 526
pulse 576
space 524
pulse 572
space 528
pulse 578
space 522
pulse 574
space 534
pulse 562
space 533
pulse 577
space 521
pulse 573
space 527
pulse 578
space 522
pulse 574
space 1645
pulse 569
space 531
pulse 574
space 525
pulse 572
space 528
pulse 577
space 523
pulse 573
space 528
pulse 612
space 489
pulse 573
space 526
pulse 573
space 1644
pulse 576
space 1642
pulse 572
space 528
pulse 578
space 522
pulse 574
space 526
pulse 601
space 499
pulse 576
space 528
pulse 567
space 1647
pulse 578
space 522
pulse 574
space 527
pulse 569
space 537
pulse 600
space 496
pulse 576
space 522
pulse 579
space 522
pulse 573
space 528
pulse 578
space 522
pulse 574
space 526
pulse 570
space 1649
pulse 575
space 525
pulse 571
space 529
pulse 611
space 490
pulse 572
space 527
pulse 585
space 516
pulse 574
space 526
pulse 570
space 531
pulse 576
space 525
pulse 571
space 529
pulse 577
space 527
pulse 569
space 527
pulse 576
space 524
pulse 575
space 525
pulse 570
space 530
pulse 580
space 521
pulse 572
space 536
pulse 570
space 522
pulse 581
space 520
pulse 570
space 530
pulse 575
space 525
pulse 571
space 529
pulse 582
space 519
pulse 573
space 528
pulse 585
space 1633
pulse 574
space 526
pulse 570
space 530
pulse 576
space 526
pulse 569
space 530
pulse 577
space 522
pulse 573
space 527
pulse 569
space 531
pulse 575
space 525
pulse 571
space 536
pulse 570
space 526
pulse 576
space 521
pulse 578
space 522
pulse 574
space 526
pulse 569
space 531
pulse 575
space 525
pulse 571
space 530
pulse 583
space 516
pulse 573
space 1645
pulse 568
space 532
pulse 574
space 526
pulse 570
space 530
pulse 576
space 524
pulse 572
space 1651
# stderr: /dev/lirc1: device cannot measure carrier

# 2026-05-31T16:27:09.728263+00:00  description=71 degrees.
pulse 3076
space 3047
pulse 3088
space 4415
pulse 573
space 1644
pulse 569
space 530
pulse 576
space 1642
pulse 572
space 528
pulse 578
space 522
pulse 574
space 1644
pulse 570
space 1647
pulse 577
space 523
pulse 573
space 527
pulse 569
space 1649
pulse 576
space 524
pulse 572
space 1646
pulse 568
space 532
pulse 575
space 525
pulse 571
space 1647
pulse 577
space 522
pulse 574
space 526
pulse 570
space 530
pulse 576
space 523
pulse 575
space 525
pulse 569
space 531
pulse 575
space 525
pulse 571
space 529
pulse 578
space 522
pulse 574
space 526
pulse 570
space 530
pulse 576
space 524
pulse 572
space 528
pulse 579
space 521
pulse 574
space 526
pulse 570
space 530
pulse 576
space 523
pulse 572
space 527
pulse 569
space 1649
pulse 575
space 525
pulse 571
space 529
pulse 581
space 519
pulse 574
space 526
pulse 570
space 530
pulse 576
space 524
pulse 572
space 528
pulse 568
space 1649
pulse 575
space 1642
pulse 574
space 526
pulse 578
space 522
pulse 573
space 526
pulse 570
space 530
pulse 576
space 524
pulse 572
space 1646
pulse 578
space 522
pulse 574
space 526
pulse 571
space 529
pulse 577
space 523
pulse 572
space 527
pulse 569
space 531
pulse 575
space 525
pulse 571
space 530
pulse 576
space 523
pulse 573
space 1645
pulse 574
space 526
pulse 575
space 524
pulse 571
space 528
pulse 578
space 522
pulse 573
space 526
pulse 570
space 530
pulse 576
space 524
pulse 572
space 528
pulse 578
space 522
pulse 581
space 520
pulse 569
space 531
pulse 575
space 525
pulse 571
space 529
pulse 577
space 524
pulse 572
space 528
pulse 578
space 522
pulse 574
space 527
pulse 569
space 531
pulse 575
space 526
pulse 570
space 530
pulse 576
space 524
pulse 572
space 529
pulse 578
space 523
pulse 573
space 1645
pulse 569
space 531
pulse 575
space 525
pulse 571
space 529
pulse 577
space 523
pulse 573
space 1645
pulse 569
space 531
pulse 575
space 525
pulse 571
space 529
pulse 577
space 523
pulse 573
space 527
pulse 569
space 531
pulse 575
space 525
pulse 602
space 498
pulse 578
space 522
pulse 574
space 526
pulse 569
space 531
pulse 576
space 524
pulse 572
space 530
pulse 607
space 491
pulse 573
space 527
# stderr: /dev/lirc1: device cannot measure carrier

# 2026-05-31T16:27:25.032114+00:00  description=off
pulse 3108
space 3013
pulse 3114
space 4388
pulse 600
space 1618
pulse 607
space 493
pulse 603
space 1615
pulse 599
space 501
pulse 605
space 495
pulse 570
space 1648
pulse 607
space 1611
pulse 603
space 497
pulse 601
space 499
pulse 605
space 1613
pulse 601
space 499
pulse 597
space 1621
pulse 572
space 528
pulse 599
space 501
pulse 612
space 488
pulse 601
space 499
pulse 576
space 524
pulse 634
space 466
pulse 599
space 501
pulse 574
space 526
pulse 601
space 500
pulse 575
space 525
pulse 602
space 498
pulse 598
space 502
pulse 607
space 493
pulse 600
space 500
pulse 606
space 494
pulse 602
space 498
pulse 598
space 502
pulse 604
space 496
pulse 600
space 501
pulse 605
space 495
pulse 601
space 499
pulse 600
space 501
pulse 603
space 498
pulse 577
space 521
pulse 606
space 495
pulse 570
space 530
pulse 578
space 522
pulse 603
space 497
pulse 599
space 501
pulse 605
space 1614
pulse 600
space 500
pulse 596
space 504
pulse 602
space 498
pulse 608
space 492
pulse 604
space 496
pulse 600
space 500
pulse 606
space 494
pulse 602
space 498
pulse 577
space 524
pulse 572
space 527
pulse 568
space 532
pulse 574
space 526
pulse 570
space 530
pulse 597
space 503
pulse 603
space 497
pulse 599
space 501
pulse 605
space 1614
pulse 569
space 530
pulse 597
space 503
pulse 603
space 497
pulse 599
space 502
pulse 605
space 495
pulse 600
space 500
pulse 606
space 493
pulse 602
space 498
pulse 598
space 507
pulse 569
space 527
pulse 569
space 531
pulse 575
space 525
pulse 602
space 498
pulse 597
space 503
pulse 603
space 497
pulse 599
space 501
pulse 574
space 526
pulse 570
space 531
pulse 575
space 524
pulse 603
space 498
pulse 598
space 502
pulse 573
space 527
pulse 600
space 500
pulse 606
space 1612
pulse 602
space 499
pulse 597
space 504
pulse 603
space 497
pulse 599
space 501
pulse 605
space 1614
pulse 569
space 531
pulse 576
space 525
pulse 571
space 529
pulse 577
space 523
pulse 573
space 527
pulse 569
space 531
pulse 575
space 525
pulse 570
space 530
pulse 597
space 503
pulse 603
space 497
pulse 578
space 522
pulse 574
space 526
pulse 600
space 500
pulse 607
space 1612
pulse 571
space 529
pulse 577
space 1641
pulse 604
space 496
pulse 599
space 1619
pulse 575
space 1643
pulse 571
# stderr: /dev/lirc1: device cannot measure carrier

